-- Catapult University Version: Report                                              
-- ---------------------------- ---------------------------------------------------
-- Version:                     2011a.126 Production Release                        
-- Build Date:                  Wed Aug  8 00:52:07 PDT 2012                        
                                                                                    
-- Generated by:                DM2515@EEWS104A-010                                 
-- Generated date:              Fri May 06 16:55:42 +0100 2016                      

Solution Settings: red_detect.v17
  Current state: extract
  Project: Red_Detect
  
  Design Input Files Specified
    $PROJECT_HOME/red_detect.cpp
      $MGC_HOME/shared/include/ac_int.h
  
  Processes/Blocks in Design
    Process          Real Operation(s) count Latency Throughput Reset Length II Comments 
    ---------------- ----------------------- ------- ---------- ------------ -- --------
    /red_detect/core                      18       1          1            0  1          
    Design Total:                         18       1          1            0  1          
    
  Bill Of Materials (Datapath)
    Component Name                          Area Score Area(LUTs) Delay Post Alloc Post Assign 
    --------------------------------------- ---------- ---------- ----- ---------- -----------
    [Lib: mgc_Altera-Cyclone-III-6_beh_psr]                                                    
    mgc_add(11,0,9,1,11)                        12.000     12.000 1.372          2           2 
    mgc_add(9,0,5,1,10)                         10.000     10.000 1.079          2           2 
    mgc_and(1,3)                                 1.054      1.054 0.416          0           1 
    mgc_and(1,8)                                 2.678      2.678 0.788          0           1 
    mgc_nor(1,6)                                 2.028      2.028 0.679          0           1 
    mgc_nor(1,8)                                 2.678      2.678 0.788          0           1 
    mgc_not(1)                                   0.000      0.000 0.000          0           1 
    mgc_not(10)                                  0.000      0.000 0.000          0           2 
    mgc_reg_pos(1,1,0,0,0,1,1)                   0.000      0.000 0.000          0           3 
    mgc_reg_pos(30,1,0,0,0,1,1)                  0.000      0.000 0.000          0           1 
    [Lib: mgc_ioport]                                                                          
    mgc_in_wire(1,20)                            0.000      0.000 0.000          1           1 
    mgc_in_wire(2,30)                            0.000      0.000 0.000          1           1 
    mgc_out_stdreg(3,30)                         0.000      0.000 0.000          1           1 
    mgc_out_stdreg(4,1)                          0.000      0.000 0.000          1           1 
    mgc_out_stdreg(5,1)                          0.000      0.000 0.000          1           1 
    mgc_out_stdreg(6,1)                          0.000      0.000 0.000          1           1 
                                                                                               
    TOTAL AREA (After Assignment):              52.438     52.000                              
    
  Area Scores
                      Post-Scheduling Post-DP & FSM Post-Assignment 
    ----------------- --------------- ------------- ---------------
    Total Area Score:     44.0          52.1            52.4        
    Total Reg:             0.0           0.0             0.0        
                                                                    
    DataPath:             44.0 (100%)   52.1 (100%)     52.4 (100%) 
      MUX:                 0.0           0.0             0.0        
      FUNC:               44.0 (100%)   44.0  (84%)     44.0  (84%) 
      LOGIC:               0.0           8.1  (16%)      8.4  (16%) 
      BUFFER:              0.0           0.0             0.0        
      MEM:                 0.0           0.0             0.0        
      ROM:                 0.0           0.0             0.0        
      REG:                 0.0           0.0             0.0        
                                                                    
    
    FSM:                   0.0           0.0             0.0        
      FSM-REG:             0.0           0.0             0.0        
      FSM-COMB:            0.0           0.0             0.0        
                                                                    
    
  Register-to-Variable Mappings
    Register                       Size(bits) Gated Register CG Opt Done Variables                                             
    ------------------------------ ---------- -------------- ----------- -----------------------------------------------------
    video_out:rsc:mgc_out_stdreg.d         30         Y                  video_out:rsc:mgc_out_stdreg.d                        
    endRow:rsc:mgc_out_stdreg.d             1         Y                  endRow:rsc:mgc_out_stdreg.d                           
    endScreen:rsc:mgc_out_stdreg.d          1         Y                  endScreen:rsc:mgc_out_stdreg.d                        
    redOut:rsc:mgc_out_stdreg.d             1         Y                  redOut:rsc:mgc_out_stdreg.d                           
                                                                                                                               
    Total:                                 33             33           0 (Total Gating Ratio: 1.00, CG Opt Gating Ratio: 0.00) 
    
  Timing Report
    Critical Path
      Max Delay:  1.787949
      Slack:      18.212051
      
      Path                                                    Startpoint                                 Endpoint                                            Delay  Slack   
      ------------------------------------------------------- ------------------------------------------ --------------------------------------------------- ------ -------
      1                                                       red_detect:core/video_in:rsc:mgc_in_wire.d red_detect:core/reg(redOut:rsc:mgc_out_stdreg.d)    1.7879 18.2121 
                                                                                                                                                                            
        Instance                                              Component                                                                                      Delta  Delay   
        --------                                              ---------                                                                                      -----  -----   
        red_detect:core/video_in:rsc:mgc_in_wire.d                                                                                                           0.0000 0.0000  
        red_detect:core/slc(video_in:rsc:mgc_in_wire.d)#2                                                                                                    0.0000 0.0000  
        red_detect:core/slc(video_in:rsc:mgc_in_wire.d)#2.itm                                                                                                0.0000 0.0000  
        red_detect:core/not                                   mgc_not_10                                                                                     0.0000 0.0000  
        red_detect:core/not.itm                                                                                                                              0.0000 0.0000  
        red_detect:core/conc#26                                                                                                                              0.0000 0.0000  
        red_detect:core/conc#26.itm                                                                                                                          0.0000 0.0000  
        red_detect:core/acc                                   mgc_add_11_0_9_1_11                                                                            1.3719 1.3719  
        red_detect:core/acc.itm                                                                                                                              0.0000 1.3719  
        red_detect:core/slc                                                                                                                                  0.0000 1.3719  
        red_detect:core/slc.itm                                                                                                                              0.0000 1.3719  
        red_detect:core/if:and#1                              mgc_and_1_3                                                                                    0.4161 1.7879  
        red_detect:core/if:and#1.itm                                                                                                                         0.0000 1.7879  
        red_detect:core/reg(redOut:rsc:mgc_out_stdreg.d)      mgc_reg_pos_1_1_0_0_0_1_1                                                                      0.0000 1.7879  
                                                                                                                                                                            
      2                                                       red_detect:core/vga_xy:rsc:mgc_in_wire.d   red_detect:core/reg(endScreen:rsc:mgc_out_stdreg.d) 1.5751 18.4249 
                                                                                                                                                                            
        Instance                                              Component                                                                                      Delta  Delay   
        --------                                              ---------                                                                                      -----  -----   
        red_detect:core/vga_xy:rsc:mgc_in_wire.d                                                                                                             0.0000 0.0000  
        red_detect:core/slc(vga_xy:rsc:mgc_in_wire.d)#12                                                                                                     0.0000 0.0000  
        red_detect:core/slc(vga_xy:rsc:mgc_in_wire.d)#12.itm                                                                                                 0.0000 0.0000  
        red_detect:core/if#2:nor                              mgc_nor_1_8                                                                                    0.7875 0.7875  
        red_detect:core/if#2:nor.itm                                                                                                                         0.0000 0.7875  
        red_detect:core/aif#3:and                             mgc_and_1_8                                                                                    0.7875 1.5751  
        red_detect:core/aif#3:and.itm                                                                                                                        0.0000 1.5751  
        red_detect:core/reg(endScreen:rsc:mgc_out_stdreg.d)   mgc_reg_pos_1_1_0_0_0_1_1                                                                      0.0000 1.5751  
                                                                                                                                                                            
      3                                                       red_detect:core/vga_xy:rsc:mgc_in_wire.d   red_detect:core/reg(endScreen:rsc:mgc_out_stdreg.d) 1.5751 18.4249 
                                                                                                                                                                            
        Instance                                              Component                                                                                      Delta  Delay   
        --------                                              ---------                                                                                      -----  -----   
        red_detect:core/vga_xy:rsc:mgc_in_wire.d                                                                                                             0.0000 0.0000  
        red_detect:core/slc(vga_xy:rsc:mgc_in_wire.d)#13                                                                                                     0.0000 0.0000  
        red_detect:core/slc(vga_xy:rsc:mgc_in_wire.d)#13.itm                                                                                                 0.0000 0.0000  
        red_detect:core/if#2:nor                              mgc_nor_1_8                                                                                    0.7875 0.7875  
        red_detect:core/if#2:nor.itm                                                                                                                         0.0000 0.7875  
        red_detect:core/aif#3:and                             mgc_and_1_8                                                                                    0.7875 1.5751  
        red_detect:core/aif#3:and.itm                                                                                                                        0.0000 1.5751  
        red_detect:core/reg(endScreen:rsc:mgc_out_stdreg.d)   mgc_reg_pos_1_1_0_0_0_1_1                                                                      0.0000 1.5751  
                                                                                                                                                                            
      4                                                       red_detect:core/vga_xy:rsc:mgc_in_wire.d   red_detect:core/reg(endScreen:rsc:mgc_out_stdreg.d) 1.5751 18.4249 
                                                                                                                                                                            
        Instance                                              Component                                                                                      Delta  Delay   
        --------                                              ---------                                                                                      -----  -----   
        red_detect:core/vga_xy:rsc:mgc_in_wire.d                                                                                                             0.0000 0.0000  
        red_detect:core/slc(vga_xy:rsc:mgc_in_wire.d)#14                                                                                                     0.0000 0.0000  
        red_detect:core/slc(vga_xy:rsc:mgc_in_wire.d)#14.itm                                                                                                 0.0000 0.0000  
        red_detect:core/if#2:nor                              mgc_nor_1_8                                                                                    0.7875 0.7875  
        red_detect:core/if#2:nor.itm                                                                                                                         0.0000 0.7875  
        red_detect:core/aif#3:and                             mgc_and_1_8                                                                                    0.7875 1.5751  
        red_detect:core/aif#3:and.itm                                                                                                                        0.0000 1.5751  
        red_detect:core/reg(endScreen:rsc:mgc_out_stdreg.d)   mgc_reg_pos_1_1_0_0_0_1_1                                                                      0.0000 1.5751  
                                                                                                                                                                            
      5                                                       red_detect:core/vga_xy:rsc:mgc_in_wire.d   red_detect:core/reg(endScreen:rsc:mgc_out_stdreg.d) 1.5751 18.4249 
                                                                                                                                                                            
        Instance                                              Component                                                                                      Delta  Delay   
        --------                                              ---------                                                                                      -----  -----   
        red_detect:core/vga_xy:rsc:mgc_in_wire.d                                                                                                             0.0000 0.0000  
        red_detect:core/slc(vga_xy:rsc:mgc_in_wire.d)#16                                                                                                     0.0000 0.0000  
        red_detect:core/slc(vga_xy:rsc:mgc_in_wire.d)#16.itm                                                                                                 0.0000 0.0000  
        red_detect:core/if#2:nor                              mgc_nor_1_8                                                                                    0.7875 0.7875  
        red_detect:core/if#2:nor.itm                                                                                                                         0.0000 0.7875  
        red_detect:core/aif#3:and                             mgc_and_1_8                                                                                    0.7875 1.5751  
        red_detect:core/aif#3:and.itm                                                                                                                        0.0000 1.5751  
        red_detect:core/reg(endScreen:rsc:mgc_out_stdreg.d)   mgc_reg_pos_1_1_0_0_0_1_1                                                                      0.0000 1.5751  
                                                                                                                                                                            
      6                                                       red_detect:core/vga_xy:rsc:mgc_in_wire.d   red_detect:core/reg(endScreen:rsc:mgc_out_stdreg.d) 1.5751 18.4249 
                                                                                                                                                                            
        Instance                                              Component                                                                                      Delta  Delay   
        --------                                              ---------                                                                                      -----  -----   
        red_detect:core/vga_xy:rsc:mgc_in_wire.d                                                                                                             0.0000 0.0000  
        red_detect:core/slc(vga_xy:rsc:mgc_in_wire.d)#17                                                                                                     0.0000 0.0000  
        red_detect:core/slc(vga_xy:rsc:mgc_in_wire.d)#17.itm                                                                                                 0.0000 0.0000  
        red_detect:core/if#2:nor                              mgc_nor_1_8                                                                                    0.7875 0.7875  
        red_detect:core/if#2:nor.itm                                                                                                                         0.0000 0.7875  
        red_detect:core/aif#3:and                             mgc_and_1_8                                                                                    0.7875 1.5751  
        red_detect:core/aif#3:and.itm                                                                                                                        0.0000 1.5751  
        red_detect:core/reg(endScreen:rsc:mgc_out_stdreg.d)   mgc_reg_pos_1_1_0_0_0_1_1                                                                      0.0000 1.5751  
                                                                                                                                                                            
      7                                                       red_detect:core/vga_xy:rsc:mgc_in_wire.d   red_detect:core/reg(endScreen:rsc:mgc_out_stdreg.d) 1.5751 18.4249 
                                                                                                                                                                            
        Instance                                              Component                                                                                      Delta  Delay   
        --------                                              ---------                                                                                      -----  -----   
        red_detect:core/vga_xy:rsc:mgc_in_wire.d                                                                                                             0.0000 0.0000  
        red_detect:core/slc(vga_xy:rsc:mgc_in_wire.d)#15                                                                                                     0.0000 0.0000  
        red_detect:core/slc(vga_xy:rsc:mgc_in_wire.d)#15.itm                                                                                                 0.0000 0.0000  
        red_detect:core/if#2:nor                              mgc_nor_1_8                                                                                    0.7875 0.7875  
        red_detect:core/if#2:nor.itm                                                                                                                         0.0000 0.7875  
        red_detect:core/aif#3:and                             mgc_and_1_8                                                                                    0.7875 1.5751  
        red_detect:core/aif#3:and.itm                                                                                                                        0.0000 1.5751  
        red_detect:core/reg(endScreen:rsc:mgc_out_stdreg.d)   mgc_reg_pos_1_1_0_0_0_1_1                                                                      0.0000 1.5751  
                                                                                                                                                                            
      8                                                       red_detect:core/vga_xy:rsc:mgc_in_wire.d   red_detect:core/reg(endScreen:rsc:mgc_out_stdreg.d) 1.5751 18.4249 
                                                                                                                                                                            
        Instance                                              Component                                                                                      Delta  Delay   
        --------                                              ---------                                                                                      -----  -----   
        red_detect:core/vga_xy:rsc:mgc_in_wire.d                                                                                                             0.0000 0.0000  
        red_detect:core/slc(vga_xy:rsc:mgc_in_wire.d)#18                                                                                                     0.0000 0.0000  
        red_detect:core/slc(vga_xy:rsc:mgc_in_wire.d)#18.itm                                                                                                 0.0000 0.0000  
        red_detect:core/if#2:nor                              mgc_nor_1_8                                                                                    0.7875 0.7875  
        red_detect:core/if#2:nor.itm                                                                                                                         0.0000 0.7875  
        red_detect:core/aif#3:and                             mgc_and_1_8                                                                                    0.7875 1.5751  
        red_detect:core/aif#3:and.itm                                                                                                                        0.0000 1.5751  
        red_detect:core/reg(endScreen:rsc:mgc_out_stdreg.d)   mgc_reg_pos_1_1_0_0_0_1_1                                                                      0.0000 1.5751  
                                                                                                                                                                            
      9                                                       red_detect:core/vga_xy:rsc:mgc_in_wire.d   red_detect:core/reg(endScreen:rsc:mgc_out_stdreg.d) 1.5751 18.4249 
                                                                                                                                                                            
        Instance                                              Component                                                                                      Delta  Delay   
        --------                                              ---------                                                                                      -----  -----   
        red_detect:core/vga_xy:rsc:mgc_in_wire.d                                                                                                             0.0000 0.0000  
        red_detect:core/slc(vga_xy:rsc:mgc_in_wire.d)#19                                                                                                     0.0000 0.0000  
        red_detect:core/slc(vga_xy:rsc:mgc_in_wire.d)#19.itm                                                                                                 0.0000 0.0000  
        red_detect:core/if#2:nor                              mgc_nor_1_8                                                                                    0.7875 0.7875  
        red_detect:core/if#2:nor.itm                                                                                                                         0.0000 0.7875  
        red_detect:core/aif#3:and                             mgc_and_1_8                                                                                    0.7875 1.5751  
        red_detect:core/aif#3:and.itm                                                                                                                        0.0000 1.5751  
        red_detect:core/reg(endScreen:rsc:mgc_out_stdreg.d)   mgc_reg_pos_1_1_0_0_0_1_1                                                                      0.0000 1.5751  
                                                                                                                                                                            
      10                                                      red_detect:core/video_in:rsc:mgc_in_wire.d red_detect:core/reg(redOut:rsc:mgc_out_stdreg.d)    1.4947 18.5053 
                                                                                                                                                                            
        Instance                                              Component                                                                                      Delta  Delay   
        --------                                              ---------                                                                                      -----  -----   
        red_detect:core/video_in:rsc:mgc_in_wire.d                                                                                                           0.0000 0.0000  
        red_detect:core/slc(video_in:rsc:mgc_in_wire.d)#1                                                                                                    0.0000 0.0000  
        red_detect:core/slc(video_in:rsc:mgc_in_wire.d)#1.itm                                                                                                0.0000 0.0000  
        red_detect:core/if:acc                                mgc_add_9_0_5_1_10                                                                             1.0786 1.0786  
        red_detect:core/if:acc.itm                                                                                                                           0.0000 1.0786  
        red_detect:core/aif:slc                                                                                                                              0.0000 1.0786  
        red_detect:core/aif:slc.itm                                                                                                                          0.0000 1.0786  
        red_detect:core/if:and#1                              mgc_and_1_3                                                                                    0.4161 1.4947  
        red_detect:core/if:and#1.itm                                                                                                                         0.0000 1.4947  
        red_detect:core/reg(redOut:rsc:mgc_out_stdreg.d)      mgc_reg_pos_1_1_0_0_0_1_1                                                                      0.0000 1.4947  
                                                                                                                                                                            
      
    Register Input and Register-to-Output Slack
      Clock period or pin-to-reg delay constraint (clk): 20.0
      Clock uncertainty constraint (clk)               : 0.0
      
      Instance                                            Port                         Slack (Delay) Messages 
      --------------------------------------------------- -------------------------- ------- ------- --------
      red_detect:core/reg(endScreen:rsc:mgc_out_stdreg.d) aif#3:and.itm              18.4249  1.5751          
      red_detect:core/reg(endRow:rsc:mgc_out_stdreg.d)    not#3.itm                  18.6281  1.3719          
      red_detect:core/reg(redOut:rsc:mgc_out_stdreg.d)    if:and#1.itm               18.2121  1.7879          
      red_detect:core/reg(video_out:rsc:mgc_out_stdreg.d) video_in:rsc:mgc_in_wire.d 18.2121  1.7879          
      red_detect                                          video_out:rsc.z            20.0000  0.0000          
      red_detect                                          redOut:rsc.z               20.0000  0.0000          
      red_detect                                          endRow:rsc.z               20.0000  0.0000          
      red_detect                                          endScreen:rsc.z            20.0000  0.0000          
      
  Operator Bitwidth Summary
    Operation  Size (bits) Count 
    ---------- ----------- -----
    add                          
    -                   11     2 
    -                   10     2 
    and                          
    -                    8     1 
    -                    3     1 
    nor                          
    -                    8     1 
    -                    6     1 
    not                          
    -                   10     2 
    -                    1     1 
    read_port                    
    -                   30     1 
    -                   20     1 
    reg                          
    -                   30     1 
    -                    1     3 
    write_port                   
    -                   30     1 
    -                    1     3 
    
  End of Report
