-- Catapult University Version: Report                                              
-- ---------------------------- ---------------------------------------------------
-- Version:                     2011a.126 Production Release                        
-- Build Date:                  Wed Aug  8 00:52:07 PDT 2012                        
                                                                                    
-- Generated by:                ymh15@EEWS104A-007                                  
-- Generated date:              Thu May 12 13:30:12 +0100 2016                      

Solution Settings: rectangle_detect.v1
  Current state: extract
  Project: rectangle_detect
  
  Design Input Files Specified
    $PROJECT_HOME/rectangle_detect.c
      $MGC_HOME/shared/include/ac_int.h
  
  Processes/Blocks in Design
    Process                Real Operation(s) count Latency Throughput Reset Length II Comments 
    ---------------------- ----------------------- ------- ---------- ------------ -- --------
    /rectangle_detect/core                      54       2          3            0  0          
    Design Total:                               54       2          3            0  0          
    
  Bill Of Materials (Datapath)
    Component Name                          Area Score Area(LUTs) Delay Post Alloc Post Assign 
    --------------------------------------- ---------- ---------- ----- ---------- -----------
    [Lib: mgc_Altera-Cyclone-III-6_beh_psr]                                                    
    mgc_add(10,0,10,0,11)                       11.241     11.241 1.301          3           3 
    mgc_add(11,0,11,0,11)                       12.233     12.233 1.368          0           2 
    mgc_add(11,0,11,0,12)                       12.233     12.233 1.368          2           1 
    mgc_add(11,0,11,1,12)                       12.000     12.000 1.206          5           4 
    mgc_add(12,0,12,0,12)                       13.224     13.224 1.434          5           3 
    mgc_add(28,1,6,1,29)                        29.000     29.000 2.287          1           1 
    mgc_add(32,0,2,1,32)                        33.000     33.000 2.701          1           1 
    mgc_and(1,2)                                 0.730      0.730 0.263          0           4 
    mgc_and(1,4)                                 1.379      1.379 0.525          0           1 
    mgc_and(32,2)                               23.355     23.355 0.263          1           1 
    mgc_mux(1,1,2)                               0.919      0.919 0.369          0           4 
    mgc_mux(10,1,2)                              9.194      9.194 0.369          3           3 
    mgc_mux(28,1,2)                             25.744     25.744 0.369          0           1 
    mgc_mux(30,1,2)                             27.583     27.583 0.369          0           1 
    mgc_mux(32,1,2)                             29.422     29.422 0.369          1           0 
    mgc_mux1hot(32,3)                           70.068     70.068 0.773          0           1 
    mgc_nand(1,2)                                0.730      0.730 0.268          0           2 
    mgc_nor(1,2)                                 0.730      0.730 0.263          0           1 
    mgc_not(1)                                   0.000      0.000 0.000          0           7 
    mgc_not(10)                                  0.000      0.000 0.000          0          10 
    mgc_not(28)                                  0.000      0.000 0.000          0           1 
    mgc_or(1,2)                                  0.730      0.730 0.268          0           2 
    mgc_reg_pos(1,1,0,0,0,1,1)                   0.000      0.000 0.000          0           6 
    mgc_reg_pos(30,1,0,0,0,1,1)                  0.000      0.000 0.000          0           1 
    mgc_reg_pos(32,1,0,0,0,1,1)                  0.000      0.000 0.000          0           2 
    [Lib: mgc_ioport]                                                                          
    mgc_in_wire(1,20)                            0.000      0.000 0.000          1           1 
    mgc_in_wire(2,30)                            0.000      0.000 0.000          1           1 
    mgc_in_wire(3,10)                            0.000      0.000 0.000          1           1 
    mgc_in_wire(4,10)                            0.000      0.000 0.000          1           1 
    mgc_in_wire(5,10)                            0.000      0.000 0.000          1           1 
    mgc_in_wire(6,10)                            0.000      0.000 0.000          1           1 
    mgc_in_wire(9,1)                             0.000      0.000 0.000          1           1 
    mgc_out_stdreg(7,30)                         0.000      0.000 0.000          1           1 
    mgc_out_stdreg(8,1)                          0.000      0.000 0.000          1           1 
                                                                                               
    TOTAL AREA (After Assignment):             406.050    406.000                              
    
  Area Scores
                      Post-Scheduling  Post-DP & FSM Post-Assignment 
    ----------------- --------------- -------------- ---------------
    Total Area Score:    326.7          405.7           406.1        
    Total Reg:             0.0            0.0             0.0        
                                                                     
    DataPath:            326.7 (100%)   405.7 (100%)    406.0 (100%) 
      MUX:                57.0  (17%)   154.7  (38%)    154.7  (38%) 
      FUNC:              246.3  (75%)   220.1  (54%)    220.1  (54%) 
      LOGIC:              23.4   (7%)    31.0   (8%)     31.3   (8%) 
      BUFFER:              0.0            0.0             0.0        
      MEM:                 0.0            0.0             0.0        
      ROM:                 0.0            0.0             0.0        
      REG:                 0.0            0.0             0.0        
                                                                     
    
    FSM:                   0.0            0.0             0.0   (0%) 
      FSM-REG:             0.0            0.0             0.0        
      FSM-COMB:            0.0            0.0             0.0 (100%) 
                                                                     
    
  Register-to-Variable Mappings
    Register                       Size(bits) Gated Register CG Opt Done Variables                                             
    ------------------------------ ---------- -------------- ----------- -----------------------------------------------------
    counter.sva                            32         Y                  counter.sva                                           
    counter.sva.dfm                        32         Y                  counter.sva.dfm                                       
    video_out:rsc:mgc_out_stdreg.d         30         Y                  video_out:rsc:mgc_out_stdreg.d                        
    aif#1:slc.svs                           1         Y                  aif#1:slc.svs                                         
    and#2.itm                               1         Y                  and#2.itm                                             
    filled:rsc:mgc_out_stdreg.d             1         Y                  filled:rsc:mgc_out_stdreg.d                           
    if#4:acc.cse.sg1                        1         Y                  if#4:acc.cse.sg1                                      
    went_through#1.sva                      1         Y                  went_through#1.sva                                    
    went_through#1.sva.dfm                  1         Y                  went_through#1.sva.dfm                                
                                                                                                                               
    Total:                                100            100           0 (Total Gating Ratio: 1.00, CG Opt Gating Ratio: 0.00) 
    
  Timing Report
    Critical Path
      Max Delay:  6.256937999999999
      Slack:      13.743062000000002
      
      Path                                                        Startpoint                                         Endpoint                                                  Delay  Slack   
      ----------------------------------------------------------- -------------------------------------------------- --------------------------------------------------------- ------ -------
      1                                                           rectangle_detect:core/reg(counter.sva.dfm)         rectangle_detect:core/reg(filled:rsc:mgc_out_stdreg.d)    6.2569 13.7431 
                                                                                                                                                                                              
        Instance                                                  Component                                                                                                    Delta  Delay   
        --------                                                  ---------                                                                                                    -----  -----   
        rectangle_detect:core/reg(counter.sva.dfm)                mgc_reg_pos_32_1_0_0_0_1_1                                                                                   0.0000 0.0000  
        rectangle_detect:core/counter.sva.dfm                                                                                                                                  0.0000 0.0000  
        rectangle_detect:core/if#1:if:acc                         mgc_add_32_0_2_1_32                                                                                          2.7012 2.7012  
        rectangle_detect:core/counter.sva#2                                                                                                                                    0.0000 2.7012  
        rectangle_detect:core/slc(counter.sva#2)                                                                                                                               0.0000 2.7012  
        rectangle_detect:core/slc(counter.sva#2).itm                                                                                                                           0.0000 2.7012  
        rectangle_detect:core/mux#9                               mgc_mux_28_1_2                                                                                               0.3690 3.0701  
        rectangle_detect:core/mux#9.itm                                                                                                                                        0.0000 3.0701  
        rectangle_detect:core/not#1                               mgc_not_28                                                                                                   0.0000 3.0701  
        rectangle_detect:core/not#1.itm                                                                                                                                        0.0000 3.0701  
        rectangle_detect:core/if#3:acc                            mgc_add_28_1_6_1_29                                                                                          2.2874 5.3576  
        rectangle_detect:core/if#3:acc.itm                                                                                                                                     0.0000 5.3576  
        rectangle_detect:core/slc#1                                                                                                                                            0.0000 5.3576  
        rectangle_detect:core/slc#1.itm                                                                                                                                        0.0000 5.3576  
        rectangle_detect:core/if#3:nand                           mgc_nand_1_2                                                                                                 0.2679 5.6255  
        rectangle_detect:core/if#3:nand.itm                                                                                                                                    0.0000 5.6255  
        rectangle_detect:core/if#3:nor                            mgc_nor_1_2                                                                                                  0.2625 5.8880  
        rectangle_detect:core/if#3:nor.itm                                                                                                                                     0.0000 5.8880  
        rectangle_detect:core/mux#7                               mgc_mux_1_1_2                                                                                                0.3690 6.2569  
        rectangle_detect:core/mux#7.itm                                                                                                                                        0.0000 6.2569  
        rectangle_detect:core/reg(filled:rsc:mgc_out_stdreg.d)    mgc_reg_pos_1_1_0_0_0_1_1                                                                                    0.0000 6.2569  
                                                                                                                                                                                              
      2                                                           rectangle_detect:core/x_top_left:rsc:mgc_in_wire.d rectangle_detect:core/reg(video_out:rsc:mgc_out_stdreg.d) 5.7756 14.2244 
                                                                                                                                                                                              
        Instance                                                  Component                                                                                                    Delta  Delay   
        --------                                                  ---------                                                                                                    -----  -----   
        rectangle_detect:core/x_top_left:rsc:mgc_in_wire.d                                                                                                                     0.0000 0.0000  
        rectangle_detect:core/if#1:not#1                          mgc_not_10                                                                                                   0.0000 0.0000  
        rectangle_detect:core/if#1:not#1.itm                                                                                                                                   0.0000 0.0000  
        rectangle_detect:core/if#1:acc#3                          mgc_add_10_0_10_0_11                                                                                         1.3014 1.3014  
        rectangle_detect:core/if#1:acc#3.itm                                                                                                                                   0.0000 1.3014  
        rectangle_detect:core/if#1:acc#8                          mgc_add_11_0_11_1_12                                                                                         1.2059 2.5074  
        rectangle_detect:core/if#1:acc#8.itm                                                                                                                                   0.0000 2.5074  
        rectangle_detect:core/if#1:slc(if#1:acc.sdt)                                                                                                                           0.0000 2.5074  
        rectangle_detect:core/if#1:slc(if#1:acc.sdt).itm                                                                                                                       0.0000 2.5074  
        rectangle_detect:core/if#1:acc                            mgc_add_11_0_11_0_11                                                                                         1.3684 3.8758  
        rectangle_detect:core/if#1:acc.itm                                                                                                                                     0.0000 3.8758  
        rectangle_detect:core/slc#30                                                                                                                                           0.0000 3.8758  
        rectangle_detect:core/slc#30.itm                                                                                                                                       0.0000 3.8758  
        rectangle_detect:core/nand                                mgc_nand_1_2                                                                                                 0.2679 4.1437  
        rectangle_detect:core/or.dcpl                                                                                                                                          0.0000 4.1437  
        rectangle_detect:core/mux                                 mgc_mux_1_1_2                                                                                                0.3690 4.5126  
        rectangle_detect:core/mux.itm                                                                                                                                          0.0000 4.5126  
        rectangle_detect:core/if#1:and#2                          mgc_and_1_4                                                                                                  0.5250 5.0376  
        rectangle_detect:core/land.lpi#1.dfm                                                                                                                                   0.0000 5.0376  
        rectangle_detect:core/mux#3                               mgc_mux_10_1_2                                                                                               0.3690 5.4066  
        rectangle_detect:core/mux#3.itm                                                                                                                                        0.0000 5.4066  
        rectangle_detect:core/conc#5                                                                                                                                           0.0000 5.4066  
        rectangle_detect:core/conc#5.itm                                                                                                                                       0.0000 5.4066  
        rectangle_detect:core/mux#6                               mgc_mux_30_1_2                                                                                               0.3690 5.7756  
        rectangle_detect:core/mux#6.itm                                                                                                                                        0.0000 5.7756  
        rectangle_detect:core/reg(video_out:rsc:mgc_out_stdreg.d) mgc_reg_pos_30_1_0_0_0_1_1                                                                                   0.0000 5.7756  
                                                                                                                                                                                              
      3                                                           rectangle_detect:core/x_top_left:rsc:mgc_in_wire.d rectangle_detect:core/reg(video_out:rsc:mgc_out_stdreg.d) 5.7756 14.2244 
                                                                                                                                                                                              
        Instance                                                  Component                                                                                                    Delta  Delay   
        --------                                                  ---------                                                                                                    -----  -----   
        rectangle_detect:core/x_top_left:rsc:mgc_in_wire.d                                                                                                                     0.0000 0.0000  
        rectangle_detect:core/if#1:not#1                          mgc_not_10                                                                                                   0.0000 0.0000  
        rectangle_detect:core/if#1:not#1.itm                                                                                                                                   0.0000 0.0000  
        rectangle_detect:core/if#1:acc#3                          mgc_add_10_0_10_0_11                                                                                         1.3014 1.3014  
        rectangle_detect:core/if#1:acc#3.itm                                                                                                                                   0.0000 1.3014  
        rectangle_detect:core/if#1:acc#8                          mgc_add_11_0_11_1_12                                                                                         1.2059 2.5074  
        rectangle_detect:core/if#1:acc#8.itm                                                                                                                                   0.0000 2.5074  
        rectangle_detect:core/if#1:slc(if#1:acc.sdt)                                                                                                                           0.0000 2.5074  
        rectangle_detect:core/if#1:slc(if#1:acc.sdt).itm                                                                                                                       0.0000 2.5074  
        rectangle_detect:core/if#1:acc                            mgc_add_11_0_11_0_11                                                                                         1.3684 3.8758  
        rectangle_detect:core/if#1:acc.itm                                                                                                                                     0.0000 3.8758  
        rectangle_detect:core/slc#30                                                                                                                                           0.0000 3.8758  
        rectangle_detect:core/slc#30.itm                                                                                                                                       0.0000 3.8758  
        rectangle_detect:core/nand                                mgc_nand_1_2                                                                                                 0.2679 4.1437  
        rectangle_detect:core/or.dcpl                                                                                                                                          0.0000 4.1437  
        rectangle_detect:core/mux                                 mgc_mux_1_1_2                                                                                                0.3690 4.5126  
        rectangle_detect:core/mux.itm                                                                                                                                          0.0000 4.5126  
        rectangle_detect:core/if#1:and#2                          mgc_and_1_4                                                                                                  0.5250 5.0376  
        rectangle_detect:core/land.lpi#1.dfm                                                                                                                                   0.0000 5.0376  
        rectangle_detect:core/mux#4                               mgc_mux_10_1_2                                                                                               0.3690 5.4066  
        rectangle_detect:core/mux#4.itm                                                                                                                                        0.0000 5.4066  
        rectangle_detect:core/conc#5                                                                                                                                           0.0000 5.4066  
        rectangle_detect:core/conc#5.itm                                                                                                                                       0.0000 5.4066  
        rectangle_detect:core/mux#6                               mgc_mux_30_1_2                                                                                               0.3690 5.7756  
        rectangle_detect:core/mux#6.itm                                                                                                                                        0.0000 5.7756  
        rectangle_detect:core/reg(video_out:rsc:mgc_out_stdreg.d) mgc_reg_pos_30_1_0_0_0_1_1                                                                                   0.0000 5.7756  
                                                                                                                                                                                              
      4                                                           rectangle_detect:core/width:rsc:mgc_in_wire.d      rectangle_detect:core/reg(video_out:rsc:mgc_out_stdreg.d) 5.7756 14.2244 
                                                                                                                                                                                              
        Instance                                                  Component                                                                                                    Delta  Delay   
        --------                                                  ---------                                                                                                    -----  -----   
        rectangle_detect:core/width:rsc:mgc_in_wire.d                                                                                                                          0.0000 0.0000  
        rectangle_detect:core/if#1:not#2                          mgc_not_10                                                                                                   0.0000 0.0000  
        rectangle_detect:core/if#1:not#2.itm                                                                                                                                   0.0000 0.0000  
        rectangle_detect:core/if#1:acc#3                          mgc_add_10_0_10_0_11                                                                                         1.3014 1.3014  
        rectangle_detect:core/if#1:acc#3.itm                                                                                                                                   0.0000 1.3014  
        rectangle_detect:core/if#1:acc#8                          mgc_add_11_0_11_1_12                                                                                         1.2059 2.5074  
        rectangle_detect:core/if#1:acc#8.itm                                                                                                                                   0.0000 2.5074  
        rectangle_detect:core/if#1:slc(if#1:acc.sdt)                                                                                                                           0.0000 2.5074  
        rectangle_detect:core/if#1:slc(if#1:acc.sdt).itm                                                                                                                       0.0000 2.5074  
        rectangle_detect:core/if#1:acc                            mgc_add_11_0_11_0_11                                                                                         1.3684 3.8758  
        rectangle_detect:core/if#1:acc.itm                                                                                                                                     0.0000 3.8758  
        rectangle_detect:core/slc#30                                                                                                                                           0.0000 3.8758  
        rectangle_detect:core/slc#30.itm                                                                                                                                       0.0000 3.8758  
        rectangle_detect:core/nand                                mgc_nand_1_2                                                                                                 0.2679 4.1437  
        rectangle_detect:core/or.dcpl                                                                                                                                          0.0000 4.1437  
        rectangle_detect:core/mux                                 mgc_mux_1_1_2                                                                                                0.3690 4.5126  
        rectangle_detect:core/mux.itm                                                                                                                                          0.0000 4.5126  
        rectangle_detect:core/if#1:and#2                          mgc_and_1_4                                                                                                  0.5250 5.0376  
        rectangle_detect:core/land.lpi#1.dfm                                                                                                                                   0.0000 5.0376  
        rectangle_detect:core/mux#4                               mgc_mux_10_1_2                                                                                               0.3690 5.4066  
        rectangle_detect:core/mux#4.itm                                                                                                                                        0.0000 5.4066  
        rectangle_detect:core/conc#5                                                                                                                                           0.0000 5.4066  
        rectangle_detect:core/conc#5.itm                                                                                                                                       0.0000 5.4066  
        rectangle_detect:core/mux#6                               mgc_mux_30_1_2                                                                                               0.3690 5.7756  
        rectangle_detect:core/mux#6.itm                                                                                                                                        0.0000 5.7756  
        rectangle_detect:core/reg(video_out:rsc:mgc_out_stdreg.d) mgc_reg_pos_30_1_0_0_0_1_1                                                                                   0.0000 5.7756  
                                                                                                                                                                                              
      5                                                           rectangle_detect:core/x_top_left:rsc:mgc_in_wire.d rectangle_detect:core/reg(video_out:rsc:mgc_out_stdreg.d) 5.7756 14.2244 
                                                                                                                                                                                              
        Instance                                                  Component                                                                                                    Delta  Delay   
        --------                                                  ---------                                                                                                    -----  -----   
        rectangle_detect:core/x_top_left:rsc:mgc_in_wire.d                                                                                                                     0.0000 0.0000  
        rectangle_detect:core/if#1:not#1                          mgc_not_10                                                                                                   0.0000 0.0000  
        rectangle_detect:core/if#1:not#1.itm                                                                                                                                   0.0000 0.0000  
        rectangle_detect:core/if#1:acc#3                          mgc_add_10_0_10_0_11                                                                                         1.3014 1.3014  
        rectangle_detect:core/if#1:acc#3.itm                                                                                                                                   0.0000 1.3014  
        rectangle_detect:core/if#1:acc#8                          mgc_add_11_0_11_1_12                                                                                         1.2059 2.5074  
        rectangle_detect:core/if#1:acc#8.itm                                                                                                                                   0.0000 2.5074  
        rectangle_detect:core/if#1:slc(if#1:acc.sdt)                                                                                                                           0.0000 2.5074  
        rectangle_detect:core/if#1:slc(if#1:acc.sdt).itm                                                                                                                       0.0000 2.5074  
        rectangle_detect:core/if#1:acc                            mgc_add_11_0_11_0_11                                                                                         1.3684 3.8758  
        rectangle_detect:core/if#1:acc.itm                                                                                                                                     0.0000 3.8758  
        rectangle_detect:core/slc#30                                                                                                                                           0.0000 3.8758  
        rectangle_detect:core/slc#30.itm                                                                                                                                       0.0000 3.8758  
        rectangle_detect:core/nand                                mgc_nand_1_2                                                                                                 0.2679 4.1437  
        rectangle_detect:core/or.dcpl                                                                                                                                          0.0000 4.1437  
        rectangle_detect:core/mux                                 mgc_mux_1_1_2                                                                                                0.3690 4.5126  
        rectangle_detect:core/mux.itm                                                                                                                                          0.0000 4.5126  
        rectangle_detect:core/if#1:and#2                          mgc_and_1_4                                                                                                  0.5250 5.0376  
        rectangle_detect:core/land.lpi#1.dfm                                                                                                                                   0.0000 5.0376  
        rectangle_detect:core/mux#5                               mgc_mux_10_1_2                                                                                               0.3690 5.4066  
        rectangle_detect:core/mux#5.itm                                                                                                                                        0.0000 5.4066  
        rectangle_detect:core/conc#5                                                                                                                                           0.0000 5.4066  
        rectangle_detect:core/conc#5.itm                                                                                                                                       0.0000 5.4066  
        rectangle_detect:core/mux#6                               mgc_mux_30_1_2                                                                                               0.3690 5.7756  
        rectangle_detect:core/mux#6.itm                                                                                                                                        0.0000 5.7756  
        rectangle_detect:core/reg(video_out:rsc:mgc_out_stdreg.d) mgc_reg_pos_30_1_0_0_0_1_1                                                                                   0.0000 5.7756  
                                                                                                                                                                                              
      6                                                           rectangle_detect:core/width:rsc:mgc_in_wire.d      rectangle_detect:core/reg(video_out:rsc:mgc_out_stdreg.d) 5.7756 14.2244 
                                                                                                                                                                                              
        Instance                                                  Component                                                                                                    Delta  Delay   
        --------                                                  ---------                                                                                                    -----  -----   
        rectangle_detect:core/width:rsc:mgc_in_wire.d                                                                                                                          0.0000 0.0000  
        rectangle_detect:core/if#1:not#2                          mgc_not_10                                                                                                   0.0000 0.0000  
        rectangle_detect:core/if#1:not#2.itm                                                                                                                                   0.0000 0.0000  
        rectangle_detect:core/if#1:acc#3                          mgc_add_10_0_10_0_11                                                                                         1.3014 1.3014  
        rectangle_detect:core/if#1:acc#3.itm                                                                                                                                   0.0000 1.3014  
        rectangle_detect:core/if#1:acc#8                          mgc_add_11_0_11_1_12                                                                                         1.2059 2.5074  
        rectangle_detect:core/if#1:acc#8.itm                                                                                                                                   0.0000 2.5074  
        rectangle_detect:core/if#1:slc(if#1:acc.sdt)                                                                                                                           0.0000 2.5074  
        rectangle_detect:core/if#1:slc(if#1:acc.sdt).itm                                                                                                                       0.0000 2.5074  
        rectangle_detect:core/if#1:acc                            mgc_add_11_0_11_0_11                                                                                         1.3684 3.8758  
        rectangle_detect:core/if#1:acc.itm                                                                                                                                     0.0000 3.8758  
        rectangle_detect:core/slc#30                                                                                                                                           0.0000 3.8758  
        rectangle_detect:core/slc#30.itm                                                                                                                                       0.0000 3.8758  
        rectangle_detect:core/nand                                mgc_nand_1_2                                                                                                 0.2679 4.1437  
        rectangle_detect:core/or.dcpl                                                                                                                                          0.0000 4.1437  
        rectangle_detect:core/mux                                 mgc_mux_1_1_2                                                                                                0.3690 4.5126  
        rectangle_detect:core/mux.itm                                                                                                                                          0.0000 4.5126  
        rectangle_detect:core/if#1:and#2                          mgc_and_1_4                                                                                                  0.5250 5.0376  
        rectangle_detect:core/land.lpi#1.dfm                                                                                                                                   0.0000 5.0376  
        rectangle_detect:core/mux#5                               mgc_mux_10_1_2                                                                                               0.3690 5.4066  
        rectangle_detect:core/mux#5.itm                                                                                                                                        0.0000 5.4066  
        rectangle_detect:core/conc#5                                                                                                                                           0.0000 5.4066  
        rectangle_detect:core/conc#5.itm                                                                                                                                       0.0000 5.4066  
        rectangle_detect:core/mux#6                               mgc_mux_30_1_2                                                                                               0.3690 5.7756  
        rectangle_detect:core/mux#6.itm                                                                                                                                        0.0000 5.7756  
        rectangle_detect:core/reg(video_out:rsc:mgc_out_stdreg.d) mgc_reg_pos_30_1_0_0_0_1_1                                                                                   0.0000 5.7756  
                                                                                                                                                                                              
      7                                                           rectangle_detect:core/y_top_left:rsc:mgc_in_wire.d rectangle_detect:core/reg(video_out:rsc:mgc_out_stdreg.d) 5.5077 14.4923 
                                                                                                                                                                                              
        Instance                                                  Component                                                                                                    Delta  Delay   
        --------                                                  ---------                                                                                                    -----  -----   
        rectangle_detect:core/y_top_left:rsc:mgc_in_wire.d                                                                                                                     0.0000 0.0000  
        rectangle_detect:core/if#1:not#3                          mgc_not_10                                                                                                   0.0000 0.0000  
        rectangle_detect:core/if#1:not#3.itm                                                                                                                                   0.0000 0.0000  
        rectangle_detect:core/if#1:acc#5                          mgc_add_10_0_10_0_11                                                                                         1.3014 1.3014  
        rectangle_detect:core/if#1:acc#5.itm                                                                                                                                   0.0000 1.3014  
        rectangle_detect:core/if#1:acc#6                          mgc_add_11_0_11_1_12                                                                                         1.2059 2.5074  
        rectangle_detect:core/if#1:acc#6.itm                                                                                                                                   0.0000 2.5074  
        rectangle_detect:core/if#1:slc(if#1:acc#6.sdt)                                                                                                                         0.0000 2.5074  
        rectangle_detect:core/if#1:slc(if#1:acc#6.sdt).itm                                                                                                                     0.0000 2.5074  
        rectangle_detect:core/if#1:acc#9                          mgc_add_11_0_11_0_11                                                                                         1.3684 3.8758  
        rectangle_detect:core/if#1:acc#9.itm                                                                                                                                   0.0000 3.8758  
        rectangle_detect:core/aif#1:slc                                                                                                                                        0.0000 3.8758  
        rectangle_detect:core/aif#1:slc.svs:mx0w0                                                                                                                              0.0000 3.8758  
        rectangle_detect:core/mux                                 mgc_mux_1_1_2                                                                                                0.3690 4.2447  
        rectangle_detect:core/mux.itm                                                                                                                                          0.0000 4.2447  
        rectangle_detect:core/if#1:and#2                          mgc_and_1_4                                                                                                  0.5250 4.7698  
        rectangle_detect:core/land.lpi#1.dfm                                                                                                                                   0.0000 4.7698  
        rectangle_detect:core/mux#5                               mgc_mux_10_1_2                                                                                               0.3690 5.1387  
        rectangle_detect:core/mux#5.itm                                                                                                                                        0.0000 5.1387  
        rectangle_detect:core/conc#5                                                                                                                                           0.0000 5.1387  
        rectangle_detect:core/conc#5.itm                                                                                                                                       0.0000 5.1387  
        rectangle_detect:core/mux#6                               mgc_mux_30_1_2                                                                                               0.3690 5.5077  
        rectangle_detect:core/mux#6.itm                                                                                                                                        0.0000 5.5077  
        rectangle_detect:core/reg(video_out:rsc:mgc_out_stdreg.d) mgc_reg_pos_30_1_0_0_0_1_1                                                                                   0.0000 5.5077  
                                                                                                                                                                                              
      8                                                           rectangle_detect:core/height:rsc:mgc_in_wire.d     rectangle_detect:core/reg(video_out:rsc:mgc_out_stdreg.d) 5.5077 14.4923 
                                                                                                                                                                                              
        Instance                                                  Component                                                                                                    Delta  Delay   
        --------                                                  ---------                                                                                                    -----  -----   
        rectangle_detect:core/height:rsc:mgc_in_wire.d                                                                                                                         0.0000 0.0000  
        rectangle_detect:core/if#1:not#4                          mgc_not_10                                                                                                   0.0000 0.0000  
        rectangle_detect:core/if#1:not#4.itm                                                                                                                                   0.0000 0.0000  
        rectangle_detect:core/if#1:acc#5                          mgc_add_10_0_10_0_11                                                                                         1.3014 1.3014  
        rectangle_detect:core/if#1:acc#5.itm                                                                                                                                   0.0000 1.3014  
        rectangle_detect:core/if#1:acc#6                          mgc_add_11_0_11_1_12                                                                                         1.2059 2.5074  
        rectangle_detect:core/if#1:acc#6.itm                                                                                                                                   0.0000 2.5074  
        rectangle_detect:core/if#1:slc(if#1:acc#6.sdt)                                                                                                                         0.0000 2.5074  
        rectangle_detect:core/if#1:slc(if#1:acc#6.sdt).itm                                                                                                                     0.0000 2.5074  
        rectangle_detect:core/if#1:acc#9                          mgc_add_11_0_11_0_11                                                                                         1.3684 3.8758  
        rectangle_detect:core/if#1:acc#9.itm                                                                                                                                   0.0000 3.8758  
        rectangle_detect:core/aif#1:slc                                                                                                                                        0.0000 3.8758  
        rectangle_detect:core/aif#1:slc.svs:mx0w0                                                                                                                              0.0000 3.8758  
        rectangle_detect:core/mux                                 mgc_mux_1_1_2                                                                                                0.3690 4.2447  
        rectangle_detect:core/mux.itm                                                                                                                                          0.0000 4.2447  
        rectangle_detect:core/if#1:and#2                          mgc_and_1_4                                                                                                  0.5250 4.7698  
        rectangle_detect:core/land.lpi#1.dfm                                                                                                                                   0.0000 4.7698  
        rectangle_detect:core/mux#5                               mgc_mux_10_1_2                                                                                               0.3690 5.1387  
        rectangle_detect:core/mux#5.itm                                                                                                                                        0.0000 5.1387  
        rectangle_detect:core/conc#5                                                                                                                                           0.0000 5.1387  
        rectangle_detect:core/conc#5.itm                                                                                                                                       0.0000 5.1387  
        rectangle_detect:core/mux#6                               mgc_mux_30_1_2                                                                                               0.3690 5.5077  
        rectangle_detect:core/mux#6.itm                                                                                                                                        0.0000 5.5077  
        rectangle_detect:core/reg(video_out:rsc:mgc_out_stdreg.d) mgc_reg_pos_30_1_0_0_0_1_1                                                                                   0.0000 5.5077  
                                                                                                                                                                                              
      9                                                           rectangle_detect:core/x_top_left:rsc:mgc_in_wire.d rectangle_detect:core/reg(and#2.itm)                      5.3002 14.6998 
                                                                                                                                                                                              
        Instance                                                  Component                                                                                                    Delta  Delay   
        --------                                                  ---------                                                                                                    -----  -----   
        rectangle_detect:core/x_top_left:rsc:mgc_in_wire.d                                                                                                                     0.0000 0.0000  
        rectangle_detect:core/if#1:not#1                          mgc_not_10                                                                                                   0.0000 0.0000  
        rectangle_detect:core/if#1:not#1.itm                                                                                                                                   0.0000 0.0000  
        rectangle_detect:core/if#1:acc#3                          mgc_add_10_0_10_0_11                                                                                         1.3014 1.3014  
        rectangle_detect:core/if#1:acc#3.itm                                                                                                                                   0.0000 1.3014  
        rectangle_detect:core/if#1:acc#8                          mgc_add_11_0_11_1_12                                                                                         1.2059 2.5074  
        rectangle_detect:core/if#1:acc#8.itm                                                                                                                                   0.0000 2.5074  
        rectangle_detect:core/if#1:slc(if#1:acc.sdt)                                                                                                                           0.0000 2.5074  
        rectangle_detect:core/if#1:slc(if#1:acc.sdt).itm                                                                                                                       0.0000 2.5074  
        rectangle_detect:core/if#1:acc                            mgc_add_11_0_11_0_11                                                                                         1.3684 3.8758  
        rectangle_detect:core/if#1:acc.itm                                                                                                                                     0.0000 3.8758  
        rectangle_detect:core/slc#30                                                                                                                                           0.0000 3.8758  
        rectangle_detect:core/slc#30.itm                                                                                                                                       0.0000 3.8758  
        rectangle_detect:core/nand                                mgc_nand_1_2                                                                                                 0.2679 4.1437  
        rectangle_detect:core/or.dcpl                                                                                                                                          0.0000 4.1437  
        rectangle_detect:core/mux                                 mgc_mux_1_1_2                                                                                                0.3690 4.5126  
        rectangle_detect:core/mux.itm                                                                                                                                          0.0000 4.5126  
        rectangle_detect:core/if#1:and#2                          mgc_and_1_4                                                                                                  0.5250 5.0376  
        rectangle_detect:core/land.lpi#1.dfm                                                                                                                                   0.0000 5.0376  
        rectangle_detect:core/and#2                               mgc_and_1_2                                                                                                  0.2625 5.3002  
        rectangle_detect:core/and#2.itm#2                                                                                                                                      0.0000 5.3002  
        rectangle_detect:core/reg(and#2.itm)                      mgc_reg_pos_1_1_0_0_0_1_1                                                                                    0.0000 5.3002  
                                                                                                                                                                                              
      10                                                          rectangle_detect:core/width:rsc:mgc_in_wire.d      rectangle_detect:core/reg(and#2.itm)                      5.3002 14.6998 
                                                                                                                                                                                              
        Instance                                                  Component                                                                                                    Delta  Delay   
        --------                                                  ---------                                                                                                    -----  -----   
        rectangle_detect:core/width:rsc:mgc_in_wire.d                                                                                                                          0.0000 0.0000  
        rectangle_detect:core/if#1:not#2                          mgc_not_10                                                                                                   0.0000 0.0000  
        rectangle_detect:core/if#1:not#2.itm                                                                                                                                   0.0000 0.0000  
        rectangle_detect:core/if#1:acc#3                          mgc_add_10_0_10_0_11                                                                                         1.3014 1.3014  
        rectangle_detect:core/if#1:acc#3.itm                                                                                                                                   0.0000 1.3014  
        rectangle_detect:core/if#1:acc#8                          mgc_add_11_0_11_1_12                                                                                         1.2059 2.5074  
        rectangle_detect:core/if#1:acc#8.itm                                                                                                                                   0.0000 2.5074  
        rectangle_detect:core/if#1:slc(if#1:acc.sdt)                                                                                                                           0.0000 2.5074  
        rectangle_detect:core/if#1:slc(if#1:acc.sdt).itm                                                                                                                       0.0000 2.5074  
        rectangle_detect:core/if#1:acc                            mgc_add_11_0_11_0_11                                                                                         1.3684 3.8758  
        rectangle_detect:core/if#1:acc.itm                                                                                                                                     0.0000 3.8758  
        rectangle_detect:core/slc#30                                                                                                                                           0.0000 3.8758  
        rectangle_detect:core/slc#30.itm                                                                                                                                       0.0000 3.8758  
        rectangle_detect:core/nand                                mgc_nand_1_2                                                                                                 0.2679 4.1437  
        rectangle_detect:core/or.dcpl                                                                                                                                          0.0000 4.1437  
        rectangle_detect:core/mux                                 mgc_mux_1_1_2                                                                                                0.3690 4.5126  
        rectangle_detect:core/mux.itm                                                                                                                                          0.0000 4.5126  
        rectangle_detect:core/if#1:and#2                          mgc_and_1_4                                                                                                  0.5250 5.0376  
        rectangle_detect:core/land.lpi#1.dfm                                                                                                                                   0.0000 5.0376  
        rectangle_detect:core/and#2                               mgc_and_1_2                                                                                                  0.2625 5.3002  
        rectangle_detect:core/and#2.itm#2                                                                                                                                      0.0000 5.3002  
        rectangle_detect:core/reg(and#2.itm)                      mgc_reg_pos_1_1_0_0_0_1_1                                                                                    0.0000 5.3002  
                                                                                                                                                                                              
      
    Register Input and Register-to-Output Slack
      Clock period or pin-to-reg delay constraint (clk): 20.0
      Clock uncertainty constraint (clk)               : 0.0
      
      Instance                                                  Port                       Slack (Delay) Messages 
      --------------------------------------------------------- ------------------------ ------- ------- --------
      rectangle_detect:core/reg(aif#1:slc.svs)                  mux#1.itm                15.2195  4.7805          
      rectangle_detect:core/reg(counter.sva.dfm)                and.itm                  19.7375  0.2625          
      rectangle_detect:core/reg(video_out:rsc:mgc_out_stdreg.d) mux#6.itm                14.2244  5.7756          
      rectangle_detect:core/reg(went_through#1.sva.dfm)         went_through#1.sva.dfm#1 19.1006  0.8994          
      rectangle_detect:core/reg(if#4:acc.cse.sg1)               if#4:acc.cse.sg1#1       16.7888  3.2112          
      rectangle_detect:core/reg(and#2.itm)                      and#2.itm#2              14.6998  5.3002          
      rectangle_detect:core/reg(filled:rsc:mgc_out_stdreg.d)    mux#7.itm                13.7431  6.2569          
      rectangle_detect:core/reg(went_through#1.sva)             mux#8.itm                16.7888  3.2112          
      rectangle_detect:core/reg(counter.sva)                    mux1h.itm                16.5257  3.4743          
      rectangle_detect                                          video_out:rsc.z          20.0000  0.0000          
      rectangle_detect                                          filled:rsc.z             20.0000  0.0000          
      
  Operator Bitwidth Summary
    Operation  Size (bits) Count 
    ---------- ----------- -----
    add                          
    -                   32     1 
    -                   29     1 
    -                   12     8 
    -                   11     5 
    and                          
    -                    4     1 
    -                    2     5 
    mux                          
    -                    1     9 
    mux1h                        
    -                    3     1 
    nand                         
    -                    2     2 
    nor                          
    -                    2     1 
    not                          
    -                   28     1 
    -                   10    10 
    -                    1     7 
    or                           
    -                    2     2 
    read_port                    
    -                   30     1 
    -                   20     1 
    -                   10     4 
    -                    1     1 
    reg                          
    -                   32     2 
    -                   30     1 
    -                    1     6 
    write_port                   
    -                   30     1 
    -                    1     1 
    
  End of Report
