-- Catapult University Version: Report                                              
-- ---------------------------- ---------------------------------------------------
-- Version:                     2011a.126 Production Release                        
-- Build Date:                  Wed Aug  8 00:52:07 PDT 2012                        
                                                                                    
-- Generated by:                ymh15@EEWS104A-009                                  
-- Generated date:              Mon May 09 18:37:14 +0100 2016                      

Solution Settings: get_square_intensity.v16
  Current state: extract
  Project: get_square_intensity
  
  Design Input Files Specified
    $PROJECT_HOME/../get_square_intensity.cpp
      $MGC_HOME/shared/include/ac_int.h
  
  Processes/Blocks in Design
    Process                    Real Operation(s) count Latency Throughput Reset Length II Comments 
    -------------------------- ----------------------- ------- ---------- ------------ -- --------
    /get_square_intensity/core                      34       1          1            0  1          
    Design Total:                                   34       1          1            0  1          
    
  Bill Of Materials (Datapath)
    Component Name                          Area Score Area(LUTs) Delay Post Alloc Post Assign 
    --------------------------------------- ---------- ---------- ----- ---------- -----------
    [Lib: mgc_Altera-Cyclone-III-6_beh_psr]                                                    
    mgc_add(10,0,10,0,11)                       11.241     11.241 1.301          1           1 
    mgc_add(11,0,11,0,12)                       12.233     12.233 1.368          3           2 
    mgc_add(11,0,11,1,13)                       12.000     12.000 1.043          5           4 
    mgc_add(12,0,11,0,12)                       13.228     13.228 1.436          2           2 
    mgc_and(1,2)                                 0.730      0.730 0.263          0           1 
    mgc_mux(1,1,2)                               0.919      0.919 0.369          0           1 
    mgc_nor(1,4)                                 1.379      1.379 0.525          0           1 
    mgc_not(10)                                  0.000      0.000 0.000          0           7 
    mgc_or(1,2)                                  0.730      0.730 0.268          0           1 
    mgc_reg_pos(1,1,0,0,0,1,1)                   0.000      0.000 0.000          0           3 
    [Lib: mgc_ioport]                                                                          
    mgc_in_wire(1,20)                            0.000      0.000 0.000          1           1 
    mgc_in_wire(2,10)                            0.000      0.000 0.000          1           1 
    mgc_in_wire(3,10)                            0.000      0.000 0.000          1           1 
    mgc_in_wire(4,10)                            0.000      0.000 0.000          1           1 
    mgc_in_wire(5,10)                            0.000      0.000 0.000          1           1 
    mgc_in_wire(6,30)                            0.000      0.000 0.000          1           1 
    mgc_out_stdreg(7,1)                          0.000      0.000 0.000          1           1 
    mgc_out_stdreg(8,1)                          0.000      0.000 0.000          1           1 
                                                                                               
    TOTAL AREA (After Assignment):             113.920    114.000                              
    
  Area Scores
                      Post-Scheduling  Post-DP & FSM Post-Assignment 
    ----------------- --------------- -------------- ---------------
    Total Area Score:    134.4          113.9           113.9        
    Total Reg:             0.0            0.0             0.0        
                                                                     
    DataPath:            134.4 (100%)   113.9 (100%)    113.9 (100%) 
      MUX:                 0.0            0.9   (1%)      0.9   (1%) 
      FUNC:              134.4 (100%)   110.2  (97%)    110.2  (97%) 
      LOGIC:               0.0            2.8   (2%)      2.8   (2%) 
      BUFFER:              0.0            0.0             0.0        
      MEM:                 0.0            0.0             0.0        
      ROM:                 0.0            0.0             0.0        
      REG:                 0.0            0.0             0.0        
                                                                     
    
    FSM:                   0.0            0.0             0.0        
      FSM-REG:             0.0            0.0             0.0        
      FSM-COMB:            0.0            0.0             0.0        
                                                                     
    
  Register-to-Variable Mappings
    Register                          Size(bits) Gated Register CG Opt Done Variables                                             
    --------------------------------- ---------- -------------- ----------- -----------------------------------------------------
    aif#1:slc.svs                              1         Y                  aif#1:slc.svs                                         
    last_pixel:rsc:mgc_out_stdreg.d            1         Y                  last_pixel:rsc:mgc_out_stdreg.d                       
    white_or_not:rsc:mgc_out_stdreg.d          1         Y                  white_or_not:rsc:mgc_out_stdreg.d                     
                                                                                                                                  
    Total:                                     3              3           0 (Total Gating Ratio: 1.00, CG Opt Gating Ratio: 0.00) 
    
  Timing Report
    Critical Path
      Max Delay:  3.836242
      Slack:      16.163758
      
      Path                                                               Startpoint                                         Endpoint                                                         Delay  Slack   
      ------------------------------------------------------------------ -------------------------------------------------- ---------------------------------------------------------------- ------ -------
      1                                                                  get_square_intensity:core/width:rsc:mgc_in_wire.d  get_square_intensity:core/reg(white_or_not:rsc:mgc_out_stdreg.d) 3.8362 16.1638 
                                                                                                                                                                                                            
        Instance                                                         Component                                                                                                           Delta  Delay   
        --------                                                         ---------                                                                                                           -----  -----   
        get_square_intensity:core/width:rsc:mgc_in_wire.d                                                                                                                                    0.0000 0.0000  
        get_square_intensity:core/conc#13                                                                                                                                                    0.0000 0.0000  
        get_square_intensity:core/conc#13.itm                                                                                                                                                0.0000 0.0000  
        get_square_intensity:core/if:acc                                 mgc_add_11_0_11_0_12                                                                                                1.3684 1.3684  
        get_square_intensity:core/if:acc.itm                                                                                                                                                 0.0000 1.3684  
        get_square_intensity:core/if:slc#1                                                                                                                                                   0.0000 1.3684  
        get_square_intensity:core/if:slc#1.itm                                                                                                                                               0.0000 1.3684  
        get_square_intensity:core/if:acc#1                               mgc_add_11_0_11_1_13                                                                                                1.0435 2.4119  
        get_square_intensity:core/if:acc#1.itm                                                                                                                                               0.0000 2.4119  
        get_square_intensity:core/slc#16                                                                                                                                                     0.0000 2.4119  
        get_square_intensity:core/slc#16.itm                                                                                                                                                 0.0000 2.4119  
        get_square_intensity:core/or                                     mgc_or_1_2                                                                                                          0.2679 2.6797  
        get_square_intensity:core/or.itm                                                                                                                                                     0.0000 2.6797  
        get_square_intensity:core/mux                                    mgc_mux_1_1_2                                                                                                       0.3690 3.0487  
        get_square_intensity:core/aif#1:slc.svs:mx0                                                                                                                                          0.0000 3.0487  
        get_square_intensity:core/if:nor                                 mgc_nor_1_4                                                                                                         0.5250 3.5737  
        get_square_intensity:core/if:nor.itm                                                                                                                                                 0.0000 3.5737  
        get_square_intensity:core/and                                    mgc_and_1_2                                                                                                         0.2625 3.8362  
        get_square_intensity:core/and.itm                                                                                                                                                    0.0000 3.8362  
        get_square_intensity:core/reg(white_or_not:rsc:mgc_out_stdreg.d) mgc_reg_pos_1_1_0_0_0_1_1                                                                                           0.0000 3.8362  
                                                                                                                                                                                                            
      2                                                                  get_square_intensity:core/vga_xy:rsc:mgc_in_wire.d get_square_intensity:core/reg(white_or_not:rsc:mgc_out_stdreg.d) 3.8362 16.1638 
                                                                                                                                                                                                            
        Instance                                                         Component                                                                                                           Delta  Delay   
        --------                                                         ---------                                                                                                           -----  -----   
        get_square_intensity:core/vga_xy:rsc:mgc_in_wire.d                                                                                                                                   0.0000 0.0000  
        get_square_intensity:core/slc(vga_xy:rsc:mgc_in_wire.d)#1                                                                                                                            0.0000 0.0000  
        get_square_intensity:core/slc(vga_xy:rsc:mgc_in_wire.d)#1.itm                                                                                                                        0.0000 0.0000  
        get_square_intensity:core/vga_x:not                              mgc_not_10                                                                                                          0.0000 0.0000  
        get_square_intensity:core/vga_x:not.itm                                                                                                                                              0.0000 0.0000  
        get_square_intensity:core/conc#14                                                                                                                                                    0.0000 0.0000  
        get_square_intensity:core/conc#14.itm                                                                                                                                                0.0000 0.0000  
        get_square_intensity:core/if:acc                                 mgc_add_11_0_11_0_12                                                                                                1.3684 1.3684  
        get_square_intensity:core/if:acc.itm                                                                                                                                                 0.0000 1.3684  
        get_square_intensity:core/if:slc#1                                                                                                                                                   0.0000 1.3684  
        get_square_intensity:core/if:slc#1.itm                                                                                                                                               0.0000 1.3684  
        get_square_intensity:core/if:acc#1                               mgc_add_11_0_11_1_13                                                                                                1.0435 2.4119  
        get_square_intensity:core/if:acc#1.itm                                                                                                                                               0.0000 2.4119  
        get_square_intensity:core/slc#16                                                                                                                                                     0.0000 2.4119  
        get_square_intensity:core/slc#16.itm                                                                                                                                                 0.0000 2.4119  
        get_square_intensity:core/or                                     mgc_or_1_2                                                                                                          0.2679 2.6797  
        get_square_intensity:core/or.itm                                                                                                                                                     0.0000 2.6797  
        get_square_intensity:core/mux                                    mgc_mux_1_1_2                                                                                                       0.3690 3.0487  
        get_square_intensity:core/aif#1:slc.svs:mx0                                                                                                                                          0.0000 3.0487  
        get_square_intensity:core/if:nor                                 mgc_nor_1_4                                                                                                         0.5250 3.5737  
        get_square_intensity:core/if:nor.itm                                                                                                                                                 0.0000 3.5737  
        get_square_intensity:core/and                                    mgc_and_1_2                                                                                                         0.2625 3.8362  
        get_square_intensity:core/and.itm                                                                                                                                                    0.0000 3.8362  
        get_square_intensity:core/reg(white_or_not:rsc:mgc_out_stdreg.d) mgc_reg_pos_1_1_0_0_0_1_1                                                                                           0.0000 3.8362  
                                                                                                                                                                                                            
      3                                                                  get_square_intensity:core/height:rsc:mgc_in_wire.d get_square_intensity:core/reg(white_or_not:rsc:mgc_out_stdreg.d) 3.5684 16.4316 
                                                                                                                                                                                                            
        Instance                                                         Component                                                                                                           Delta  Delay   
        --------                                                         ---------                                                                                                           -----  -----   
        get_square_intensity:core/height:rsc:mgc_in_wire.d                                                                                                                                   0.0000 0.0000  
        get_square_intensity:core/conc#8                                                                                                                                                     0.0000 0.0000  
        get_square_intensity:core/conc#8.itm                                                                                                                                                 0.0000 0.0000  
        get_square_intensity:core/if:acc#6                               mgc_add_11_0_11_0_12                                                                                                1.3684 1.3684  
        get_square_intensity:core/if:acc#6.itm                                                                                                                                               0.0000 1.3684  
        get_square_intensity:core/if:slc#5                                                                                                                                                   0.0000 1.3684  
        get_square_intensity:core/if:slc#5.itm                                                                                                                                               0.0000 1.3684  
        get_square_intensity:core/if:acc#8                               mgc_add_11_0_11_1_13                                                                                                1.0435 2.4119  
        get_square_intensity:core/if:acc#8.itm                                                                                                                                               0.0000 2.4119  
        get_square_intensity:core/aif#1:slc                                                                                                                                                  0.0000 2.4119  
        get_square_intensity:core/aif#1:slc.svs:mx0w0                                                                                                                                        0.0000 2.4119  
        get_square_intensity:core/mux                                    mgc_mux_1_1_2                                                                                                       0.3690 2.7808  
        get_square_intensity:core/aif#1:slc.svs:mx0                                                                                                                                          0.0000 2.7808  
        get_square_intensity:core/if:nor                                 mgc_nor_1_4                                                                                                         0.5250 3.3059  
        get_square_intensity:core/if:nor.itm                                                                                                                                                 0.0000 3.3059  
        get_square_intensity:core/and                                    mgc_and_1_2                                                                                                         0.2625 3.5684  
        get_square_intensity:core/and.itm                                                                                                                                                    0.0000 3.5684  
        get_square_intensity:core/reg(white_or_not:rsc:mgc_out_stdreg.d) mgc_reg_pos_1_1_0_0_0_1_1                                                                                           0.0000 3.5684  
                                                                                                                                                                                                            
      4                                                                  get_square_intensity:core/vga_xy:rsc:mgc_in_wire.d get_square_intensity:core/reg(white_or_not:rsc:mgc_out_stdreg.d) 3.5684 16.4316 
                                                                                                                                                                                                            
        Instance                                                         Component                                                                                                           Delta  Delay   
        --------                                                         ---------                                                                                                           -----  -----   
        get_square_intensity:core/vga_xy:rsc:mgc_in_wire.d                                                                                                                                   0.0000 0.0000  
        get_square_intensity:core/slc(vga_xy:rsc:mgc_in_wire.d)#2                                                                                                                            0.0000 0.0000  
        get_square_intensity:core/slc(vga_xy:rsc:mgc_in_wire.d)#2.itm                                                                                                                        0.0000 0.0000  
        get_square_intensity:core/vga_y:not#2                            mgc_not_10                                                                                                          0.0000 0.0000  
        get_square_intensity:core/vga_y:not#2.itm                                                                                                                                            0.0000 0.0000  
        get_square_intensity:core/conc#9                                                                                                                                                     0.0000 0.0000  
        get_square_intensity:core/conc#9.itm                                                                                                                                                 0.0000 0.0000  
        get_square_intensity:core/if:acc#6                               mgc_add_11_0_11_0_12                                                                                                1.3684 1.3684  
        get_square_intensity:core/if:acc#6.itm                                                                                                                                               0.0000 1.3684  
        get_square_intensity:core/if:slc#5                                                                                                                                                   0.0000 1.3684  
        get_square_intensity:core/if:slc#5.itm                                                                                                                                               0.0000 1.3684  
        get_square_intensity:core/if:acc#8                               mgc_add_11_0_11_1_13                                                                                                1.0435 2.4119  
        get_square_intensity:core/if:acc#8.itm                                                                                                                                               0.0000 2.4119  
        get_square_intensity:core/aif#1:slc                                                                                                                                                  0.0000 2.4119  
        get_square_intensity:core/aif#1:slc.svs:mx0w0                                                                                                                                        0.0000 2.4119  
        get_square_intensity:core/mux                                    mgc_mux_1_1_2                                                                                                       0.3690 2.7808  
        get_square_intensity:core/aif#1:slc.svs:mx0                                                                                                                                          0.0000 2.7808  
        get_square_intensity:core/if:nor                                 mgc_nor_1_4                                                                                                         0.5250 3.3059  
        get_square_intensity:core/if:nor.itm                                                                                                                                                 0.0000 3.3059  
        get_square_intensity:core/and                                    mgc_and_1_2                                                                                                         0.2625 3.5684  
        get_square_intensity:core/and.itm                                                                                                                                                    0.0000 3.5684  
        get_square_intensity:core/reg(white_or_not:rsc:mgc_out_stdreg.d) mgc_reg_pos_1_1_0_0_0_1_1                                                                                           0.0000 3.5684  
                                                                                                                                                                                                            
      5                                                                  get_square_intensity:core/width:rsc:mgc_in_wire.d  get_square_intensity:core/reg(white_or_not:rsc:mgc_out_stdreg.d) 3.1994 16.8006 
                                                                                                                                                                                                            
        Instance                                                         Component                                                                                                           Delta  Delay   
        --------                                                         ---------                                                                                                           -----  -----   
        get_square_intensity:core/width:rsc:mgc_in_wire.d                                                                                                                                    0.0000 0.0000  
        get_square_intensity:core/conc#13                                                                                                                                                    0.0000 0.0000  
        get_square_intensity:core/conc#13.itm                                                                                                                                                0.0000 0.0000  
        get_square_intensity:core/if:acc                                 mgc_add_11_0_11_0_12                                                                                                1.3684 1.3684  
        get_square_intensity:core/if:acc.itm                                                                                                                                                 0.0000 1.3684  
        get_square_intensity:core/if:slc#1                                                                                                                                                   0.0000 1.3684  
        get_square_intensity:core/if:slc#1.itm                                                                                                                                               0.0000 1.3684  
        get_square_intensity:core/if:acc#1                               mgc_add_11_0_11_1_13                                                                                                1.0435 2.4119  
        get_square_intensity:core/if:acc#1.itm                                                                                                                                               0.0000 2.4119  
        get_square_intensity:core/slc                                                                                                                                                        0.0000 2.4119  
        get_square_intensity:core/slc.itm                                                                                                                                                    0.0000 2.4119  
        get_square_intensity:core/if:nor                                 mgc_nor_1_4                                                                                                         0.5250 2.9369  
        get_square_intensity:core/if:nor.itm                                                                                                                                                 0.0000 2.9369  
        get_square_intensity:core/and                                    mgc_and_1_2                                                                                                         0.2625 3.1994  
        get_square_intensity:core/and.itm                                                                                                                                                    0.0000 3.1994  
        get_square_intensity:core/reg(white_or_not:rsc:mgc_out_stdreg.d) mgc_reg_pos_1_1_0_0_0_1_1                                                                                           0.0000 3.1994  
                                                                                                                                                                                                            
      6                                                                  get_square_intensity:core/vga_xy:rsc:mgc_in_wire.d get_square_intensity:core/reg(white_or_not:rsc:mgc_out_stdreg.d) 3.1994 16.8006 
                                                                                                                                                                                                            
        Instance                                                         Component                                                                                                           Delta  Delay   
        --------                                                         ---------                                                                                                           -----  -----   
        get_square_intensity:core/vga_xy:rsc:mgc_in_wire.d                                                                                                                                   0.0000 0.0000  
        get_square_intensity:core/slc(vga_xy:rsc:mgc_in_wire.d)#1                                                                                                                            0.0000 0.0000  
        get_square_intensity:core/slc(vga_xy:rsc:mgc_in_wire.d)#1.itm                                                                                                                        0.0000 0.0000  
        get_square_intensity:core/vga_x:not                              mgc_not_10                                                                                                          0.0000 0.0000  
        get_square_intensity:core/vga_x:not.itm                                                                                                                                              0.0000 0.0000  
        get_square_intensity:core/conc#14                                                                                                                                                    0.0000 0.0000  
        get_square_intensity:core/conc#14.itm                                                                                                                                                0.0000 0.0000  
        get_square_intensity:core/if:acc                                 mgc_add_11_0_11_0_12                                                                                                1.3684 1.3684  
        get_square_intensity:core/if:acc.itm                                                                                                                                                 0.0000 1.3684  
        get_square_intensity:core/if:slc#1                                                                                                                                                   0.0000 1.3684  
        get_square_intensity:core/if:slc#1.itm                                                                                                                                               0.0000 1.3684  
        get_square_intensity:core/if:acc#1                               mgc_add_11_0_11_1_13                                                                                                1.0435 2.4119  
        get_square_intensity:core/if:acc#1.itm                                                                                                                                               0.0000 2.4119  
        get_square_intensity:core/slc                                                                                                                                                        0.0000 2.4119  
        get_square_intensity:core/slc.itm                                                                                                                                                    0.0000 2.4119  
        get_square_intensity:core/if:nor                                 mgc_nor_1_4                                                                                                         0.5250 2.9369  
        get_square_intensity:core/if:nor.itm                                                                                                                                                 0.0000 2.9369  
        get_square_intensity:core/and                                    mgc_and_1_2                                                                                                         0.2625 3.1994  
        get_square_intensity:core/and.itm                                                                                                                                                    0.0000 3.1994  
        get_square_intensity:core/reg(white_or_not:rsc:mgc_out_stdreg.d) mgc_reg_pos_1_1_0_0_0_1_1                                                                                           0.0000 3.1994  
                                                                                                                                                                                                            
      7                                                                  get_square_intensity:core/width:rsc:mgc_in_wire.d  get_square_intensity:core/reg(aif#1:slc.svs)                     3.0487 16.9513 
                                                                                                                                                                                                            
        Instance                                                         Component                                                                                                           Delta  Delay   
        --------                                                         ---------                                                                                                           -----  -----   
        get_square_intensity:core/width:rsc:mgc_in_wire.d                                                                                                                                    0.0000 0.0000  
        get_square_intensity:core/conc#13                                                                                                                                                    0.0000 0.0000  
        get_square_intensity:core/conc#13.itm                                                                                                                                                0.0000 0.0000  
        get_square_intensity:core/if:acc                                 mgc_add_11_0_11_0_12                                                                                                1.3684 1.3684  
        get_square_intensity:core/if:acc.itm                                                                                                                                                 0.0000 1.3684  
        get_square_intensity:core/if:slc#1                                                                                                                                                   0.0000 1.3684  
        get_square_intensity:core/if:slc#1.itm                                                                                                                                               0.0000 1.3684  
        get_square_intensity:core/if:acc#1                               mgc_add_11_0_11_1_13                                                                                                1.0435 2.4119  
        get_square_intensity:core/if:acc#1.itm                                                                                                                                               0.0000 2.4119  
        get_square_intensity:core/slc#16                                                                                                                                                     0.0000 2.4119  
        get_square_intensity:core/slc#16.itm                                                                                                                                                 0.0000 2.4119  
        get_square_intensity:core/or                                     mgc_or_1_2                                                                                                          0.2679 2.6797  
        get_square_intensity:core/or.itm                                                                                                                                                     0.0000 2.6797  
        get_square_intensity:core/mux                                    mgc_mux_1_1_2                                                                                                       0.3690 3.0487  
        get_square_intensity:core/aif#1:slc.svs:mx0                                                                                                                                          0.0000 3.0487  
        get_square_intensity:core/reg(aif#1:slc.svs)                     mgc_reg_pos_1_1_0_0_0_1_1                                                                                           0.0000 3.0487  
                                                                                                                                                                                                            
      8                                                                  get_square_intensity:core/vga_xy:rsc:mgc_in_wire.d get_square_intensity:core/reg(aif#1:slc.svs)                     3.0487 16.9513 
                                                                                                                                                                                                            
        Instance                                                         Component                                                                                                           Delta  Delay   
        --------                                                         ---------                                                                                                           -----  -----   
        get_square_intensity:core/vga_xy:rsc:mgc_in_wire.d                                                                                                                                   0.0000 0.0000  
        get_square_intensity:core/slc(vga_xy:rsc:mgc_in_wire.d)#1                                                                                                                            0.0000 0.0000  
        get_square_intensity:core/slc(vga_xy:rsc:mgc_in_wire.d)#1.itm                                                                                                                        0.0000 0.0000  
        get_square_intensity:core/vga_x:not                              mgc_not_10                                                                                                          0.0000 0.0000  
        get_square_intensity:core/vga_x:not.itm                                                                                                                                              0.0000 0.0000  
        get_square_intensity:core/conc#14                                                                                                                                                    0.0000 0.0000  
        get_square_intensity:core/conc#14.itm                                                                                                                                                0.0000 0.0000  
        get_square_intensity:core/if:acc                                 mgc_add_11_0_11_0_12                                                                                                1.3684 1.3684  
        get_square_intensity:core/if:acc.itm                                                                                                                                                 0.0000 1.3684  
        get_square_intensity:core/if:slc#1                                                                                                                                                   0.0000 1.3684  
        get_square_intensity:core/if:slc#1.itm                                                                                                                                               0.0000 1.3684  
        get_square_intensity:core/if:acc#1                               mgc_add_11_0_11_1_13                                                                                                1.0435 2.4119  
        get_square_intensity:core/if:acc#1.itm                                                                                                                                               0.0000 2.4119  
        get_square_intensity:core/slc#16                                                                                                                                                     0.0000 2.4119  
        get_square_intensity:core/slc#16.itm                                                                                                                                                 0.0000 2.4119  
        get_square_intensity:core/or                                     mgc_or_1_2                                                                                                          0.2679 2.6797  
        get_square_intensity:core/or.itm                                                                                                                                                     0.0000 2.6797  
        get_square_intensity:core/mux                                    mgc_mux_1_1_2                                                                                                       0.3690 3.0487  
        get_square_intensity:core/aif#1:slc.svs:mx0                                                                                                                                          0.0000 3.0487  
        get_square_intensity:core/reg(aif#1:slc.svs)                     mgc_reg_pos_1_1_0_0_0_1_1                                                                                           0.0000 3.0487  
                                                                                                                                                                                                            
      9                                                                  get_square_intensity:core/height:rsc:mgc_in_wire.d get_square_intensity:core/reg(aif#1:slc.svs)                     2.7808 17.2192 
                                                                                                                                                                                                            
        Instance                                                         Component                                                                                                           Delta  Delay   
        --------                                                         ---------                                                                                                           -----  -----   
        get_square_intensity:core/height:rsc:mgc_in_wire.d                                                                                                                                   0.0000 0.0000  
        get_square_intensity:core/conc#8                                                                                                                                                     0.0000 0.0000  
        get_square_intensity:core/conc#8.itm                                                                                                                                                 0.0000 0.0000  
        get_square_intensity:core/if:acc#6                               mgc_add_11_0_11_0_12                                                                                                1.3684 1.3684  
        get_square_intensity:core/if:acc#6.itm                                                                                                                                               0.0000 1.3684  
        get_square_intensity:core/if:slc#5                                                                                                                                                   0.0000 1.3684  
        get_square_intensity:core/if:slc#5.itm                                                                                                                                               0.0000 1.3684  
        get_square_intensity:core/if:acc#8                               mgc_add_11_0_11_1_13                                                                                                1.0435 2.4119  
        get_square_intensity:core/if:acc#8.itm                                                                                                                                               0.0000 2.4119  
        get_square_intensity:core/aif#1:slc                                                                                                                                                  0.0000 2.4119  
        get_square_intensity:core/aif#1:slc.svs:mx0w0                                                                                                                                        0.0000 2.4119  
        get_square_intensity:core/mux                                    mgc_mux_1_1_2                                                                                                       0.3690 2.7808  
        get_square_intensity:core/aif#1:slc.svs:mx0                                                                                                                                          0.0000 2.7808  
        get_square_intensity:core/reg(aif#1:slc.svs)                     mgc_reg_pos_1_1_0_0_0_1_1                                                                                           0.0000 2.7808  
                                                                                                                                                                                                            
      10                                                                 get_square_intensity:core/vga_xy:rsc:mgc_in_wire.d get_square_intensity:core/reg(aif#1:slc.svs)                     2.7808 17.2192 
                                                                                                                                                                                                            
        Instance                                                         Component                                                                                                           Delta  Delay   
        --------                                                         ---------                                                                                                           -----  -----   
        get_square_intensity:core/vga_xy:rsc:mgc_in_wire.d                                                                                                                                   0.0000 0.0000  
        get_square_intensity:core/slc(vga_xy:rsc:mgc_in_wire.d)#2                                                                                                                            0.0000 0.0000  
        get_square_intensity:core/slc(vga_xy:rsc:mgc_in_wire.d)#2.itm                                                                                                                        0.0000 0.0000  
        get_square_intensity:core/vga_y:not#2                            mgc_not_10                                                                                                          0.0000 0.0000  
        get_square_intensity:core/vga_y:not#2.itm                                                                                                                                            0.0000 0.0000  
        get_square_intensity:core/conc#9                                                                                                                                                     0.0000 0.0000  
        get_square_intensity:core/conc#9.itm                                                                                                                                                 0.0000 0.0000  
        get_square_intensity:core/if:acc#6                               mgc_add_11_0_11_0_12                                                                                                1.3684 1.3684  
        get_square_intensity:core/if:acc#6.itm                                                                                                                                               0.0000 1.3684  
        get_square_intensity:core/if:slc#5                                                                                                                                                   0.0000 1.3684  
        get_square_intensity:core/if:slc#5.itm                                                                                                                                               0.0000 1.3684  
        get_square_intensity:core/if:acc#8                               mgc_add_11_0_11_1_13                                                                                                1.0435 2.4119  
        get_square_intensity:core/if:acc#8.itm                                                                                                                                               0.0000 2.4119  
        get_square_intensity:core/aif#1:slc                                                                                                                                                  0.0000 2.4119  
        get_square_intensity:core/aif#1:slc.svs:mx0w0                                                                                                                                        0.0000 2.4119  
        get_square_intensity:core/mux                                    mgc_mux_1_1_2                                                                                                       0.3690 2.7808  
        get_square_intensity:core/aif#1:slc.svs:mx0                                                                                                                                          0.0000 2.7808  
        get_square_intensity:core/reg(aif#1:slc.svs)                     mgc_reg_pos_1_1_0_0_0_1_1                                                                                           0.0000 2.7808  
                                                                                                                                                                                                            
      
    Register Input and Register-to-Output Slack
      Clock period or pin-to-reg delay constraint (clk): 20.0
      Clock uncertainty constraint (clk)               : 0.0
      
      Instance                                                         Port                  Slack (Delay) Messages 
      ---------------------------------------------------------------- ------------------- ------- ------- --------
      get_square_intensity:core/reg(aif#1:slc.svs)                     aif#1:slc.svs:mx0   16.1638  3.8362          
      get_square_intensity:core/reg(last_pixel:rsc:mgc_out_stdreg.d)   aif#1:slc.svs:mx0w0 16.4316  3.5684          
      get_square_intensity:core/reg(white_or_not:rsc:mgc_out_stdreg.d) and.itm             16.1638  3.8362          
      get_square_intensity                                             white_or_not:rsc.z  20.0000  0.0000          
      get_square_intensity                                             last_pixel:rsc.z    20.0000  0.0000          
      
  Operator Bitwidth Summary
    Operation  Size (bits) Count 
    ---------- ----------- -----
    add                          
    -                   13     4 
    -                   12     4 
    -                   11     1 
    and                          
    -                    2     1 
    mux                          
    -                    1     1 
    nor                          
    -                    4     1 
    not                          
    -                   10     7 
    or                           
    -                    2     1 
    read_port                    
    -                   30     1 
    -                   20     1 
    -                   10     4 
    reg                          
    -                    1     3 
    write_port                   
    -                    1     2 
    
  End of Report
