-- Catapult University Version: Report                                              
-- ---------------------------- ---------------------------------------------------
-- Version:                     2011a.126 Production Release                        
-- Build Date:                  Wed Aug  8 00:52:07 PDT 2012                        
                                                                                    
-- Generated by:                ymh15@EEWS104A-009                                  
-- Generated date:              Mon May 09 18:14:25 +0100 2016                      

Solution Settings: get_square_intensity.v8
  Current state: extract
  Project: get_square_intensity
  
  Design Input Files Specified
    $PROJECT_HOME/../get_square_intensity.cpp
      $MGC_HOME/shared/include/ac_int.h
  
  Processes/Blocks in Design
    Process                    Real Operation(s) count Latency Throughput Reset Length II Comments 
    -------------------------- ----------------------- ------- ---------- ------------ -- --------
    /get_square_intensity/core                      10       1          2            0  0          
    Design Total:                                   10       1          2            0  0          
    
  Bill Of Materials (Datapath)
    Component Name                          Area Score Area(LUTs) Delay Post Alloc Post Assign 
    --------------------------------------- ---------- ---------- ----- ---------- -----------
    [Lib: mgc_Altera-Cyclone-III-6_beh_psr]                                                    
    mgc_add(11,0,11,0,12)                       12.233     12.233 1.368          1           1 
    mgc_add(11,0,11,1,12)                       12.000     12.000 1.206          1           1 
    mgc_mux(1,1,2)                               0.919      0.919 0.369          0           1 
    mgc_mux(30,1,2)                             27.583     27.583 0.369          0           1 
    mgc_not(10)                                  0.000      0.000 0.000          0           1 
    mgc_reg_pos(1,1,0,0,0,1,1)                   0.000      0.000 0.000          0           1 
    mgc_reg_pos(30,1,0,0,0,1,1)                  0.000      0.000 0.000          0           1 
    [Lib: mgc_ioport]                                                                          
    mgc_in_wire(1,20)                            0.000      0.000 0.000          1           1 
    mgc_in_wire(3,10)                            0.000      0.000 0.000          1           1 
    mgc_in_wire(5,10)                            0.000      0.000 0.000          1           1 
    mgc_in_wire(6,30)                            0.000      0.000 0.000          1           1 
    mgc_out_stdreg(7,1)                          0.000      0.000 0.000          1           1 
    mgc_out_stdreg(8,1)                          0.000      0.000 0.000          1           1 
    mgc_out_stdreg(9,30)                         0.000      0.000 0.000          1           1 
                                                                                               
    TOTAL AREA (After Assignment):              52.735     53.000                              
    
  Area Scores
                      Post-Scheduling Post-DP & FSM Post-Assignment 
    ----------------- --------------- ------------- ---------------
    Total Area Score:     24.2          52.7            52.7        
    Total Reg:             0.0           0.0             0.0        
                                                                    
    DataPath:             24.2 (100%)   52.7 (100%)     52.7 (100%) 
      MUX:                 0.0          28.5  (54%)     28.5  (54%) 
      FUNC:               24.2 (100%)   24.2  (46%)     24.2  (46%) 
      LOGIC:               0.0           0.0             0.0        
      BUFFER:              0.0           0.0             0.0        
      MEM:                 0.0           0.0             0.0        
      ROM:                 0.0           0.0             0.0        
      REG:                 0.0           0.0             0.0        
                                                                    
    
    FSM:                   0.0           0.0             0.0   (0%) 
      FSM-REG:             0.0           0.0             0.0        
      FSM-COMB:            0.0           0.0             0.0 (100%) 
                                                                    
    
  Register-to-Variable Mappings
    Register                        Size(bits) Gated Register CG Opt Done Variables                                             
    ------------------------------- ---------- -------------- ----------- -----------------------------------------------------
    video_out:rsc:mgc_out_stdreg.d          30         Y                  video_out:rsc:mgc_out_stdreg.d                        
    last_pixel:rsc:mgc_out_stdreg.d          1         Y                  last_pixel:rsc:mgc_out_stdreg.d                       
                                                                                                                                
    Total:                                  31             31           0 (Total Gating Ratio: 1.00, CG Opt Gating Ratio: 0.00) 
    
  Timing Report
    Critical Path
      Max Delay:  2.9433179999999997
      Slack:      17.056682000000002
      
      Path                                                             Startpoint                                                     Endpoint                                                       Delay  Slack   
      ---------------------------------------------------------------- -------------------------------------------------------------- -------------------------------------------------------------- ------ -------
      1                                                                get_square_intensity:core/height:rsc:mgc_in_wire.d             get_square_intensity:core/reg(last_pixel:rsc:mgc_out_stdreg.d) 2.9433 17.0567 
                                                                                                                                                                                                                    
        Instance                                                       Component                                                                                                                     Delta  Delay   
        --------                                                       ---------                                                                                                                     -----  -----   
        get_square_intensity:core/height:rsc:mgc_in_wire.d                                                                                                                                           0.0000 0.0000  
        get_square_intensity:core/conc                                                                                                                                                               0.0000 0.0000  
        get_square_intensity:core/conc.itm                                                                                                                                                           0.0000 0.0000  
        get_square_intensity:core/if#1:acc#1                           mgc_add_11_0_11_0_12                                                                                                          1.3684 1.3684  
        get_square_intensity:core/if#1:acc#1.itm                                                                                                                                                     0.0000 1.3684  
        get_square_intensity:core/if#1:slc                                                                                                                                                           0.0000 1.3684  
        get_square_intensity:core/if#1:slc.itm                                                                                                                                                       0.0000 1.3684  
        get_square_intensity:core/if#1:acc                             mgc_add_11_0_11_1_12                                                                                                          1.2059 2.5743  
        get_square_intensity:core/if#1:acc.itm                                                                                                                                                       0.0000 2.5743  
        get_square_intensity:core/slc#1                                                                                                                                                              0.0000 2.5743  
        get_square_intensity:core/slc#1.itm                                                                                                                                                          0.0000 2.5743  
        get_square_intensity:core/mux#1                                mgc_mux_1_1_2                                                                                                                 0.3690 2.9433  
        get_square_intensity:core/mux#1.itm                                                                                                                                                          0.0000 2.9433  
        get_square_intensity:core/reg(last_pixel:rsc:mgc_out_stdreg.d) mgc_reg_pos_1_1_0_0_0_1_1                                                                                                     0.0000 2.9433  
                                                                                                                                                                                                                    
      2                                                                get_square_intensity:core/vga_xy:rsc:mgc_in_wire.d             get_square_intensity:core/reg(last_pixel:rsc:mgc_out_stdreg.d) 2.9433 17.0567 
                                                                                                                                                                                                                    
        Instance                                                       Component                                                                                                                     Delta  Delay   
        --------                                                       ---------                                                                                                                     -----  -----   
        get_square_intensity:core/vga_xy:rsc:mgc_in_wire.d                                                                                                                                           0.0000 0.0000  
        get_square_intensity:core/slc#3                                                                                                                                                              0.0000 0.0000  
        get_square_intensity:core/slc#3.itm                                                                                                                                                          0.0000 0.0000  
        get_square_intensity:core/vga_y:not#1                          mgc_not_10                                                                                                                    0.0000 0.0000  
        get_square_intensity:core/vga_y:not#1.itm                                                                                                                                                    0.0000 0.0000  
        get_square_intensity:core/conc#1                                                                                                                                                             0.0000 0.0000  
        get_square_intensity:core/conc#1.itm                                                                                                                                                         0.0000 0.0000  
        get_square_intensity:core/if#1:acc#1                           mgc_add_11_0_11_0_12                                                                                                          1.3684 1.3684  
        get_square_intensity:core/if#1:acc#1.itm                                                                                                                                                     0.0000 1.3684  
        get_square_intensity:core/if#1:slc                                                                                                                                                           0.0000 1.3684  
        get_square_intensity:core/if#1:slc.itm                                                                                                                                                       0.0000 1.3684  
        get_square_intensity:core/if#1:acc                             mgc_add_11_0_11_1_12                                                                                                          1.2059 2.5743  
        get_square_intensity:core/if#1:acc.itm                                                                                                                                                       0.0000 2.5743  
        get_square_intensity:core/slc#1                                                                                                                                                              0.0000 2.5743  
        get_square_intensity:core/slc#1.itm                                                                                                                                                          0.0000 2.5743  
        get_square_intensity:core/mux#1                                mgc_mux_1_1_2                                                                                                                 0.3690 2.9433  
        get_square_intensity:core/mux#1.itm                                                                                                                                                          0.0000 2.9433  
        get_square_intensity:core/reg(last_pixel:rsc:mgc_out_stdreg.d) mgc_reg_pos_1_1_0_0_0_1_1                                                                                                     0.0000 2.9433  
                                                                                                                                                                                                                    
      3                                                                get_square_intensity:core/y_top_left:rsc:mgc_in_wire.d         get_square_intensity:core/reg(last_pixel:rsc:mgc_out_stdreg.d) 1.5749 18.4251 
                                                                                                                                                                                                                    
        Instance                                                       Component                                                                                                                     Delta  Delay   
        --------                                                       ---------                                                                                                                     -----  -----   
        get_square_intensity:core/y_top_left:rsc:mgc_in_wire.d                                                                                                                                       0.0000 0.0000  
        get_square_intensity:core/conc#2                                                                                                                                                             0.0000 0.0000  
        get_square_intensity:core/conc#2.itm                                                                                                                                                         0.0000 0.0000  
        get_square_intensity:core/if#1:acc                             mgc_add_11_0_11_1_12                                                                                                          1.2059 1.2059  
        get_square_intensity:core/if#1:acc.itm                                                                                                                                                       0.0000 1.2059  
        get_square_intensity:core/slc#1                                                                                                                                                              0.0000 1.2059  
        get_square_intensity:core/slc#1.itm                                                                                                                                                          0.0000 1.2059  
        get_square_intensity:core/mux#1                                mgc_mux_1_1_2                                                                                                                 0.3690 1.5749  
        get_square_intensity:core/mux#1.itm                                                                                                                                                          0.0000 1.5749  
        get_square_intensity:core/reg(last_pixel:rsc:mgc_out_stdreg.d) mgc_reg_pos_1_1_0_0_0_1_1                                                                                                     0.0000 1.5749  
                                                                                                                                                                                                                    
      4                                                                get_square_intensity:core/get_square_intensity:core:fsm:inst   get_square_intensity:core/reg(last_pixel:rsc:mgc_out_stdreg.d) 0.3690 19.6310 
                                                                                                                                                                                                                    
        Instance                                                       Component                                                                                                                     Delta  Delay   
        --------                                                       ---------                                                                                                                     -----  -----   
        get_square_intensity:core/get_square_intensity:core:fsm:inst   get_square_intensity:core:fsm                                                                                                 0.0000 0.0000  
        get_square_intensity:core/fsm_output                                                                                                                                                         0.0000 0.0000  
        get_square_intensity:core/slc(fsm_output)                                                                                                                                                    0.0000 0.0000  
        get_square_intensity:core/slc(fsm_output).itm                                                                                                                                                0.0000 0.0000  
        get_square_intensity:core/mux#1                                mgc_mux_1_1_2                                                                                                                 0.3690 0.3690  
        get_square_intensity:core/mux#1.itm                                                                                                                                                          0.0000 0.3690  
        get_square_intensity:core/reg(last_pixel:rsc:mgc_out_stdreg.d) mgc_reg_pos_1_1_0_0_0_1_1                                                                                                     0.0000 0.3690  
                                                                                                                                                                                                                    
      5                                                                get_square_intensity:core/reg(last_pixel:rsc:mgc_out_stdreg.d) get_square_intensity:core/reg(last_pixel:rsc:mgc_out_stdreg.d) 0.3690 19.6310 
                                                                                                                                                                                                                    
        Instance                                                       Component                                                                                                                     Delta  Delay   
        --------                                                       ---------                                                                                                                     -----  -----   
        get_square_intensity:core/reg(last_pixel:rsc:mgc_out_stdreg.d) mgc_reg_pos_1_1_0_0_0_1_1                                                                                                     0.0000 0.0000  
        get_square_intensity:core/last_pixel:rsc:mgc_out_stdreg.d                                                                                                                                    0.0000 0.0000  
        get_square_intensity:core/mux#1                                mgc_mux_1_1_2                                                                                                                 0.3690 0.3690  
        get_square_intensity:core/mux#1.itm                                                                                                                                                          0.0000 0.3690  
        get_square_intensity:core/reg(last_pixel:rsc:mgc_out_stdreg.d) mgc_reg_pos_1_1_0_0_0_1_1                                                                                                     0.0000 0.3690  
                                                                                                                                                                                                                    
      6                                                                get_square_intensity:core/video_in:rsc:mgc_in_wire.d           get_square_intensity:core/reg(video_out:rsc:mgc_out_stdreg.d)  0.3690 19.6310 
                                                                                                                                                                                                                    
        Instance                                                       Component                                                                                                                     Delta  Delay   
        --------                                                       ---------                                                                                                                     -----  -----   
        get_square_intensity:core/video_in:rsc:mgc_in_wire.d                                                                                                                                         0.0000 0.0000  
        get_square_intensity:core/mux                                  mgc_mux_30_1_2                                                                                                                0.3690 0.3690  
        get_square_intensity:core/mux.itm                                                                                                                                                            0.0000 0.3690  
        get_square_intensity:core/reg(video_out:rsc:mgc_out_stdreg.d)  mgc_reg_pos_30_1_0_0_0_1_1                                                                                                    0.0000 0.3690  
                                                                                                                                                                                                                    
      7                                                                get_square_intensity:core/reg(video_out:rsc:mgc_out_stdreg.d)  get_square_intensity:core/reg(video_out:rsc:mgc_out_stdreg.d)  0.3690 19.6310 
                                                                                                                                                                                                                    
        Instance                                                       Component                                                                                                                     Delta  Delay   
        --------                                                       ---------                                                                                                                     -----  -----   
        get_square_intensity:core/reg(video_out:rsc:mgc_out_stdreg.d)  mgc_reg_pos_30_1_0_0_0_1_1                                                                                                    0.0000 0.0000  
        get_square_intensity:core/video_out:rsc:mgc_out_stdreg.d                                                                                                                                     0.0000 0.0000  
        get_square_intensity:core/mux                                  mgc_mux_30_1_2                                                                                                                0.3690 0.3690  
        get_square_intensity:core/mux.itm                                                                                                                                                            0.0000 0.3690  
        get_square_intensity:core/reg(video_out:rsc:mgc_out_stdreg.d)  mgc_reg_pos_30_1_0_0_0_1_1                                                                                                    0.0000 0.3690  
                                                                                                                                                                                                                    
      8                                                                get_square_intensity:core/get_square_intensity:core:fsm:inst   get_square_intensity:core/reg(video_out:rsc:mgc_out_stdreg.d)  0.3690 19.6310 
                                                                                                                                                                                                                    
        Instance                                                       Component                                                                                                                     Delta  Delay   
        --------                                                       ---------                                                                                                                     -----  -----   
        get_square_intensity:core/get_square_intensity:core:fsm:inst   get_square_intensity:core:fsm                                                                                                 0.0000 0.0000  
        get_square_intensity:core/fsm_output                                                                                                                                                         0.0000 0.0000  
        get_square_intensity:core/slc(fsm_output)#2                                                                                                                                                  0.0000 0.0000  
        get_square_intensity:core/slc(fsm_output)#2.itm                                                                                                                                              0.0000 0.0000  
        get_square_intensity:core/mux                                  mgc_mux_30_1_2                                                                                                                0.3690 0.3690  
        get_square_intensity:core/mux.itm                                                                                                                                                            0.0000 0.3690  
        get_square_intensity:core/reg(video_out:rsc:mgc_out_stdreg.d)  mgc_reg_pos_30_1_0_0_0_1_1                                                                                                    0.0000 0.3690  
                                                                                                                                                                                                                    
      
    Register Input and Register-to-Output Slack
      Clock period or pin-to-reg delay constraint (clk): 20.0
      Clock uncertainty constraint (clk)               : 0.0
      
      Instance                                                       Port                 Slack (Delay) Messages 
      -------------------------------------------------------------- ------------------ ------- ------- --------
      get_square_intensity:core/reg(video_out:rsc:mgc_out_stdreg.d)  mux.itm            19.6310  0.3690          
      get_square_intensity:core/reg(last_pixel:rsc:mgc_out_stdreg.d) mux#1.itm          17.0567  2.9433          
      get_square_intensity                                           white_or_not:rsc.z 20.0000  0.0000          
      get_square_intensity                                           last_pixel:rsc.z   20.0000  0.0000          
      get_square_intensity                                           video_out:rsc.z    20.0000  0.0000          
      
  Operator Bitwidth Summary
    Operation  Size (bits) Count 
    ---------- ----------- -----
    add                          
    -                   12     2 
    mux                          
    -                    1     2 
    not                          
    -                   10     1 
    read_port                    
    -                   30     1 
    -                   20     1 
    -                   10     2 
    reg                          
    -                   30     1 
    -                    1     1 
    write_port                   
    -                   30     1 
    -                    1     2 
    
  End of Report
