Analysis & Synthesis report for sobel
Tue May 03 15:30:49 2016
Quartus II 64-Bit Version 13.0.1 Build 232 06/12/2013 Service Pack 1 SJ Full Version


---------------------
; Table of Contents ;
---------------------
  1. Legal Notice
  2. Analysis & Synthesis Summary
  3. Analysis & Synthesis Settings
  4. Parallel Compilation
  5. Analysis & Synthesis Source Files Read
  6. Analysis & Synthesis Resource Usage Summary
  7. Analysis & Synthesis Resource Utilization by Entity
  8. General Register Statistics
  9. Parameter Settings for User Entity Instance: mgc_in_wire:vin_rsc_mgc_in_wire
 10. Parameter Settings for User Entity Instance: mgc_out_stdreg:vout_rsc_mgc_out_stdreg
 11. Parameter Settings for Inferred Entity Instance: sobel_core:sobel_core_inst|lpm_mult:Mult0
 12. Parameter Settings for Inferred Entity Instance: sobel_core:sobel_core_inst|lpm_mult:Mult1
 13. Parameter Settings for Inferred Entity Instance: sobel_core:sobel_core_inst|lpm_mult:Mult5
 14. Parameter Settings for Inferred Entity Instance: sobel_core:sobel_core_inst|lpm_mult:Mult4
 15. Parameter Settings for Inferred Entity Instance: sobel_core:sobel_core_inst|lpm_mult:Mult8
 16. Parameter Settings for Inferred Entity Instance: sobel_core:sobel_core_inst|lpm_mult:Mult2
 17. Parameter Settings for Inferred Entity Instance: sobel_core:sobel_core_inst|lpm_mult:Mult3
 18. Parameter Settings for Inferred Entity Instance: sobel_core:sobel_core_inst|lpm_mult:Mult7
 19. Parameter Settings for Inferred Entity Instance: sobel_core:sobel_core_inst|lpm_mult:Mult6
 20. lpm_mult Parameter Settings by Entity Instance
 21. Elapsed Time Per Partition
 22. Analysis & Synthesis Messages



----------------
; Legal Notice ;
----------------
Copyright (C) 1991-2013 Altera Corporation
Your use of Altera Corporation's design tools, logic functions 
and other software and tools, and its AMPP partner logic 
functions, and any output files from any of the foregoing 
(including device programming or simulation files), and any 
associated documentation or information are expressly subject 
to the terms and conditions of the Altera Program License 
Subscription Agreement, Altera MegaCore Function License 
Agreement, or other applicable license agreement, including, 
without limitation, that your use is for the sole purpose of 
programming logic devices manufactured by Altera and sold by 
Altera or its authorized distributors.  Please refer to the 
applicable agreement for further details.



+---------------------------------------------------------------------------------------+
; Analysis & Synthesis Summary                                                          ;
+------------------------------------+--------------------------------------------------+
; Analysis & Synthesis Status        ; Successful - Tue May 03 15:30:49 2016            ;
; Quartus II 64-Bit Version          ; 13.0.1 Build 232 06/12/2013 SP 1 SJ Full Version ;
; Revision Name                      ; sobel                                            ;
; Top-level Entity Name              ; sobel                                            ;
; Family                             ; Cyclone III                                      ;
; Total logic elements               ; 1,673                                            ;
;     Total combinational functions  ; 1,471                                            ;
;     Dedicated logic registers      ; 253                                              ;
; Total registers                    ; 253                                              ;
; Total pins                         ; 123                                              ;
; Total virtual pins                 ; 0                                                ;
; Total memory bits                  ; 0                                                ;
; Embedded Multiplier 9-bit elements ; 0                                                ;
; Total PLLs                         ; 0                                                ;
+------------------------------------+--------------------------------------------------+


+----------------------------------------------------------------------------------------------------------------------+
; Analysis & Synthesis Settings                                                                                        ;
+----------------------------------------------------------------------------+--------------------+--------------------+
; Option                                                                     ; Setting            ; Default Value      ;
+----------------------------------------------------------------------------+--------------------+--------------------+
; Device                                                                     ; EP3C16F484C6       ;                    ;
; Top-level entity name                                                      ; sobel              ; sobel              ;
; Family name                                                                ; Cyclone III        ; Cyclone IV GX      ;
; Use smart compilation                                                      ; Off                ; Off                ;
; Enable parallel Assembler and TimeQuest Timing Analyzer during compilation ; On                 ; On                 ;
; Enable compact report table                                                ; Off                ; Off                ;
; Restructure Multiplexers                                                   ; Auto               ; Auto               ;
; Create Debugging Nodes for IP Cores                                        ; Off                ; Off                ;
; Preserve fewer node names                                                  ; On                 ; On                 ;
; Disable OpenCore Plus hardware evaluation                                  ; Off                ; Off                ;
; Verilog Version                                                            ; Verilog_2001       ; Verilog_2001       ;
; VHDL Version                                                               ; VHDL_1993          ; VHDL_1993          ;
; State Machine Processing                                                   ; Auto               ; Auto               ;
; Safe State Machine                                                         ; Off                ; Off                ;
; Extract Verilog State Machines                                             ; On                 ; On                 ;
; Extract VHDL State Machines                                                ; On                 ; On                 ;
; Ignore Verilog initial constructs                                          ; Off                ; Off                ;
; Iteration limit for constant Verilog loops                                 ; 5000               ; 5000               ;
; Iteration limit for non-constant Verilog loops                             ; 250                ; 250                ;
; Add Pass-Through Logic to Inferred RAMs                                    ; On                 ; On                 ;
; Infer RAMs from Raw Logic                                                  ; On                 ; On                 ;
; Parallel Synthesis                                                         ; On                 ; On                 ;
; DSP Block Balancing                                                        ; Auto               ; Auto               ;
; NOT Gate Push-Back                                                         ; On                 ; On                 ;
; Power-Up Don't Care                                                        ; On                 ; On                 ;
; Remove Redundant Logic Cells                                               ; Off                ; Off                ;
; Remove Duplicate Registers                                                 ; On                 ; On                 ;
; Ignore CARRY Buffers                                                       ; Off                ; Off                ;
; Ignore CASCADE Buffers                                                     ; Off                ; Off                ;
; Ignore GLOBAL Buffers                                                      ; Off                ; Off                ;
; Ignore ROW GLOBAL Buffers                                                  ; Off                ; Off                ;
; Ignore LCELL Buffers                                                       ; Off                ; Off                ;
; Ignore SOFT Buffers                                                        ; On                 ; On                 ;
; Limit AHDL Integers to 32 Bits                                             ; Off                ; Off                ;
; Optimization Technique                                                     ; Balanced           ; Balanced           ;
; Carry Chain Length                                                         ; 70                 ; 70                 ;
; Auto Carry Chains                                                          ; On                 ; On                 ;
; Auto Open-Drain Pins                                                       ; On                 ; On                 ;
; Perform WYSIWYG Primitive Resynthesis                                      ; Off                ; Off                ;
; Auto ROM Replacement                                                       ; On                 ; On                 ;
; Auto RAM Replacement                                                       ; On                 ; On                 ;
; Auto DSP Block Replacement                                                 ; On                 ; On                 ;
; Auto Shift Register Replacement                                            ; Auto               ; Auto               ;
; Allow Shift Register Merging across Hierarchies                            ; Auto               ; Auto               ;
; Auto Clock Enable Replacement                                              ; On                 ; On                 ;
; Strict RAM Replacement                                                     ; Off                ; Off                ;
; Allow Synchronous Control Signals                                          ; On                 ; On                 ;
; Force Use of Synchronous Clear Signals                                     ; Off                ; Off                ;
; Auto RAM Block Balancing                                                   ; On                 ; On                 ;
; Auto RAM to Logic Cell Conversion                                          ; Off                ; Off                ;
; Auto Resource Sharing                                                      ; Off                ; Off                ;
; Allow Any RAM Size For Recognition                                         ; Off                ; Off                ;
; Allow Any ROM Size For Recognition                                         ; Off                ; Off                ;
; Allow Any Shift Register Size For Recognition                              ; Off                ; Off                ;
; Use LogicLock Constraints during Resource Balancing                        ; On                 ; On                 ;
; Ignore translate_off and synthesis_off directives                          ; Off                ; Off                ;
; Timing-Driven Synthesis                                                    ; On                 ; On                 ;
; Report Parameter Settings                                                  ; On                 ; On                 ;
; Report Source Assignments                                                  ; On                 ; On                 ;
; Report Connectivity Checks                                                 ; On                 ; On                 ;
; Ignore Maximum Fan-Out Assignments                                         ; Off                ; Off                ;
; Synchronization Register Chain Length                                      ; 2                  ; 2                  ;
; PowerPlay Power Optimization                                               ; Normal compilation ; Normal compilation ;
; HDL message level                                                          ; Level2             ; Level2             ;
; Suppress Register Optimization Related Messages                            ; Off                ; Off                ;
; Number of Removed Registers Reported in Synthesis Report                   ; 5000               ; 5000               ;
; Number of Swept Nodes Reported in Synthesis Report                         ; 5000               ; 5000               ;
; Number of Inverted Registers Reported in Synthesis Report                  ; 100                ; 100                ;
; Clock MUX Protection                                                       ; On                 ; On                 ;
; Auto Gated Clock Conversion                                                ; Off                ; Off                ;
; Block Design Naming                                                        ; Auto               ; Auto               ;
; SDC constraint protection                                                  ; Off                ; Off                ;
; Synthesis Effort                                                           ; Auto               ; Auto               ;
; Shift Register Replacement - Allow Asynchronous Clear Signal               ; On                 ; On                 ;
; Pre-Mapping Resynthesis Optimization                                       ; Off                ; Off                ;
; Analysis & Synthesis Message Level                                         ; Medium             ; Medium             ;
; Disable Register Merging Across Hierarchies                                ; Auto               ; Auto               ;
; Resource Aware Inference For Block RAM                                     ; On                 ; On                 ;
; Synthesis Seed                                                             ; 1                  ; 1                  ;
+----------------------------------------------------------------------------+--------------------+--------------------+


+------------------------------------------+
; Parallel Compilation                     ;
+----------------------------+-------------+
; Processors                 ; Number      ;
+----------------------------+-------------+
; Number detected on machine ; 8           ;
; Maximum allowed            ; 4           ;
;                            ;             ;
; Average used               ; 1.00        ;
; Maximum used               ; 4           ;
;                            ;             ;
; Usage by Processor         ; % Time Used ;
;     Processor 1            ; 100.0%      ;
;     Processors 2-4         ; < 0.1%      ;
;     Processors 5-8         ;   0.0%      ;
+----------------------------+-------------+


+--------------------------------------------------------------------------------------------------------------------------------------------------------------------+
; Analysis & Synthesis Source Files Read                                                                                                                             ;
+----------------------------------+-----------------+------------------------------+----------------------------------------------------------------------+---------+
; File Name with User-Entered Path ; Used in Netlist ; File Type                    ; File Name with Absolute Path                                         ; Library ;
+----------------------------------+-----------------+------------------------------+----------------------------------------------------------------------+---------+
; ../sobel.v12/rtl_mgc_ioport.v    ; yes             ; User Verilog HDL File        ; C:/git/sobel_filter/Sobel/sobel.v12/rtl_mgc_ioport.v                 ;         ;
; sobel.v                          ; yes             ; Auto-Found Verilog HDL File  ; C:/git/sobel_filter/Sobel/Sobel Quartus/sobel.v                      ;         ;
; lpm_mult.tdf                     ; yes             ; Megafunction                 ; c:/altera/13.0sp1/quartus/libraries/megafunctions/lpm_mult.tdf       ;         ;
; aglobal130.inc                   ; yes             ; Megafunction                 ; c:/altera/13.0sp1/quartus/libraries/megafunctions/aglobal130.inc     ;         ;
; lpm_add_sub.inc                  ; yes             ; Megafunction                 ; c:/altera/13.0sp1/quartus/libraries/megafunctions/lpm_add_sub.inc    ;         ;
; multcore.inc                     ; yes             ; Megafunction                 ; c:/altera/13.0sp1/quartus/libraries/megafunctions/multcore.inc       ;         ;
; bypassff.inc                     ; yes             ; Megafunction                 ; c:/altera/13.0sp1/quartus/libraries/megafunctions/bypassff.inc       ;         ;
; altshift.inc                     ; yes             ; Megafunction                 ; c:/altera/13.0sp1/quartus/libraries/megafunctions/altshift.inc       ;         ;
; multcore.tdf                     ; yes             ; Megafunction                 ; c:/altera/13.0sp1/quartus/libraries/megafunctions/multcore.tdf       ;         ;
; csa_add.inc                      ; yes             ; Megafunction                 ; c:/altera/13.0sp1/quartus/libraries/megafunctions/csa_add.inc        ;         ;
; mpar_add.inc                     ; yes             ; Megafunction                 ; c:/altera/13.0sp1/quartus/libraries/megafunctions/mpar_add.inc       ;         ;
; muleabz.inc                      ; yes             ; Megafunction                 ; c:/altera/13.0sp1/quartus/libraries/megafunctions/muleabz.inc        ;         ;
; mul_lfrg.inc                     ; yes             ; Megafunction                 ; c:/altera/13.0sp1/quartus/libraries/megafunctions/mul_lfrg.inc       ;         ;
; mul_boothc.inc                   ; yes             ; Megafunction                 ; c:/altera/13.0sp1/quartus/libraries/megafunctions/mul_boothc.inc     ;         ;
; alt_ded_mult.inc                 ; yes             ; Megafunction                 ; c:/altera/13.0sp1/quartus/libraries/megafunctions/alt_ded_mult.inc   ;         ;
; alt_ded_mult_y.inc               ; yes             ; Megafunction                 ; c:/altera/13.0sp1/quartus/libraries/megafunctions/alt_ded_mult_y.inc ;         ;
; dffpipe.inc                      ; yes             ; Megafunction                 ; c:/altera/13.0sp1/quartus/libraries/megafunctions/dffpipe.inc        ;         ;
; mpar_add.tdf                     ; yes             ; Megafunction                 ; c:/altera/13.0sp1/quartus/libraries/megafunctions/mpar_add.tdf       ;         ;
; altshift.tdf                     ; yes             ; Megafunction                 ; c:/altera/13.0sp1/quartus/libraries/megafunctions/altshift.tdf       ;         ;
+----------------------------------+-----------------+------------------------------+----------------------------------------------------------------------+---------+


+---------------------------------------------------------+
; Analysis & Synthesis Resource Usage Summary             ;
+---------------------------------------------+-----------+
; Resource                                    ; Usage     ;
+---------------------------------------------+-----------+
; Estimated Total logic elements              ; 1,673     ;
;                                             ;           ;
; Total combinational functions               ; 1471      ;
; Logic element usage by number of LUT inputs ;           ;
;     -- 4 input functions                    ; 221       ;
;     -- 3 input functions                    ; 886       ;
;     -- <=2 input functions                  ; 364       ;
;                                             ;           ;
; Logic elements by mode                      ;           ;
;     -- normal mode                          ; 591       ;
;     -- arithmetic mode                      ; 880       ;
;                                             ;           ;
; Total registers                             ; 253       ;
;     -- Dedicated logic registers            ; 253       ;
;     -- I/O registers                        ; 0         ;
;                                             ;           ;
; I/O pins                                    ; 123       ;
; Embedded Multiplier 9-bit elements          ; 0         ;
; Maximum fan-out node                        ; clk~input ;
; Maximum fan-out                             ; 253       ;
; Total fan-out                               ; 5239      ;
; Average fan-out                             ; 2.66      ;
+---------------------------------------------+-----------+


+----------------------------------------------------------------------------------------------------------------------------------------------------------------------------------------------------------------------------------+
; Analysis & Synthesis Resource Utilization by Entity                                                                                                                                                                              ;
+---------------------------------+-------------------+--------------+-------------+--------------+---------+-----------+------+--------------+---------------------------------------------------------------------+--------------+
; Compilation Hierarchy Node      ; LC Combinationals ; LC Registers ; Memory Bits ; DSP Elements ; DSP 9x9 ; DSP 18x18 ; Pins ; Virtual Pins ; Full Hierarchy Name                                                 ; Library Name ;
+---------------------------------+-------------------+--------------+-------------+--------------+---------+-----------+------+--------------+---------------------------------------------------------------------+--------------+
; |sobel                          ; 1471 (0)          ; 253 (0)      ; 0           ; 0            ; 0       ; 0         ; 123  ; 0            ; |sobel                                                              ; work         ;
;    |sobel_core:sobel_core_inst| ; 1471 (1431)       ; 253 (253)    ; 0           ; 0            ; 0       ; 0         ; 0    ; 0            ; |sobel|sobel_core:sobel_core_inst                                   ; work         ;
;       |lpm_mult:Mult1|          ; 5 (0)             ; 0 (0)        ; 0           ; 0            ; 0       ; 0         ; 0    ; 0            ; |sobel|sobel_core:sobel_core_inst|lpm_mult:Mult1                    ; work         ;
;          |multcore:mult_core|   ; 5 (5)             ; 0 (0)        ; 0           ; 0            ; 0       ; 0         ; 0    ; 0            ; |sobel|sobel_core:sobel_core_inst|lpm_mult:Mult1|multcore:mult_core ; work         ;
;       |lpm_mult:Mult2|          ; 6 (0)             ; 0 (0)        ; 0           ; 0            ; 0       ; 0         ; 0    ; 0            ; |sobel|sobel_core:sobel_core_inst|lpm_mult:Mult2                    ; work         ;
;          |multcore:mult_core|   ; 6 (6)             ; 0 (0)        ; 0           ; 0            ; 0       ; 0         ; 0    ; 0            ; |sobel|sobel_core:sobel_core_inst|lpm_mult:Mult2|multcore:mult_core ; work         ;
;       |lpm_mult:Mult4|          ; 9 (0)             ; 0 (0)        ; 0           ; 0            ; 0       ; 0         ; 0    ; 0            ; |sobel|sobel_core:sobel_core_inst|lpm_mult:Mult4                    ; work         ;
;          |multcore:mult_core|   ; 9 (9)             ; 0 (0)        ; 0           ; 0            ; 0       ; 0         ; 0    ; 0            ; |sobel|sobel_core:sobel_core_inst|lpm_mult:Mult4|multcore:mult_core ; work         ;
;       |lpm_mult:Mult5|          ; 2 (0)             ; 0 (0)        ; 0           ; 0            ; 0       ; 0         ; 0    ; 0            ; |sobel|sobel_core:sobel_core_inst|lpm_mult:Mult5                    ; work         ;
;          |multcore:mult_core|   ; 2 (2)             ; 0 (0)        ; 0           ; 0            ; 0       ; 0         ; 0    ; 0            ; |sobel|sobel_core:sobel_core_inst|lpm_mult:Mult5|multcore:mult_core ; work         ;
;       |lpm_mult:Mult6|          ; 6 (0)             ; 0 (0)        ; 0           ; 0            ; 0       ; 0         ; 0    ; 0            ; |sobel|sobel_core:sobel_core_inst|lpm_mult:Mult6                    ; work         ;
;          |multcore:mult_core|   ; 6 (6)             ; 0 (0)        ; 0           ; 0            ; 0       ; 0         ; 0    ; 0            ; |sobel|sobel_core:sobel_core_inst|lpm_mult:Mult6|multcore:mult_core ; work         ;
;       |lpm_mult:Mult7|          ; 6 (0)             ; 0 (0)        ; 0           ; 0            ; 0       ; 0         ; 0    ; 0            ; |sobel|sobel_core:sobel_core_inst|lpm_mult:Mult7                    ; work         ;
;          |multcore:mult_core|   ; 6 (6)             ; 0 (0)        ; 0           ; 0            ; 0       ; 0         ; 0    ; 0            ; |sobel|sobel_core:sobel_core_inst|lpm_mult:Mult7|multcore:mult_core ; work         ;
;       |lpm_mult:Mult8|          ; 6 (0)             ; 0 (0)        ; 0           ; 0            ; 0       ; 0         ; 0    ; 0            ; |sobel|sobel_core:sobel_core_inst|lpm_mult:Mult8                    ; work         ;
;          |multcore:mult_core|   ; 6 (6)             ; 0 (0)        ; 0           ; 0            ; 0       ; 0         ; 0    ; 0            ; |sobel|sobel_core:sobel_core_inst|lpm_mult:Mult8|multcore:mult_core ; work         ;
+---------------------------------+-------------------+--------------+-------------+--------------+---------+-----------+------+--------------+---------------------------------------------------------------------+--------------+
Note: For table entries with two numbers listed, the numbers in parentheses indicate the number of resources of the given type used by the specific entity alone. The numbers listed outside of parentheses indicate the total resources of the given type used by the specific entity and all of its sub-entities in the hierarchy.


+------------------------------------------------------+
; General Register Statistics                          ;
+----------------------------------------------+-------+
; Statistic                                    ; Value ;
+----------------------------------------------+-------+
; Total registers                              ; 253   ;
; Number of registers using Synchronous Clear  ; 0     ;
; Number of registers using Synchronous Load   ; 0     ;
; Number of registers using Asynchronous Clear ; 253   ;
; Number of registers using Asynchronous Load  ; 0     ;
; Number of registers using Clock Enable       ; 253   ;
; Number of registers using Preset             ; 0     ;
+----------------------------------------------+-------+


+------------------------------------------------------------------------------+
; Parameter Settings for User Entity Instance: mgc_in_wire:vin_rsc_mgc_in_wire ;
+----------------+-------+-----------------------------------------------------+
; Parameter Name ; Value ; Type                                                ;
+----------------+-------+-----------------------------------------------------+
; rscid          ; 1     ; Signed Integer                                      ;
; width          ; 90    ; Signed Integer                                      ;
+----------------+-------+-----------------------------------------------------+
Note: In order to hide this table in the UI and the text report file, please set the "Show Parameter Settings in Synthesis Report" option in "Analysis and Synthesis Settings -> More Settings" to "Off".


+-------------------------------------------------------------------------------------+
; Parameter Settings for User Entity Instance: mgc_out_stdreg:vout_rsc_mgc_out_stdreg ;
+----------------+-------+------------------------------------------------------------+
; Parameter Name ; Value ; Type                                                       ;
+----------------+-------+------------------------------------------------------------+
; rscid          ; 2     ; Signed Integer                                             ;
; width          ; 30    ; Signed Integer                                             ;
+----------------+-------+------------------------------------------------------------+
Note: In order to hide this table in the UI and the text report file, please set the "Show Parameter Settings in Synthesis Report" option in "Analysis and Synthesis Settings -> More Settings" to "Off".


+--------------------------------------------------------------------------------------------+
; Parameter Settings for Inferred Entity Instance: sobel_core:sobel_core_inst|lpm_mult:Mult0 ;
+------------------------------------------------+-------------+-----------------------------+
; Parameter Name                                 ; Value       ; Type                        ;
+------------------------------------------------+-------------+-----------------------------+
; AUTO_CARRY_CHAINS                              ; ON          ; AUTO_CARRY                  ;
; IGNORE_CARRY_BUFFERS                           ; OFF         ; IGNORE_CARRY                ;
; AUTO_CASCADE_CHAINS                            ; ON          ; AUTO_CASCADE                ;
; IGNORE_CASCADE_BUFFERS                         ; OFF         ; IGNORE_CASCADE              ;
; LPM_WIDTHA                                     ; 2           ; Untyped                     ;
; LPM_WIDTHB                                     ; 9           ; Untyped                     ;
; LPM_WIDTHP                                     ; 11          ; Untyped                     ;
; LPM_WIDTHR                                     ; 11          ; Untyped                     ;
; LPM_WIDTHS                                     ; 1           ; Untyped                     ;
; LPM_REPRESENTATION                             ; UNSIGNED    ; Untyped                     ;
; LPM_PIPELINE                                   ; 0           ; Untyped                     ;
; LATENCY                                        ; 0           ; Untyped                     ;
; INPUT_A_IS_CONSTANT                            ; NO          ; Untyped                     ;
; INPUT_B_IS_CONSTANT                            ; YES         ; Untyped                     ;
; USE_EAB                                        ; OFF         ; Untyped                     ;
; MAXIMIZE_SPEED                                 ; 5           ; Untyped                     ;
; DEVICE_FAMILY                                  ; Cyclone III ; Untyped                     ;
; CARRY_CHAIN                                    ; MANUAL      ; Untyped                     ;
; APEX20K_TECHNOLOGY_MAPPER                      ; LUT         ; TECH_MAPPER_APEX20K         ;
; DEDICATED_MULTIPLIER_CIRCUITRY                 ; AUTO        ; Untyped                     ;
; DEDICATED_MULTIPLIER_MIN_INPUT_WIDTH_FOR_AUTO  ; 0           ; Untyped                     ;
; DEDICATED_MULTIPLIER_MIN_OUTPUT_WIDTH_FOR_AUTO ; 0           ; Untyped                     ;
; CBXI_PARAMETER                                 ; NOTHING     ; Untyped                     ;
; INPUT_A_FIXED_VALUE                            ; Bx          ; Untyped                     ;
; INPUT_B_FIXED_VALUE                            ; Bx          ; Untyped                     ;
; USE_AHDL_IMPLEMENTATION                        ; OFF         ; Untyped                     ;
+------------------------------------------------+-------------+-----------------------------+
Note: In order to hide this table in the UI and the text report file, please set the "Show Parameter Settings in Synthesis Report" option in "Analysis and Synthesis Settings -> More Settings" to "Off".


+--------------------------------------------------------------------------------------------+
; Parameter Settings for Inferred Entity Instance: sobel_core:sobel_core_inst|lpm_mult:Mult1 ;
+------------------------------------------------+-------------+-----------------------------+
; Parameter Name                                 ; Value       ; Type                        ;
+------------------------------------------------+-------------+-----------------------------+
; AUTO_CARRY_CHAINS                              ; ON          ; AUTO_CARRY                  ;
; IGNORE_CARRY_BUFFERS                           ; OFF         ; IGNORE_CARRY                ;
; AUTO_CASCADE_CHAINS                            ; ON          ; AUTO_CASCADE                ;
; IGNORE_CASCADE_BUFFERS                         ; OFF         ; IGNORE_CASCADE              ;
; LPM_WIDTHA                                     ; 3           ; Untyped                     ;
; LPM_WIDTHB                                     ; 6           ; Untyped                     ;
; LPM_WIDTHP                                     ; 9           ; Untyped                     ;
; LPM_WIDTHR                                     ; 9           ; Untyped                     ;
; LPM_WIDTHS                                     ; 1           ; Untyped                     ;
; LPM_REPRESENTATION                             ; UNSIGNED    ; Untyped                     ;
; LPM_PIPELINE                                   ; 0           ; Untyped                     ;
; LATENCY                                        ; 0           ; Untyped                     ;
; INPUT_A_IS_CONSTANT                            ; NO          ; Untyped                     ;
; INPUT_B_IS_CONSTANT                            ; YES         ; Untyped                     ;
; USE_EAB                                        ; OFF         ; Untyped                     ;
; MAXIMIZE_SPEED                                 ; 5           ; Untyped                     ;
; DEVICE_FAMILY                                  ; Cyclone III ; Untyped                     ;
; CARRY_CHAIN                                    ; MANUAL      ; Untyped                     ;
; APEX20K_TECHNOLOGY_MAPPER                      ; LUT         ; TECH_MAPPER_APEX20K         ;
; DEDICATED_MULTIPLIER_CIRCUITRY                 ; AUTO        ; Untyped                     ;
; DEDICATED_MULTIPLIER_MIN_INPUT_WIDTH_FOR_AUTO  ; 0           ; Untyped                     ;
; DEDICATED_MULTIPLIER_MIN_OUTPUT_WIDTH_FOR_AUTO ; 0           ; Untyped                     ;
; CBXI_PARAMETER                                 ; NOTHING     ; Untyped                     ;
; INPUT_A_FIXED_VALUE                            ; Bx          ; Untyped                     ;
; INPUT_B_FIXED_VALUE                            ; Bx          ; Untyped                     ;
; USE_AHDL_IMPLEMENTATION                        ; OFF         ; Untyped                     ;
+------------------------------------------------+-------------+-----------------------------+
Note: In order to hide this table in the UI and the text report file, please set the "Show Parameter Settings in Synthesis Report" option in "Analysis and Synthesis Settings -> More Settings" to "Off".


+--------------------------------------------------------------------------------------------+
; Parameter Settings for Inferred Entity Instance: sobel_core:sobel_core_inst|lpm_mult:Mult5 ;
+------------------------------------------------+-------------+-----------------------------+
; Parameter Name                                 ; Value       ; Type                        ;
+------------------------------------------------+-------------+-----------------------------+
; AUTO_CARRY_CHAINS                              ; ON          ; AUTO_CARRY                  ;
; IGNORE_CARRY_BUFFERS                           ; OFF         ; IGNORE_CARRY                ;
; AUTO_CASCADE_CHAINS                            ; ON          ; AUTO_CASCADE                ;
; IGNORE_CASCADE_BUFFERS                         ; OFF         ; IGNORE_CASCADE              ;
; LPM_WIDTHA                                     ; 2           ; Untyped                     ;
; LPM_WIDTHB                                     ; 14          ; Untyped                     ;
; LPM_WIDTHP                                     ; 16          ; Untyped                     ;
; LPM_WIDTHR                                     ; 16          ; Untyped                     ;
; LPM_WIDTHS                                     ; 1           ; Untyped                     ;
; LPM_REPRESENTATION                             ; UNSIGNED    ; Untyped                     ;
; LPM_PIPELINE                                   ; 0           ; Untyped                     ;
; LATENCY                                        ; 0           ; Untyped                     ;
; INPUT_A_IS_CONSTANT                            ; NO          ; Untyped                     ;
; INPUT_B_IS_CONSTANT                            ; YES         ; Untyped                     ;
; USE_EAB                                        ; OFF         ; Untyped                     ;
; MAXIMIZE_SPEED                                 ; 5           ; Untyped                     ;
; DEVICE_FAMILY                                  ; Cyclone III ; Untyped                     ;
; CARRY_CHAIN                                    ; MANUAL      ; Untyped                     ;
; APEX20K_TECHNOLOGY_MAPPER                      ; LUT         ; TECH_MAPPER_APEX20K         ;
; DEDICATED_MULTIPLIER_CIRCUITRY                 ; AUTO        ; Untyped                     ;
; DEDICATED_MULTIPLIER_MIN_INPUT_WIDTH_FOR_AUTO  ; 0           ; Untyped                     ;
; DEDICATED_MULTIPLIER_MIN_OUTPUT_WIDTH_FOR_AUTO ; 0           ; Untyped                     ;
; CBXI_PARAMETER                                 ; NOTHING     ; Untyped                     ;
; INPUT_A_FIXED_VALUE                            ; Bx          ; Untyped                     ;
; INPUT_B_FIXED_VALUE                            ; Bx          ; Untyped                     ;
; USE_AHDL_IMPLEMENTATION                        ; OFF         ; Untyped                     ;
+------------------------------------------------+-------------+-----------------------------+
Note: In order to hide this table in the UI and the text report file, please set the "Show Parameter Settings in Synthesis Report" option in "Analysis and Synthesis Settings -> More Settings" to "Off".


+--------------------------------------------------------------------------------------------+
; Parameter Settings for Inferred Entity Instance: sobel_core:sobel_core_inst|lpm_mult:Mult4 ;
+------------------------------------------------+-------------+-----------------------------+
; Parameter Name                                 ; Value       ; Type                        ;
+------------------------------------------------+-------------+-----------------------------+
; AUTO_CARRY_CHAINS                              ; ON          ; AUTO_CARRY                  ;
; IGNORE_CARRY_BUFFERS                           ; OFF         ; IGNORE_CARRY                ;
; AUTO_CASCADE_CHAINS                            ; ON          ; AUTO_CASCADE                ;
; IGNORE_CASCADE_BUFFERS                         ; OFF         ; IGNORE_CASCADE              ;
; LPM_WIDTHA                                     ; 3           ; Untyped                     ;
; LPM_WIDTHB                                     ; 14          ; Untyped                     ;
; LPM_WIDTHP                                     ; 17          ; Untyped                     ;
; LPM_WIDTHR                                     ; 17          ; Untyped                     ;
; LPM_WIDTHS                                     ; 1           ; Untyped                     ;
; LPM_REPRESENTATION                             ; UNSIGNED    ; Untyped                     ;
; LPM_PIPELINE                                   ; 0           ; Untyped                     ;
; LATENCY                                        ; 0           ; Untyped                     ;
; INPUT_A_IS_CONSTANT                            ; NO          ; Untyped                     ;
; INPUT_B_IS_CONSTANT                            ; YES         ; Untyped                     ;
; USE_EAB                                        ; OFF         ; Untyped                     ;
; MAXIMIZE_SPEED                                 ; 5           ; Untyped                     ;
; DEVICE_FAMILY                                  ; Cyclone III ; Untyped                     ;
; CARRY_CHAIN                                    ; MANUAL      ; Untyped                     ;
; APEX20K_TECHNOLOGY_MAPPER                      ; LUT         ; TECH_MAPPER_APEX20K         ;
; DEDICATED_MULTIPLIER_CIRCUITRY                 ; AUTO        ; Untyped                     ;
; DEDICATED_MULTIPLIER_MIN_INPUT_WIDTH_FOR_AUTO  ; 0           ; Untyped                     ;
; DEDICATED_MULTIPLIER_MIN_OUTPUT_WIDTH_FOR_AUTO ; 0           ; Untyped                     ;
; CBXI_PARAMETER                                 ; NOTHING     ; Untyped                     ;
; INPUT_A_FIXED_VALUE                            ; Bx          ; Untyped                     ;
; INPUT_B_FIXED_VALUE                            ; Bx          ; Untyped                     ;
; USE_AHDL_IMPLEMENTATION                        ; OFF         ; Untyped                     ;
+------------------------------------------------+-------------+-----------------------------+
Note: In order to hide this table in the UI and the text report file, please set the "Show Parameter Settings in Synthesis Report" option in "Analysis and Synthesis Settings -> More Settings" to "Off".


+--------------------------------------------------------------------------------------------+
; Parameter Settings for Inferred Entity Instance: sobel_core:sobel_core_inst|lpm_mult:Mult8 ;
+------------------------------------------------+-------------+-----------------------------+
; Parameter Name                                 ; Value       ; Type                        ;
+------------------------------------------------+-------------+-----------------------------+
; AUTO_CARRY_CHAINS                              ; ON          ; AUTO_CARRY                  ;
; IGNORE_CARRY_BUFFERS                           ; OFF         ; IGNORE_CARRY                ;
; AUTO_CASCADE_CHAINS                            ; ON          ; AUTO_CASCADE                ;
; IGNORE_CASCADE_BUFFERS                         ; OFF         ; IGNORE_CASCADE              ;
; LPM_WIDTHA                                     ; 4           ; Untyped                     ;
; LPM_WIDTHB                                     ; 9           ; Untyped                     ;
; LPM_WIDTHP                                     ; 13          ; Untyped                     ;
; LPM_WIDTHR                                     ; 13          ; Untyped                     ;
; LPM_WIDTHS                                     ; 1           ; Untyped                     ;
; LPM_REPRESENTATION                             ; UNSIGNED    ; Untyped                     ;
; LPM_PIPELINE                                   ; 0           ; Untyped                     ;
; LATENCY                                        ; 0           ; Untyped                     ;
; INPUT_A_IS_CONSTANT                            ; NO          ; Untyped                     ;
; INPUT_B_IS_CONSTANT                            ; YES         ; Untyped                     ;
; USE_EAB                                        ; OFF         ; Untyped                     ;
; MAXIMIZE_SPEED                                 ; 5           ; Untyped                     ;
; DEVICE_FAMILY                                  ; Cyclone III ; Untyped                     ;
; CARRY_CHAIN                                    ; MANUAL      ; Untyped                     ;
; APEX20K_TECHNOLOGY_MAPPER                      ; LUT         ; TECH_MAPPER_APEX20K         ;
; DEDICATED_MULTIPLIER_CIRCUITRY                 ; AUTO        ; Untyped                     ;
; DEDICATED_MULTIPLIER_MIN_INPUT_WIDTH_FOR_AUTO  ; 0           ; Untyped                     ;
; DEDICATED_MULTIPLIER_MIN_OUTPUT_WIDTH_FOR_AUTO ; 0           ; Untyped                     ;
; CBXI_PARAMETER                                 ; NOTHING     ; Untyped                     ;
; INPUT_A_FIXED_VALUE                            ; Bx          ; Untyped                     ;
; INPUT_B_FIXED_VALUE                            ; Bx          ; Untyped                     ;
; USE_AHDL_IMPLEMENTATION                        ; OFF         ; Untyped                     ;
+------------------------------------------------+-------------+-----------------------------+
Note: In order to hide this table in the UI and the text report file, please set the "Show Parameter Settings in Synthesis Report" option in "Analysis and Synthesis Settings -> More Settings" to "Off".


+--------------------------------------------------------------------------------------------+
; Parameter Settings for Inferred Entity Instance: sobel_core:sobel_core_inst|lpm_mult:Mult2 ;
+------------------------------------------------+-------------+-----------------------------+
; Parameter Name                                 ; Value       ; Type                        ;
+------------------------------------------------+-------------+-----------------------------+
; AUTO_CARRY_CHAINS                              ; ON          ; AUTO_CARRY                  ;
; IGNORE_CARRY_BUFFERS                           ; OFF         ; IGNORE_CARRY                ;
; AUTO_CASCADE_CHAINS                            ; ON          ; AUTO_CASCADE                ;
; IGNORE_CASCADE_BUFFERS                         ; OFF         ; IGNORE_CASCADE              ;
; LPM_WIDTHA                                     ; 4           ; Untyped                     ;
; LPM_WIDTHB                                     ; 5           ; Untyped                     ;
; LPM_WIDTHP                                     ; 9           ; Untyped                     ;
; LPM_WIDTHR                                     ; 9           ; Untyped                     ;
; LPM_WIDTHS                                     ; 1           ; Untyped                     ;
; LPM_REPRESENTATION                             ; UNSIGNED    ; Untyped                     ;
; LPM_PIPELINE                                   ; 0           ; Untyped                     ;
; LATENCY                                        ; 0           ; Untyped                     ;
; INPUT_A_IS_CONSTANT                            ; NO          ; Untyped                     ;
; INPUT_B_IS_CONSTANT                            ; YES         ; Untyped                     ;
; USE_EAB                                        ; OFF         ; Untyped                     ;
; MAXIMIZE_SPEED                                 ; 5           ; Untyped                     ;
; DEVICE_FAMILY                                  ; Cyclone III ; Untyped                     ;
; CARRY_CHAIN                                    ; MANUAL      ; Untyped                     ;
; APEX20K_TECHNOLOGY_MAPPER                      ; LUT         ; TECH_MAPPER_APEX20K         ;
; DEDICATED_MULTIPLIER_CIRCUITRY                 ; AUTO        ; Untyped                     ;
; DEDICATED_MULTIPLIER_MIN_INPUT_WIDTH_FOR_AUTO  ; 0           ; Untyped                     ;
; DEDICATED_MULTIPLIER_MIN_OUTPUT_WIDTH_FOR_AUTO ; 0           ; Untyped                     ;
; CBXI_PARAMETER                                 ; NOTHING     ; Untyped                     ;
; INPUT_A_FIXED_VALUE                            ; Bx          ; Untyped                     ;
; INPUT_B_FIXED_VALUE                            ; Bx          ; Untyped                     ;
; USE_AHDL_IMPLEMENTATION                        ; OFF         ; Untyped                     ;
+------------------------------------------------+-------------+-----------------------------+
Note: In order to hide this table in the UI and the text report file, please set the "Show Parameter Settings in Synthesis Report" option in "Analysis and Synthesis Settings -> More Settings" to "Off".


+--------------------------------------------------------------------------------------------+
; Parameter Settings for Inferred Entity Instance: sobel_core:sobel_core_inst|lpm_mult:Mult3 ;
+------------------------------------------------+-------------+-----------------------------+
; Parameter Name                                 ; Value       ; Type                        ;
+------------------------------------------------+-------------+-----------------------------+
; AUTO_CARRY_CHAINS                              ; ON          ; AUTO_CARRY                  ;
; IGNORE_CARRY_BUFFERS                           ; OFF         ; IGNORE_CARRY                ;
; AUTO_CASCADE_CHAINS                            ; ON          ; AUTO_CASCADE                ;
; IGNORE_CASCADE_BUFFERS                         ; OFF         ; IGNORE_CASCADE              ;
; LPM_WIDTHA                                     ; 2           ; Untyped                     ;
; LPM_WIDTHB                                     ; 7           ; Untyped                     ;
; LPM_WIDTHP                                     ; 9           ; Untyped                     ;
; LPM_WIDTHR                                     ; 9           ; Untyped                     ;
; LPM_WIDTHS                                     ; 1           ; Untyped                     ;
; LPM_REPRESENTATION                             ; UNSIGNED    ; Untyped                     ;
; LPM_PIPELINE                                   ; 0           ; Untyped                     ;
; LATENCY                                        ; 0           ; Untyped                     ;
; INPUT_A_IS_CONSTANT                            ; NO          ; Untyped                     ;
; INPUT_B_IS_CONSTANT                            ; YES         ; Untyped                     ;
; USE_EAB                                        ; OFF         ; Untyped                     ;
; MAXIMIZE_SPEED                                 ; 5           ; Untyped                     ;
; DEVICE_FAMILY                                  ; Cyclone III ; Untyped                     ;
; CARRY_CHAIN                                    ; MANUAL      ; Untyped                     ;
; APEX20K_TECHNOLOGY_MAPPER                      ; LUT         ; TECH_MAPPER_APEX20K         ;
; DEDICATED_MULTIPLIER_CIRCUITRY                 ; AUTO        ; Untyped                     ;
; DEDICATED_MULTIPLIER_MIN_INPUT_WIDTH_FOR_AUTO  ; 0           ; Untyped                     ;
; DEDICATED_MULTIPLIER_MIN_OUTPUT_WIDTH_FOR_AUTO ; 0           ; Untyped                     ;
; CBXI_PARAMETER                                 ; NOTHING     ; Untyped                     ;
; INPUT_A_FIXED_VALUE                            ; Bx          ; Untyped                     ;
; INPUT_B_FIXED_VALUE                            ; Bx          ; Untyped                     ;
; USE_AHDL_IMPLEMENTATION                        ; OFF         ; Untyped                     ;
+------------------------------------------------+-------------+-----------------------------+
Note: In order to hide this table in the UI and the text report file, please set the "Show Parameter Settings in Synthesis Report" option in "Analysis and Synthesis Settings -> More Settings" to "Off".


+--------------------------------------------------------------------------------------------+
; Parameter Settings for Inferred Entity Instance: sobel_core:sobel_core_inst|lpm_mult:Mult7 ;
+------------------------------------------------+-------------+-----------------------------+
; Parameter Name                                 ; Value       ; Type                        ;
+------------------------------------------------+-------------+-----------------------------+
; AUTO_CARRY_CHAINS                              ; ON          ; AUTO_CARRY                  ;
; IGNORE_CARRY_BUFFERS                           ; OFF         ; IGNORE_CARRY                ;
; AUTO_CASCADE_CHAINS                            ; ON          ; AUTO_CASCADE                ;
; IGNORE_CASCADE_BUFFERS                         ; OFF         ; IGNORE_CASCADE              ;
; LPM_WIDTHA                                     ; 4           ; Untyped                     ;
; LPM_WIDTHB                                     ; 7           ; Untyped                     ;
; LPM_WIDTHP                                     ; 11          ; Untyped                     ;
; LPM_WIDTHR                                     ; 11          ; Untyped                     ;
; LPM_WIDTHS                                     ; 1           ; Untyped                     ;
; LPM_REPRESENTATION                             ; UNSIGNED    ; Untyped                     ;
; LPM_PIPELINE                                   ; 0           ; Untyped                     ;
; LATENCY                                        ; 0           ; Untyped                     ;
; INPUT_A_IS_CONSTANT                            ; NO          ; Untyped                     ;
; INPUT_B_IS_CONSTANT                            ; YES         ; Untyped                     ;
; USE_EAB                                        ; OFF         ; Untyped                     ;
; MAXIMIZE_SPEED                                 ; 5           ; Untyped                     ;
; DEVICE_FAMILY                                  ; Cyclone III ; Untyped                     ;
; CARRY_CHAIN                                    ; MANUAL      ; Untyped                     ;
; APEX20K_TECHNOLOGY_MAPPER                      ; LUT         ; TECH_MAPPER_APEX20K         ;
; DEDICATED_MULTIPLIER_CIRCUITRY                 ; AUTO        ; Untyped                     ;
; DEDICATED_MULTIPLIER_MIN_INPUT_WIDTH_FOR_AUTO  ; 0           ; Untyped                     ;
; DEDICATED_MULTIPLIER_MIN_OUTPUT_WIDTH_FOR_AUTO ; 0           ; Untyped                     ;
; CBXI_PARAMETER                                 ; NOTHING     ; Untyped                     ;
; INPUT_A_FIXED_VALUE                            ; Bx          ; Untyped                     ;
; INPUT_B_FIXED_VALUE                            ; Bx          ; Untyped                     ;
; USE_AHDL_IMPLEMENTATION                        ; OFF         ; Untyped                     ;
+------------------------------------------------+-------------+-----------------------------+
Note: In order to hide this table in the UI and the text report file, please set the "Show Parameter Settings in Synthesis Report" option in "Analysis and Synthesis Settings -> More Settings" to "Off".


+--------------------------------------------------------------------------------------------+
; Parameter Settings for Inferred Entity Instance: sobel_core:sobel_core_inst|lpm_mult:Mult6 ;
+------------------------------------------------+-------------+-----------------------------+
; Parameter Name                                 ; Value       ; Type                        ;
+------------------------------------------------+-------------+-----------------------------+
; AUTO_CARRY_CHAINS                              ; ON          ; AUTO_CARRY                  ;
; IGNORE_CARRY_BUFFERS                           ; OFF         ; IGNORE_CARRY                ;
; AUTO_CASCADE_CHAINS                            ; ON          ; AUTO_CASCADE                ;
; IGNORE_CASCADE_BUFFERS                         ; OFF         ; IGNORE_CASCADE              ;
; LPM_WIDTHA                                     ; 4           ; Untyped                     ;
; LPM_WIDTHB                                     ; 5           ; Untyped                     ;
; LPM_WIDTHP                                     ; 9           ; Untyped                     ;
; LPM_WIDTHR                                     ; 9           ; Untyped                     ;
; LPM_WIDTHS                                     ; 1           ; Untyped                     ;
; LPM_REPRESENTATION                             ; UNSIGNED    ; Untyped                     ;
; LPM_PIPELINE                                   ; 0           ; Untyped                     ;
; LATENCY                                        ; 0           ; Untyped                     ;
; INPUT_A_IS_CONSTANT                            ; NO          ; Untyped                     ;
; INPUT_B_IS_CONSTANT                            ; YES         ; Untyped                     ;
; USE_EAB                                        ; OFF         ; Untyped                     ;
; MAXIMIZE_SPEED                                 ; 5           ; Untyped                     ;
; DEVICE_FAMILY                                  ; Cyclone III ; Untyped                     ;
; CARRY_CHAIN                                    ; MANUAL      ; Untyped                     ;
; APEX20K_TECHNOLOGY_MAPPER                      ; LUT         ; TECH_MAPPER_APEX20K         ;
; DEDICATED_MULTIPLIER_CIRCUITRY                 ; AUTO        ; Untyped                     ;
; DEDICATED_MULTIPLIER_MIN_INPUT_WIDTH_FOR_AUTO  ; 0           ; Untyped                     ;
; DEDICATED_MULTIPLIER_MIN_OUTPUT_WIDTH_FOR_AUTO ; 0           ; Untyped                     ;
; CBXI_PARAMETER                                 ; NOTHING     ; Untyped                     ;
; INPUT_A_FIXED_VALUE                            ; Bx          ; Untyped                     ;
; INPUT_B_FIXED_VALUE                            ; Bx          ; Untyped                     ;
; USE_AHDL_IMPLEMENTATION                        ; OFF         ; Untyped                     ;
+------------------------------------------------+-------------+-----------------------------+
Note: In order to hide this table in the UI and the text report file, please set the "Show Parameter Settings in Synthesis Report" option in "Analysis and Synthesis Settings -> More Settings" to "Off".


+-----------------------------------------------------------------------------------+
; lpm_mult Parameter Settings by Entity Instance                                    ;
+---------------------------------------+-------------------------------------------+
; Name                                  ; Value                                     ;
+---------------------------------------+-------------------------------------------+
; Number of entity instances            ; 9                                         ;
; Entity Instance                       ; sobel_core:sobel_core_inst|lpm_mult:Mult0 ;
;     -- LPM_WIDTHA                     ; 2                                         ;
;     -- LPM_WIDTHB                     ; 9                                         ;
;     -- LPM_WIDTHP                     ; 11                                        ;
;     -- LPM_REPRESENTATION             ; UNSIGNED                                  ;
;     -- INPUT_A_IS_CONSTANT            ; NO                                        ;
;     -- INPUT_B_IS_CONSTANT            ; YES                                       ;
;     -- USE_EAB                        ; OFF                                       ;
;     -- DEDICATED_MULTIPLIER_CIRCUITRY ; AUTO                                      ;
;     -- INPUT_A_FIXED_VALUE            ; Bx                                        ;
;     -- INPUT_B_FIXED_VALUE            ; Bx                                        ;
; Entity Instance                       ; sobel_core:sobel_core_inst|lpm_mult:Mult1 ;
;     -- LPM_WIDTHA                     ; 3                                         ;
;     -- LPM_WIDTHB                     ; 6                                         ;
;     -- LPM_WIDTHP                     ; 9                                         ;
;     -- LPM_REPRESENTATION             ; UNSIGNED                                  ;
;     -- INPUT_A_IS_CONSTANT            ; NO                                        ;
;     -- INPUT_B_IS_CONSTANT            ; YES                                       ;
;     -- USE_EAB                        ; OFF                                       ;
;     -- DEDICATED_MULTIPLIER_CIRCUITRY ; AUTO                                      ;
;     -- INPUT_A_FIXED_VALUE            ; Bx                                        ;
;     -- INPUT_B_FIXED_VALUE            ; Bx                                        ;
; Entity Instance                       ; sobel_core:sobel_core_inst|lpm_mult:Mult5 ;
;     -- LPM_WIDTHA                     ; 2                                         ;
;     -- LPM_WIDTHB                     ; 14                                        ;
;     -- LPM_WIDTHP                     ; 16                                        ;
;     -- LPM_REPRESENTATION             ; UNSIGNED                                  ;
;     -- INPUT_A_IS_CONSTANT            ; NO                                        ;
;     -- INPUT_B_IS_CONSTANT            ; YES                                       ;
;     -- USE_EAB                        ; OFF                                       ;
;     -- DEDICATED_MULTIPLIER_CIRCUITRY ; AUTO                                      ;
;     -- INPUT_A_FIXED_VALUE            ; Bx                                        ;
;     -- INPUT_B_FIXED_VALUE            ; Bx                                        ;
; Entity Instance                       ; sobel_core:sobel_core_inst|lpm_mult:Mult4 ;
;     -- LPM_WIDTHA                     ; 3                                         ;
;     -- LPM_WIDTHB                     ; 14                                        ;
;     -- LPM_WIDTHP                     ; 17                                        ;
;     -- LPM_REPRESENTATION             ; UNSIGNED                                  ;
;     -- INPUT_A_IS_CONSTANT            ; NO                                        ;
;     -- INPUT_B_IS_CONSTANT            ; YES                                       ;
;     -- USE_EAB                        ; OFF                                       ;
;     -- DEDICATED_MULTIPLIER_CIRCUITRY ; AUTO                                      ;
;     -- INPUT_A_FIXED_VALUE            ; Bx                                        ;
;     -- INPUT_B_FIXED_VALUE            ; Bx                                        ;
; Entity Instance                       ; sobel_core:sobel_core_inst|lpm_mult:Mult8 ;
;     -- LPM_WIDTHA                     ; 4                                         ;
;     -- LPM_WIDTHB                     ; 9                                         ;
;     -- LPM_WIDTHP                     ; 13                                        ;
;     -- LPM_REPRESENTATION             ; UNSIGNED                                  ;
;     -- INPUT_A_IS_CONSTANT            ; NO                                        ;
;     -- INPUT_B_IS_CONSTANT            ; YES                                       ;
;     -- USE_EAB                        ; OFF                                       ;
;     -- DEDICATED_MULTIPLIER_CIRCUITRY ; AUTO                                      ;
;     -- INPUT_A_FIXED_VALUE            ; Bx                                        ;
;     -- INPUT_B_FIXED_VALUE            ; Bx                                        ;
; Entity Instance                       ; sobel_core:sobel_core_inst|lpm_mult:Mult2 ;
;     -- LPM_WIDTHA                     ; 4                                         ;
;     -- LPM_WIDTHB                     ; 5                                         ;
;     -- LPM_WIDTHP                     ; 9                                         ;
;     -- LPM_REPRESENTATION             ; UNSIGNED                                  ;
;     -- INPUT_A_IS_CONSTANT            ; NO                                        ;
;     -- INPUT_B_IS_CONSTANT            ; YES                                       ;
;     -- USE_EAB                        ; OFF                                       ;
;     -- DEDICATED_MULTIPLIER_CIRCUITRY ; AUTO                                      ;
;     -- INPUT_A_FIXED_VALUE            ; Bx                                        ;
;     -- INPUT_B_FIXED_VALUE            ; Bx                                        ;
; Entity Instance                       ; sobel_core:sobel_core_inst|lpm_mult:Mult3 ;
;     -- LPM_WIDTHA                     ; 2                                         ;
;     -- LPM_WIDTHB                     ; 7                                         ;
;     -- LPM_WIDTHP                     ; 9                                         ;
;     -- LPM_REPRESENTATION             ; UNSIGNED                                  ;
;     -- INPUT_A_IS_CONSTANT            ; NO                                        ;
;     -- INPUT_B_IS_CONSTANT            ; YES                                       ;
;     -- USE_EAB                        ; OFF                                       ;
;     -- DEDICATED_MULTIPLIER_CIRCUITRY ; AUTO                                      ;
;     -- INPUT_A_FIXED_VALUE            ; Bx                                        ;
;     -- INPUT_B_FIXED_VALUE            ; Bx                                        ;
; Entity Instance                       ; sobel_core:sobel_core_inst|lpm_mult:Mult7 ;
;     -- LPM_WIDTHA                     ; 4                                         ;
;     -- LPM_WIDTHB                     ; 7                                         ;
;     -- LPM_WIDTHP                     ; 11                                        ;
;     -- LPM_REPRESENTATION             ; UNSIGNED                                  ;
;     -- INPUT_A_IS_CONSTANT            ; NO                                        ;
;     -- INPUT_B_IS_CONSTANT            ; YES                                       ;
;     -- USE_EAB                        ; OFF                                       ;
;     -- DEDICATED_MULTIPLIER_CIRCUITRY ; AUTO                                      ;
;     -- INPUT_A_FIXED_VALUE            ; Bx                                        ;
;     -- INPUT_B_FIXED_VALUE            ; Bx                                        ;
; Entity Instance                       ; sobel_core:sobel_core_inst|lpm_mult:Mult6 ;
;     -- LPM_WIDTHA                     ; 4                                         ;
;     -- LPM_WIDTHB                     ; 5                                         ;
;     -- LPM_WIDTHP                     ; 9                                         ;
;     -- LPM_REPRESENTATION             ; UNSIGNED                                  ;
;     -- INPUT_A_IS_CONSTANT            ; NO                                        ;
;     -- INPUT_B_IS_CONSTANT            ; YES                                       ;
;     -- USE_EAB                        ; OFF                                       ;
;     -- DEDICATED_MULTIPLIER_CIRCUITRY ; AUTO                                      ;
;     -- INPUT_A_FIXED_VALUE            ; Bx                                        ;
;     -- INPUT_B_FIXED_VALUE            ; Bx                                        ;
+---------------------------------------+-------------------------------------------+


+-------------------------------+
; Elapsed Time Per Partition    ;
+----------------+--------------+
; Partition Name ; Elapsed Time ;
+----------------+--------------+
; Top            ; 00:00:02     ;
+----------------+--------------+


+-------------------------------+
; Analysis & Synthesis Messages ;
+-------------------------------+
Info: *******************************************************************
Info: Running Quartus II 64-Bit Analysis & Synthesis
    Info: Version 13.0.1 Build 232 06/12/2013 Service Pack 1 SJ Full Version
    Info: Processing started: Tue May 03 15:30:45 2016
Info: Command: quartus_map --read_settings_files=on --write_settings_files=off sobel -c sobel
Info (11104): Parallel Compilation has detected 8 hyper-threaded processors. However, the extra hyper-threaded processors will not be used by default. Parallel Compilation will use 4 of the 4 physical processors detected instead.
Info (12021): Found 20 design units, including 20 entities, in source file /git/sobel_filter/sobel/sobel.v12/rtl_mgc_ioport.v
    Info (12023): Found entity 1: mgc_in_wire
    Info (12023): Found entity 2: mgc_in_wire_en
    Info (12023): Found entity 3: mgc_in_wire_wait
    Info (12023): Found entity 4: mgc_chan_in
    Info (12023): Found entity 5: mgc_out_stdreg
    Info (12023): Found entity 6: mgc_out_stdreg_en
    Info (12023): Found entity 7: mgc_out_stdreg_wait
    Info (12023): Found entity 8: mgc_out_prereg_en
    Info (12023): Found entity 9: mgc_inout_stdreg_en
    Info (12023): Found entity 10: hid_tribuf
    Info (12023): Found entity 11: mgc_inout_stdreg_wait
    Info (12023): Found entity 12: mgc_inout_buf_wait
    Info (12023): Found entity 13: mgc_inout_fifo_wait
    Info (12023): Found entity 14: mgc_io_sync
    Info (12023): Found entity 15: mgc_bsync_rdy
    Info (12023): Found entity 16: mgc_bsync_vld
    Info (12023): Found entity 17: mgc_bsync_rv
    Info (12023): Found entity 18: mgc_sync
    Info (12023): Found entity 19: funccall_inout
    Info (12023): Found entity 20: modulario_en_in
Warning (12125): Using design file sobel.v, which is not specified as a design file for the current project, but contains definitions for 2 design units and 2 entities in project
    Info (12023): Found entity 1: sobel_core
    Info (12023): Found entity 2: sobel
Info (12127): Elaborating entity "sobel" for the top level hierarchy
Info (12128): Elaborating entity "mgc_in_wire" for hierarchy "mgc_in_wire:vin_rsc_mgc_in_wire"
Info (12128): Elaborating entity "mgc_out_stdreg" for hierarchy "mgc_out_stdreg:vout_rsc_mgc_out_stdreg"
Info (12128): Elaborating entity "sobel_core" for hierarchy "sobel_core:sobel_core_inst"
Info (278001): Inferred 9 megafunctions from design logic
    Info (278003): Inferred multiplier megafunction ("lpm_mult") from the following logic: "sobel_core:sobel_core_inst|Mult0"
    Info (278003): Inferred multiplier megafunction ("lpm_mult") from the following logic: "sobel_core:sobel_core_inst|Mult1"
    Info (278003): Inferred multiplier megafunction ("lpm_mult") from the following logic: "sobel_core:sobel_core_inst|Mult5"
    Info (278003): Inferred multiplier megafunction ("lpm_mult") from the following logic: "sobel_core:sobel_core_inst|Mult4"
    Info (278003): Inferred multiplier megafunction ("lpm_mult") from the following logic: "sobel_core:sobel_core_inst|Mult8"
    Info (278003): Inferred multiplier megafunction ("lpm_mult") from the following logic: "sobel_core:sobel_core_inst|Mult2"
    Info (278003): Inferred multiplier megafunction ("lpm_mult") from the following logic: "sobel_core:sobel_core_inst|Mult3"
    Info (278003): Inferred multiplier megafunction ("lpm_mult") from the following logic: "sobel_core:sobel_core_inst|Mult7"
    Info (278003): Inferred multiplier megafunction ("lpm_mult") from the following logic: "sobel_core:sobel_core_inst|Mult6"
Info (12130): Elaborated megafunction instantiation "sobel_core:sobel_core_inst|lpm_mult:Mult0"
Info (12133): Instantiated megafunction "sobel_core:sobel_core_inst|lpm_mult:Mult0" with the following parameter:
    Info (12134): Parameter "LPM_WIDTHA" = "2"
    Info (12134): Parameter "LPM_WIDTHB" = "9"
    Info (12134): Parameter "LPM_WIDTHP" = "11"
    Info (12134): Parameter "LPM_WIDTHR" = "11"
    Info (12134): Parameter "LPM_WIDTHS" = "1"
    Info (12134): Parameter "LPM_REPRESENTATION" = "UNSIGNED"
    Info (12134): Parameter "INPUT_A_IS_CONSTANT" = "NO"
    Info (12134): Parameter "INPUT_B_IS_CONSTANT" = "YES"
    Info (12134): Parameter "MAXIMIZE_SPEED" = "5"
Info (12131): Elaborated megafunction instantiation "sobel_core:sobel_core_inst|lpm_mult:Mult0|multcore:mult_core", which is child of megafunction instantiation "sobel_core:sobel_core_inst|lpm_mult:Mult0"
Info (12131): Elaborated megafunction instantiation "sobel_core:sobel_core_inst|lpm_mult:Mult0|multcore:mult_core|mpar_add:padder", which is child of megafunction instantiation "sobel_core:sobel_core_inst|lpm_mult:Mult0"
Info (12131): Elaborated megafunction instantiation "sobel_core:sobel_core_inst|lpm_mult:Mult0|altshift:external_latency_ffs", which is child of megafunction instantiation "sobel_core:sobel_core_inst|lpm_mult:Mult0"
Info (12130): Elaborated megafunction instantiation "sobel_core:sobel_core_inst|lpm_mult:Mult1"
Info (12133): Instantiated megafunction "sobel_core:sobel_core_inst|lpm_mult:Mult1" with the following parameter:
    Info (12134): Parameter "LPM_WIDTHA" = "3"
    Info (12134): Parameter "LPM_WIDTHB" = "6"
    Info (12134): Parameter "LPM_WIDTHP" = "9"
    Info (12134): Parameter "LPM_WIDTHR" = "9"
    Info (12134): Parameter "LPM_WIDTHS" = "1"
    Info (12134): Parameter "LPM_REPRESENTATION" = "UNSIGNED"
    Info (12134): Parameter "INPUT_A_IS_CONSTANT" = "NO"
    Info (12134): Parameter "INPUT_B_IS_CONSTANT" = "YES"
    Info (12134): Parameter "MAXIMIZE_SPEED" = "5"
Info (12131): Elaborated megafunction instantiation "sobel_core:sobel_core_inst|lpm_mult:Mult1|multcore:mult_core", which is child of megafunction instantiation "sobel_core:sobel_core_inst|lpm_mult:Mult1"
Info (12131): Elaborated megafunction instantiation "sobel_core:sobel_core_inst|lpm_mult:Mult1|multcore:mult_core|mpar_add:padder", which is child of megafunction instantiation "sobel_core:sobel_core_inst|lpm_mult:Mult1"
Info (12131): Elaborated megafunction instantiation "sobel_core:sobel_core_inst|lpm_mult:Mult1|altshift:external_latency_ffs", which is child of megafunction instantiation "sobel_core:sobel_core_inst|lpm_mult:Mult1"
Info (12130): Elaborated megafunction instantiation "sobel_core:sobel_core_inst|lpm_mult:Mult5"
Info (12133): Instantiated megafunction "sobel_core:sobel_core_inst|lpm_mult:Mult5" with the following parameter:
    Info (12134): Parameter "LPM_WIDTHA" = "2"
    Info (12134): Parameter "LPM_WIDTHB" = "14"
    Info (12134): Parameter "LPM_WIDTHP" = "16"
    Info (12134): Parameter "LPM_WIDTHR" = "16"
    Info (12134): Parameter "LPM_WIDTHS" = "1"
    Info (12134): Parameter "LPM_REPRESENTATION" = "UNSIGNED"
    Info (12134): Parameter "INPUT_A_IS_CONSTANT" = "NO"
    Info (12134): Parameter "INPUT_B_IS_CONSTANT" = "YES"
    Info (12134): Parameter "MAXIMIZE_SPEED" = "5"
Info (12131): Elaborated megafunction instantiation "sobel_core:sobel_core_inst|lpm_mult:Mult5|multcore:mult_core", which is child of megafunction instantiation "sobel_core:sobel_core_inst|lpm_mult:Mult5"
Info (12131): Elaborated megafunction instantiation "sobel_core:sobel_core_inst|lpm_mult:Mult5|multcore:mult_core|mpar_add:padder", which is child of megafunction instantiation "sobel_core:sobel_core_inst|lpm_mult:Mult5"
Info (12131): Elaborated megafunction instantiation "sobel_core:sobel_core_inst|lpm_mult:Mult5|altshift:external_latency_ffs", which is child of megafunction instantiation "sobel_core:sobel_core_inst|lpm_mult:Mult5"
Info (12130): Elaborated megafunction instantiation "sobel_core:sobel_core_inst|lpm_mult:Mult4"
Info (12133): Instantiated megafunction "sobel_core:sobel_core_inst|lpm_mult:Mult4" with the following parameter:
    Info (12134): Parameter "LPM_WIDTHA" = "3"
    Info (12134): Parameter "LPM_WIDTHB" = "14"
    Info (12134): Parameter "LPM_WIDTHP" = "17"
    Info (12134): Parameter "LPM_WIDTHR" = "17"
    Info (12134): Parameter "LPM_WIDTHS" = "1"
    Info (12134): Parameter "LPM_REPRESENTATION" = "UNSIGNED"
    Info (12134): Parameter "INPUT_A_IS_CONSTANT" = "NO"
    Info (12134): Parameter "INPUT_B_IS_CONSTANT" = "YES"
    Info (12134): Parameter "MAXIMIZE_SPEED" = "5"
Info (12131): Elaborated megafunction instantiation "sobel_core:sobel_core_inst|lpm_mult:Mult4|multcore:mult_core", which is child of megafunction instantiation "sobel_core:sobel_core_inst|lpm_mult:Mult4"
Info (12131): Elaborated megafunction instantiation "sobel_core:sobel_core_inst|lpm_mult:Mult4|multcore:mult_core|mpar_add:padder", which is child of megafunction instantiation "sobel_core:sobel_core_inst|lpm_mult:Mult4"
Info (12131): Elaborated megafunction instantiation "sobel_core:sobel_core_inst|lpm_mult:Mult4|altshift:external_latency_ffs", which is child of megafunction instantiation "sobel_core:sobel_core_inst|lpm_mult:Mult4"
Info (12130): Elaborated megafunction instantiation "sobel_core:sobel_core_inst|lpm_mult:Mult8"
Info (12133): Instantiated megafunction "sobel_core:sobel_core_inst|lpm_mult:Mult8" with the following parameter:
    Info (12134): Parameter "LPM_WIDTHA" = "4"
    Info (12134): Parameter "LPM_WIDTHB" = "9"
    Info (12134): Parameter "LPM_WIDTHP" = "13"
    Info (12134): Parameter "LPM_WIDTHR" = "13"
    Info (12134): Parameter "LPM_WIDTHS" = "1"
    Info (12134): Parameter "LPM_REPRESENTATION" = "UNSIGNED"
    Info (12134): Parameter "INPUT_A_IS_CONSTANT" = "NO"
    Info (12134): Parameter "INPUT_B_IS_CONSTANT" = "YES"
    Info (12134): Parameter "MAXIMIZE_SPEED" = "5"
Info (12131): Elaborated megafunction instantiation "sobel_core:sobel_core_inst|lpm_mult:Mult8|multcore:mult_core", which is child of megafunction instantiation "sobel_core:sobel_core_inst|lpm_mult:Mult8"
Info (12131): Elaborated megafunction instantiation "sobel_core:sobel_core_inst|lpm_mult:Mult8|multcore:mult_core|mpar_add:padder", which is child of megafunction instantiation "sobel_core:sobel_core_inst|lpm_mult:Mult8"
Info (12131): Elaborated megafunction instantiation "sobel_core:sobel_core_inst|lpm_mult:Mult8|altshift:external_latency_ffs", which is child of megafunction instantiation "sobel_core:sobel_core_inst|lpm_mult:Mult8"
Info (12130): Elaborated megafunction instantiation "sobel_core:sobel_core_inst|lpm_mult:Mult2"
Info (12133): Instantiated megafunction "sobel_core:sobel_core_inst|lpm_mult:Mult2" with the following parameter:
    Info (12134): Parameter "LPM_WIDTHA" = "4"
    Info (12134): Parameter "LPM_WIDTHB" = "5"
    Info (12134): Parameter "LPM_WIDTHP" = "9"
    Info (12134): Parameter "LPM_WIDTHR" = "9"
    Info (12134): Parameter "LPM_WIDTHS" = "1"
    Info (12134): Parameter "LPM_REPRESENTATION" = "UNSIGNED"
    Info (12134): Parameter "INPUT_A_IS_CONSTANT" = "NO"
    Info (12134): Parameter "INPUT_B_IS_CONSTANT" = "YES"
    Info (12134): Parameter "MAXIMIZE_SPEED" = "5"
Info (12131): Elaborated megafunction instantiation "sobel_core:sobel_core_inst|lpm_mult:Mult2|multcore:mult_core", which is child of megafunction instantiation "sobel_core:sobel_core_inst|lpm_mult:Mult2"
Info (12131): Elaborated megafunction instantiation "sobel_core:sobel_core_inst|lpm_mult:Mult2|multcore:mult_core|mpar_add:padder", which is child of megafunction instantiation "sobel_core:sobel_core_inst|lpm_mult:Mult2"
Info (12130): Elaborated megafunction instantiation "sobel_core:sobel_core_inst|lpm_mult:Mult3"
Info (12133): Instantiated megafunction "sobel_core:sobel_core_inst|lpm_mult:Mult3" with the following parameter:
    Info (12134): Parameter "LPM_WIDTHA" = "2"
    Info (12134): Parameter "LPM_WIDTHB" = "7"
    Info (12134): Parameter "LPM_WIDTHP" = "9"
    Info (12134): Parameter "LPM_WIDTHR" = "9"
    Info (12134): Parameter "LPM_WIDTHS" = "1"
    Info (12134): Parameter "LPM_REPRESENTATION" = "UNSIGNED"
    Info (12134): Parameter "INPUT_A_IS_CONSTANT" = "NO"
    Info (12134): Parameter "INPUT_B_IS_CONSTANT" = "YES"
    Info (12134): Parameter "MAXIMIZE_SPEED" = "5"
Info (12131): Elaborated megafunction instantiation "sobel_core:sobel_core_inst|lpm_mult:Mult3|multcore:mult_core", which is child of megafunction instantiation "sobel_core:sobel_core_inst|lpm_mult:Mult3"
Info (12131): Elaborated megafunction instantiation "sobel_core:sobel_core_inst|lpm_mult:Mult3|multcore:mult_core|mpar_add:padder", which is child of megafunction instantiation "sobel_core:sobel_core_inst|lpm_mult:Mult3"
Info (12130): Elaborated megafunction instantiation "sobel_core:sobel_core_inst|lpm_mult:Mult7"
Info (12133): Instantiated megafunction "sobel_core:sobel_core_inst|lpm_mult:Mult7" with the following parameter:
    Info (12134): Parameter "LPM_WIDTHA" = "4"
    Info (12134): Parameter "LPM_WIDTHB" = "7"
    Info (12134): Parameter "LPM_WIDTHP" = "11"
    Info (12134): Parameter "LPM_WIDTHR" = "11"
    Info (12134): Parameter "LPM_WIDTHS" = "1"
    Info (12134): Parameter "LPM_REPRESENTATION" = "UNSIGNED"
    Info (12134): Parameter "INPUT_A_IS_CONSTANT" = "NO"
    Info (12134): Parameter "INPUT_B_IS_CONSTANT" = "YES"
    Info (12134): Parameter "MAXIMIZE_SPEED" = "5"
Info (12131): Elaborated megafunction instantiation "sobel_core:sobel_core_inst|lpm_mult:Mult7|multcore:mult_core", which is child of megafunction instantiation "sobel_core:sobel_core_inst|lpm_mult:Mult7"
Info (12131): Elaborated megafunction instantiation "sobel_core:sobel_core_inst|lpm_mult:Mult7|multcore:mult_core|mpar_add:padder", which is child of megafunction instantiation "sobel_core:sobel_core_inst|lpm_mult:Mult7"
Info (286030): Timing-Driven Synthesis is running
Info (16010): Generating hard_block partition "hard_block:auto_generated_inst"
    Info (16011): Adding 0 node(s), including 0 DDIO, 0 PLL, 0 transceiver and 0 LCELL
Info (21057): Implemented 1813 device resources after synthesis - the final resource count might be different
    Info (21058): Implemented 93 input pins
    Info (21059): Implemented 30 output pins
    Info (21061): Implemented 1690 logic cells
Info: Quartus II 64-Bit Analysis & Synthesis was successful. 0 errors, 1 warning
    Info: Peak virtual memory: 472 megabytes
    Info: Processing ended: Tue May 03 15:30:50 2016
    Info: Elapsed time: 00:00:05
    Info: Total CPU time (on all processors): 00:00:03


