-- Catapult University Version: Report                                              
-- ---------------------------- ---------------------------------------------------
-- Version:                     2011a.126 Production Release                        
-- Build Date:                  Wed Aug  8 00:52:07 PDT 2012                        
                                                                                    
-- Generated by:                ymh15@EEWS104A-007                                  
-- Generated date:              Thu May 12 12:52:30 +0100 2016                      

Solution Settings: get_square_intensity.v11
  Current state: extract
  Project: rectangle_detect
  
  Design Input Files Specified
    $PROJECT_HOME/rectangle_detect.c
      $MGC_HOME/shared/include/ac_int.h
  
  Processes/Blocks in Design
    Process                    Real Operation(s) count Latency Throughput Reset Length II Comments 
    -------------------------- ----------------------- ------- ---------- ------------ -- --------
    /get_square_intensity/core                      49       2          3            0  0          
    Design Total:                                   49       2          3            0  0          
    
  Bill Of Materials (Datapath)
    Component Name                          Area Score Area(LUTs) Delay Post Alloc Post Assign 
    --------------------------------------- ---------- ---------- ----- ---------- -----------
    [Lib: mgc_Altera-Cyclone-III-6_beh_psr]                                                    
    mgc_add(10,0,10,0,11)                       11.241     11.241 1.301          3           3 
    mgc_add(11,0,11,0,11)                       12.233     12.233 1.368          0           2 
    mgc_add(11,0,11,0,12)                       12.233     12.233 1.368          1           1 
    mgc_add(11,0,11,1,12)                       12.000     12.000 1.206          4           4 
    mgc_add(12,0,12,0,12)                       13.224     13.224 1.434          5           3 
    mgc_add(28,1,6,1,29)                        29.000     29.000 2.287          1           1 
    mgc_add(32,0,2,1,32)                        33.000     33.000 2.701          1           1 
    mgc_and(1,2)                                 0.730      0.730 0.263          0           3 
    mgc_and(1,5)                                 1.704      1.704 0.610          0           1 
    mgc_and(32,2)                               23.355     23.355 0.263          1           1 
    mgc_mux(1,1,2)                               0.919      0.919 0.369          0           3 
    mgc_mux(10,1,2)                              9.194      9.194 0.369          3           3 
    mgc_mux(28,1,2)                             25.744     25.744 0.369          0           1 
    mgc_mux(30,1,2)                             27.583     27.583 0.369          0           1 
    mgc_mux(32,1,2)                             29.422     29.422 0.369          1           0 
    mgc_mux1hot(32,3)                           70.068     70.068 0.773          0           1 
    mgc_nand(1,2)                                0.730      0.730 0.268          0           2 
    mgc_not(1)                                   0.000      0.000 0.000          0           6 
    mgc_not(10)                                  0.000      0.000 0.000          0          10 
    mgc_not(28)                                  0.000      0.000 0.000          0           1 
    mgc_or(1,2)                                  0.730      0.730 0.268          0           2 
    mgc_reg_pos(1,1,0,0,0,1,1)                   0.000      0.000 0.000          0           3 
    mgc_reg_pos(10,1,0,0,0,1,1)                  0.000      0.000 0.000          0           4 
    mgc_reg_pos(30,1,0,0,0,1,1)                  0.000      0.000 0.000          0           1 
    mgc_reg_pos(32,1,0,0,0,1,1)                  0.000      0.000 0.000          0           2 
    [Lib: mgc_ioport]                                                                          
    mgc_in_wire(1,20)                            0.000      0.000 0.000          1           1 
    mgc_in_wire(2,30)                            0.000      0.000 0.000          1           1 
    mgc_in_wire(3,10)                            0.000      0.000 0.000          1           1 
    mgc_in_wire(4,10)                            0.000      0.000 0.000          1           1 
    mgc_in_wire(5,10)                            0.000      0.000 0.000          1           1 
    mgc_in_wire(6,10)                            0.000      0.000 0.000          1           1 
    mgc_in_wire(9,1)                             0.000      0.000 0.000          1           1 
    mgc_out_stdreg(7,30)                         0.000      0.000 0.000          1           1 
    mgc_out_stdreg(8,1)                          0.000      0.000 0.000          1           1 
                                                                                               
    TOTAL AREA (After Assignment):             403.996    404.000                              
    
  Area Scores
                      Post-Scheduling  Post-DP & FSM Post-Assignment 
    ----------------- --------------- -------------- ---------------
    Total Area Score:    302.4          403.0           404.0        
    Total Reg:             0.0            0.0             0.0        
                                                                     
    DataPath:            302.4 (100%)   403.0 (100%)    404.0 (100%) 
      MUX:                57.0  (19%)   153.7  (38%)    153.7  (38%) 
      FUNC:              222.1  (73%)   220.1  (55%)    220.1  (54%) 
      LOGIC:              23.4   (8%)    29.2   (7%)     30.2   (7%) 
      BUFFER:              0.0            0.0             0.0        
      MEM:                 0.0            0.0             0.0        
      ROM:                 0.0            0.0             0.0        
      REG:                 0.0            0.0             0.0        
                                                                     
    
    FSM:                   0.0            0.0             0.0   (0%) 
      FSM-REG:             0.0            0.0             0.0        
      FSM-COMB:            0.0            0.0             0.0 (100%) 
                                                                     
    
  Register-to-Variable Mappings
    Register                               Size(bits) Gated Register CG Opt Done Variables                                             
    -------------------------------------- ---------- -------------- ----------- -----------------------------------------------------
    counter.sva                                    32         Y                  counter.sva                                           
    counter.sva.dfm                                32         Y                  counter.sva.dfm                                       
    video_out:rsc:mgc_out_stdreg.d                 30         Y                  video_out:rsc:mgc_out_stdreg.d                        
    mux#2.itm                                      10         Y                  mux#2.itm                                             
    mux#3.itm                                      10         Y                  mux#3.itm                                             
    mux#4.itm                                      10         Y                  mux#4.itm                                             
    reg(io_read(vga_xy:rsc.d).cse.sva).tmp         10         Y                  reg(io_read(vga_xy:rsc.d).cse.sva).tmp                
    aif#1:slc.svs                                   1         Y                  aif#1:slc.svs                                         
    and#1.itm                                       1         Y                  and#1.itm                                             
    filled:rsc:mgc_out_stdreg.d                     1         Y                  filled:rsc:mgc_out_stdreg.d                           
                                                                                                                                       
    Total:                                        137            137           0 (Total Gating Ratio: 1.00, CG Opt Gating Ratio: 0.00) 
    
  Timing Report
    Critical Path
      Max Delay:  5.989057999999999
      Slack:      14.010942
      
      Path                                                         Startpoint                                             Endpoint                                                   Delay  Slack   
      ------------------------------------------------------------ ------------------------------------------------------ ---------------------------------------------------------- ------ -------
      1                                                            get_square_intensity:core/reg(counter.sva.dfm)         get_square_intensity:core/reg(filled:rsc:mgc_out_stdreg.d) 5.9891 14.0109 
                                                                                                                                                                                                    
        Instance                                                   Component                                                                                                         Delta  Delay   
        --------                                                   ---------                                                                                                         -----  -----   
        get_square_intensity:core/reg(counter.sva.dfm)             mgc_reg_pos_32_1_0_0_0_1_1                                                                                        0.0000 0.0000  
        get_square_intensity:core/counter.sva.dfm                                                                                                                                    0.0000 0.0000  
        get_square_intensity:core/if#1:if:acc                      mgc_add_32_0_2_1_32                                                                                               2.7012 2.7012  
        get_square_intensity:core/counter.sva#2                                                                                                                                      0.0000 2.7012  
        get_square_intensity:core/slc(counter.sva#2)                                                                                                                                 0.0000 2.7012  
        get_square_intensity:core/slc(counter.sva#2).itm                                                                                                                             0.0000 2.7012  
        get_square_intensity:core/mux#7                            mgc_mux_28_1_2                                                                                                    0.3690 3.0701  
        get_square_intensity:core/mux#7.itm                                                                                                                                          0.0000 3.0701  
        get_square_intensity:core/not#1                            mgc_not_28                                                                                                        0.0000 3.0701  
        get_square_intensity:core/not#1.itm                                                                                                                                          0.0000 3.0701  
        get_square_intensity:core/if#3:acc                         mgc_add_28_1_6_1_29                                                                                               2.2874 5.3576  
        get_square_intensity:core/if#3:acc.itm                                                                                                                                       0.0000 5.3576  
        get_square_intensity:core/slc#1                                                                                                                                              0.0000 5.3576  
        get_square_intensity:core/slc#1.itm                                                                                                                                          0.0000 5.3576  
        get_square_intensity:core/if#3:and                         mgc_and_1_2                                                                                                       0.2625 5.6201  
        get_square_intensity:core/if#3:and.itm                                                                                                                                       0.0000 5.6201  
        get_square_intensity:core/mux#5                            mgc_mux_1_1_2                                                                                                     0.3690 5.9891  
        get_square_intensity:core/mux#5.itm                                                                                                                                          0.0000 5.9891  
        get_square_intensity:core/reg(filled:rsc:mgc_out_stdreg.d) mgc_reg_pos_1_1_0_0_0_1_1                                                                                         0.0000 5.9891  
                                                                                                                                                                                                    
      2                                                            get_square_intensity:core/x_top_left:rsc:mgc_in_wire.d get_square_intensity:core/reg(and#1.itm)                   5.1222 14.8778 
                                                                                                                                                                                                    
        Instance                                                   Component                                                                                                         Delta  Delay   
        --------                                                   ---------                                                                                                         -----  -----   
        get_square_intensity:core/x_top_left:rsc:mgc_in_wire.d                                                                                                                       0.0000 0.0000  
        get_square_intensity:core/if#1:not#1                       mgc_not_10                                                                                                        0.0000 0.0000  
        get_square_intensity:core/if#1:not#1.itm                                                                                                                                     0.0000 0.0000  
        get_square_intensity:core/if#1:acc#3                       mgc_add_10_0_10_0_11                                                                                              1.3014 1.3014  
        get_square_intensity:core/if#1:acc#3.itm                                                                                                                                     0.0000 1.3014  
        get_square_intensity:core/if#1:acc#8                       mgc_add_11_0_11_1_12                                                                                              1.2059 2.5074  
        get_square_intensity:core/if#1:acc#8.itm                                                                                                                                     0.0000 2.5074  
        get_square_intensity:core/if#1:slc(if#1:acc.sdt)                                                                                                                             0.0000 2.5074  
        get_square_intensity:core/if#1:slc(if#1:acc.sdt).itm                                                                                                                         0.0000 2.5074  
        get_square_intensity:core/if#1:acc                         mgc_add_11_0_11_0_11                                                                                              1.3684 3.8758  
        get_square_intensity:core/if#1:acc.itm                                                                                                                                       0.0000 3.8758  
        get_square_intensity:core/slc#25                                                                                                                                             0.0000 3.8758  
        get_square_intensity:core/slc#25.itm                                                                                                                                         0.0000 3.8758  
        get_square_intensity:core/nand                             mgc_nand_1_2                                                                                                      0.2679 4.1437  
        get_square_intensity:core/or.dcpl#1                                                                                                                                          0.0000 4.1437  
        get_square_intensity:core/mux#3                            mgc_mux_1_1_2                                                                                                     0.3690 4.5126  
        get_square_intensity:core/mux#3.itm#2                                                                                                                                        0.0000 4.5126  
        get_square_intensity:core/and#1                            mgc_and_1_5                                                                                                       0.6095 5.1222  
        get_square_intensity:core/and#1.itm#2                                                                                                                                        0.0000 5.1222  
        get_square_intensity:core/reg(and#1.itm)                   mgc_reg_pos_1_1_0_0_0_1_1                                                                                         0.0000 5.1222  
                                                                                                                                                                                                    
      3                                                            get_square_intensity:core/width:rsc:mgc_in_wire.d      get_square_intensity:core/reg(and#1.itm)                   5.1222 14.8778 
                                                                                                                                                                                                    
        Instance                                                   Component                                                                                                         Delta  Delay   
        --------                                                   ---------                                                                                                         -----  -----   
        get_square_intensity:core/width:rsc:mgc_in_wire.d                                                                                                                            0.0000 0.0000  
        get_square_intensity:core/if#1:not#2                       mgc_not_10                                                                                                        0.0000 0.0000  
        get_square_intensity:core/if#1:not#2.itm                                                                                                                                     0.0000 0.0000  
        get_square_intensity:core/if#1:acc#3                       mgc_add_10_0_10_0_11                                                                                              1.3014 1.3014  
        get_square_intensity:core/if#1:acc#3.itm                                                                                                                                     0.0000 1.3014  
        get_square_intensity:core/if#1:acc#8                       mgc_add_11_0_11_1_12                                                                                              1.2059 2.5074  
        get_square_intensity:core/if#1:acc#8.itm                                                                                                                                     0.0000 2.5074  
        get_square_intensity:core/if#1:slc(if#1:acc.sdt)                                                                                                                             0.0000 2.5074  
        get_square_intensity:core/if#1:slc(if#1:acc.sdt).itm                                                                                                                         0.0000 2.5074  
        get_square_intensity:core/if#1:acc                         mgc_add_11_0_11_0_11                                                                                              1.3684 3.8758  
        get_square_intensity:core/if#1:acc.itm                                                                                                                                       0.0000 3.8758  
        get_square_intensity:core/slc#25                                                                                                                                             0.0000 3.8758  
        get_square_intensity:core/slc#25.itm                                                                                                                                         0.0000 3.8758  
        get_square_intensity:core/nand                             mgc_nand_1_2                                                                                                      0.2679 4.1437  
        get_square_intensity:core/or.dcpl#1                                                                                                                                          0.0000 4.1437  
        get_square_intensity:core/mux#3                            mgc_mux_1_1_2                                                                                                     0.3690 4.5126  
        get_square_intensity:core/mux#3.itm#2                                                                                                                                        0.0000 4.5126  
        get_square_intensity:core/and#1                            mgc_and_1_5                                                                                                       0.6095 5.1222  
        get_square_intensity:core/and#1.itm#2                                                                                                                                        0.0000 5.1222  
        get_square_intensity:core/reg(and#1.itm)                   mgc_reg_pos_1_1_0_0_0_1_1                                                                                         0.0000 5.1222  
                                                                                                                                                                                                    
      4                                                            get_square_intensity:core/y_top_left:rsc:mgc_in_wire.d get_square_intensity:core/reg(and#1.itm)                   4.8543 15.1457 
                                                                                                                                                                                                    
        Instance                                                   Component                                                                                                         Delta  Delay   
        --------                                                   ---------                                                                                                         -----  -----   
        get_square_intensity:core/y_top_left:rsc:mgc_in_wire.d                                                                                                                       0.0000 0.0000  
        get_square_intensity:core/if#1:not#3                       mgc_not_10                                                                                                        0.0000 0.0000  
        get_square_intensity:core/if#1:not#3.itm                                                                                                                                     0.0000 0.0000  
        get_square_intensity:core/if#1:acc#5                       mgc_add_10_0_10_0_11                                                                                              1.3014 1.3014  
        get_square_intensity:core/if#1:acc#5.itm                                                                                                                                     0.0000 1.3014  
        get_square_intensity:core/if#1:acc#6                       mgc_add_11_0_11_1_12                                                                                              1.2059 2.5074  
        get_square_intensity:core/if#1:acc#6.itm                                                                                                                                     0.0000 2.5074  
        get_square_intensity:core/if#1:slc(if#1:acc#6.sdt)                                                                                                                           0.0000 2.5074  
        get_square_intensity:core/if#1:slc(if#1:acc#6.sdt).itm                                                                                                                       0.0000 2.5074  
        get_square_intensity:core/if#1:acc#9                       mgc_add_11_0_11_0_11                                                                                              1.3684 3.8758  
        get_square_intensity:core/if#1:acc#9.itm                                                                                                                                     0.0000 3.8758  
        get_square_intensity:core/aif#1:slc                                                                                                                                          0.0000 3.8758  
        get_square_intensity:core/aif#1:slc.itm                                                                                                                                      0.0000 3.8758  
        get_square_intensity:core/mux#3                            mgc_mux_1_1_2                                                                                                     0.3690 4.2447  
        get_square_intensity:core/mux#3.itm#2                                                                                                                                        0.0000 4.2447  
        get_square_intensity:core/and#1                            mgc_and_1_5                                                                                                       0.6095 4.8543  
        get_square_intensity:core/and#1.itm#2                                                                                                                                        0.0000 4.8543  
        get_square_intensity:core/reg(and#1.itm)                   mgc_reg_pos_1_1_0_0_0_1_1                                                                                         0.0000 4.8543  
                                                                                                                                                                                                    
      5                                                            get_square_intensity:core/height:rsc:mgc_in_wire.d     get_square_intensity:core/reg(and#1.itm)                   4.8543 15.1457 
                                                                                                                                                                                                    
        Instance                                                   Component                                                                                                         Delta  Delay   
        --------                                                   ---------                                                                                                         -----  -----   
        get_square_intensity:core/height:rsc:mgc_in_wire.d                                                                                                                           0.0000 0.0000  
        get_square_intensity:core/if#1:not#4                       mgc_not_10                                                                                                        0.0000 0.0000  
        get_square_intensity:core/if#1:not#4.itm                                                                                                                                     0.0000 0.0000  
        get_square_intensity:core/if#1:acc#5                       mgc_add_10_0_10_0_11                                                                                              1.3014 1.3014  
        get_square_intensity:core/if#1:acc#5.itm                                                                                                                                     0.0000 1.3014  
        get_square_intensity:core/if#1:acc#6                       mgc_add_11_0_11_1_12                                                                                              1.2059 2.5074  
        get_square_intensity:core/if#1:acc#6.itm                                                                                                                                     0.0000 2.5074  
        get_square_intensity:core/if#1:slc(if#1:acc#6.sdt)                                                                                                                           0.0000 2.5074  
        get_square_intensity:core/if#1:slc(if#1:acc#6.sdt).itm                                                                                                                       0.0000 2.5074  
        get_square_intensity:core/if#1:acc#9                       mgc_add_11_0_11_0_11                                                                                              1.3684 3.8758  
        get_square_intensity:core/if#1:acc#9.itm                                                                                                                                     0.0000 3.8758  
        get_square_intensity:core/aif#1:slc                                                                                                                                          0.0000 3.8758  
        get_square_intensity:core/aif#1:slc.itm                                                                                                                                      0.0000 3.8758  
        get_square_intensity:core/mux#3                            mgc_mux_1_1_2                                                                                                     0.3690 4.2447  
        get_square_intensity:core/mux#3.itm#2                                                                                                                                        0.0000 4.2447  
        get_square_intensity:core/and#1                            mgc_and_1_5                                                                                                       0.6095 4.8543  
        get_square_intensity:core/and#1.itm#2                                                                                                                                        0.0000 4.8543  
        get_square_intensity:core/reg(and#1.itm)                   mgc_reg_pos_1_1_0_0_0_1_1                                                                                         0.0000 4.8543  
                                                                                                                                                                                                    
      6                                                            get_square_intensity:core/x_top_left:rsc:mgc_in_wire.d get_square_intensity:core/reg(mux#2.itm)                   4.7805 15.2195 
                                                                                                                                                                                                    
        Instance                                                   Component                                                                                                         Delta  Delay   
        --------                                                   ---------                                                                                                         -----  -----   
        get_square_intensity:core/x_top_left:rsc:mgc_in_wire.d                                                                                                                       0.0000 0.0000  
        get_square_intensity:core/if#1:not#1                       mgc_not_10                                                                                                        0.0000 0.0000  
        get_square_intensity:core/if#1:not#1.itm                                                                                                                                     0.0000 0.0000  
        get_square_intensity:core/if#1:acc#3                       mgc_add_10_0_10_0_11                                                                                              1.3014 1.3014  
        get_square_intensity:core/if#1:acc#3.itm                                                                                                                                     0.0000 1.3014  
        get_square_intensity:core/if#1:acc#8                       mgc_add_11_0_11_1_12                                                                                              1.2059 2.5074  
        get_square_intensity:core/if#1:acc#8.itm                                                                                                                                     0.0000 2.5074  
        get_square_intensity:core/if#1:slc(if#1:acc.sdt)                                                                                                                             0.0000 2.5074  
        get_square_intensity:core/if#1:slc(if#1:acc.sdt).itm                                                                                                                         0.0000 2.5074  
        get_square_intensity:core/if#1:acc                         mgc_add_11_0_11_0_11                                                                                              1.3684 3.8758  
        get_square_intensity:core/if#1:acc.itm                                                                                                                                       0.0000 3.8758  
        get_square_intensity:core/slc#25                                                                                                                                             0.0000 3.8758  
        get_square_intensity:core/slc#25.itm                                                                                                                                         0.0000 3.8758  
        get_square_intensity:core/nand                             mgc_nand_1_2                                                                                                      0.2679 4.1437  
        get_square_intensity:core/or.dcpl#1                                                                                                                                          0.0000 4.1437  
        get_square_intensity:core/or#2                             mgc_or_1_2                                                                                                        0.2679 4.4115  
        get_square_intensity:core/or#2.cse                                                                                                                                           0.0000 4.4115  
        get_square_intensity:core/mux                              mgc_mux_10_1_2                                                                                                    0.3690 4.7805  
        get_square_intensity:core/mux.itm                                                                                                                                            0.0000 4.7805  
        get_square_intensity:core/reg(mux#2.itm)                   mgc_reg_pos_10_1_0_0_0_1_1                                                                                        0.0000 4.7805  
                                                                                                                                                                                                    
      7                                                            get_square_intensity:core/x_top_left:rsc:mgc_in_wire.d get_square_intensity:core/reg(mux#4.itm)                   4.7805 15.2195 
                                                                                                                                                                                                    
        Instance                                                   Component                                                                                                         Delta  Delay   
        --------                                                   ---------                                                                                                         -----  -----   
        get_square_intensity:core/x_top_left:rsc:mgc_in_wire.d                                                                                                                       0.0000 0.0000  
        get_square_intensity:core/if#1:not#1                       mgc_not_10                                                                                                        0.0000 0.0000  
        get_square_intensity:core/if#1:not#1.itm                                                                                                                                     0.0000 0.0000  
        get_square_intensity:core/if#1:acc#3                       mgc_add_10_0_10_0_11                                                                                              1.3014 1.3014  
        get_square_intensity:core/if#1:acc#3.itm                                                                                                                                     0.0000 1.3014  
        get_square_intensity:core/if#1:acc#8                       mgc_add_11_0_11_1_12                                                                                              1.2059 2.5074  
        get_square_intensity:core/if#1:acc#8.itm                                                                                                                                     0.0000 2.5074  
        get_square_intensity:core/if#1:slc(if#1:acc.sdt)                                                                                                                             0.0000 2.5074  
        get_square_intensity:core/if#1:slc(if#1:acc.sdt).itm                                                                                                                         0.0000 2.5074  
        get_square_intensity:core/if#1:acc                         mgc_add_11_0_11_0_11                                                                                              1.3684 3.8758  
        get_square_intensity:core/if#1:acc.itm                                                                                                                                       0.0000 3.8758  
        get_square_intensity:core/slc#25                                                                                                                                             0.0000 3.8758  
        get_square_intensity:core/slc#25.itm                                                                                                                                         0.0000 3.8758  
        get_square_intensity:core/nand                             mgc_nand_1_2                                                                                                      0.2679 4.1437  
        get_square_intensity:core/or.dcpl#1                                                                                                                                          0.0000 4.1437  
        get_square_intensity:core/or#2                             mgc_or_1_2                                                                                                        0.2679 4.4115  
        get_square_intensity:core/or#2.cse                                                                                                                                           0.0000 4.4115  
        get_square_intensity:core/mux#2                            mgc_mux_10_1_2                                                                                                    0.3690 4.7805  
        get_square_intensity:core/mux#2.itm#2                                                                                                                                        0.0000 4.7805  
        get_square_intensity:core/reg(mux#4.itm)                   mgc_reg_pos_10_1_0_0_0_1_1                                                                                        0.0000 4.7805  
                                                                                                                                                                                                    
      8                                                            get_square_intensity:core/width:rsc:mgc_in_wire.d      get_square_intensity:core/reg(mux#4.itm)                   4.7805 15.2195 
                                                                                                                                                                                                    
        Instance                                                   Component                                                                                                         Delta  Delay   
        --------                                                   ---------                                                                                                         -----  -----   
        get_square_intensity:core/width:rsc:mgc_in_wire.d                                                                                                                            0.0000 0.0000  
        get_square_intensity:core/if#1:not#2                       mgc_not_10                                                                                                        0.0000 0.0000  
        get_square_intensity:core/if#1:not#2.itm                                                                                                                                     0.0000 0.0000  
        get_square_intensity:core/if#1:acc#3                       mgc_add_10_0_10_0_11                                                                                              1.3014 1.3014  
        get_square_intensity:core/if#1:acc#3.itm                                                                                                                                     0.0000 1.3014  
        get_square_intensity:core/if#1:acc#8                       mgc_add_11_0_11_1_12                                                                                              1.2059 2.5074  
        get_square_intensity:core/if#1:acc#8.itm                                                                                                                                     0.0000 2.5074  
        get_square_intensity:core/if#1:slc(if#1:acc.sdt)                                                                                                                             0.0000 2.5074  
        get_square_intensity:core/if#1:slc(if#1:acc.sdt).itm                                                                                                                         0.0000 2.5074  
        get_square_intensity:core/if#1:acc                         mgc_add_11_0_11_0_11                                                                                              1.3684 3.8758  
        get_square_intensity:core/if#1:acc.itm                                                                                                                                       0.0000 3.8758  
        get_square_intensity:core/slc#25                                                                                                                                             0.0000 3.8758  
        get_square_intensity:core/slc#25.itm                                                                                                                                         0.0000 3.8758  
        get_square_intensity:core/nand                             mgc_nand_1_2                                                                                                      0.2679 4.1437  
        get_square_intensity:core/or.dcpl#1                                                                                                                                          0.0000 4.1437  
        get_square_intensity:core/or#2                             mgc_or_1_2                                                                                                        0.2679 4.4115  
        get_square_intensity:core/or#2.cse                                                                                                                                           0.0000 4.4115  
        get_square_intensity:core/mux#2                            mgc_mux_10_1_2                                                                                                    0.3690 4.7805  
        get_square_intensity:core/mux#2.itm#2                                                                                                                                        0.0000 4.7805  
        get_square_intensity:core/reg(mux#4.itm)                   mgc_reg_pos_10_1_0_0_0_1_1                                                                                        0.0000 4.7805  
                                                                                                                                                                                                    
      9                                                            get_square_intensity:core/y_top_left:rsc:mgc_in_wire.d get_square_intensity:core/reg(mux#4.itm)                   4.7805 15.2195 
                                                                                                                                                                                                    
        Instance                                                   Component                                                                                                         Delta  Delay   
        --------                                                   ---------                                                                                                         -----  -----   
        get_square_intensity:core/y_top_left:rsc:mgc_in_wire.d                                                                                                                       0.0000 0.0000  
        get_square_intensity:core/if#1:not#3                       mgc_not_10                                                                                                        0.0000 0.0000  
        get_square_intensity:core/if#1:not#3.itm                                                                                                                                     0.0000 0.0000  
        get_square_intensity:core/if#1:acc#5                       mgc_add_10_0_10_0_11                                                                                              1.3014 1.3014  
        get_square_intensity:core/if#1:acc#5.itm                                                                                                                                     0.0000 1.3014  
        get_square_intensity:core/if#1:acc#6                       mgc_add_11_0_11_1_12                                                                                              1.2059 2.5074  
        get_square_intensity:core/if#1:acc#6.itm                                                                                                                                     0.0000 2.5074  
        get_square_intensity:core/if#1:slc(if#1:acc#6.sdt)                                                                                                                           0.0000 2.5074  
        get_square_intensity:core/if#1:slc(if#1:acc#6.sdt).itm                                                                                                                       0.0000 2.5074  
        get_square_intensity:core/if#1:acc#9                       mgc_add_11_0_11_0_11                                                                                              1.3684 3.8758  
        get_square_intensity:core/if#1:acc#9.itm                                                                                                                                     0.0000 3.8758  
        get_square_intensity:core/aif#1:slc#1                                                                                                                                        0.0000 3.8758  
        get_square_intensity:core/aif#1:slc#1.itm                                                                                                                                    0.0000 3.8758  
        get_square_intensity:core/nand#1                           mgc_nand_1_2                                                                                                      0.2679 4.1437  
        get_square_intensity:core/nand#1.itm                                                                                                                                         0.0000 4.1437  
        get_square_intensity:core/or#2                             mgc_or_1_2                                                                                                        0.2679 4.4115  
        get_square_intensity:core/or#2.cse                                                                                                                                           0.0000 4.4115  
        get_square_intensity:core/mux#2                            mgc_mux_10_1_2                                                                                                    0.3690 4.7805  
        get_square_intensity:core/mux#2.itm#2                                                                                                                                        0.0000 4.7805  
        get_square_intensity:core/reg(mux#4.itm)                   mgc_reg_pos_10_1_0_0_0_1_1                                                                                        0.0000 4.7805  
                                                                                                                                                                                                    
      10                                                           get_square_intensity:core/x_top_left:rsc:mgc_in_wire.d get_square_intensity:core/reg(aif#1:slc.svs)               4.7805 15.2195 
                                                                                                                                                                                                    
        Instance                                                   Component                                                                                                         Delta  Delay   
        --------                                                   ---------                                                                                                         -----  -----   
        get_square_intensity:core/x_top_left:rsc:mgc_in_wire.d                                                                                                                       0.0000 0.0000  
        get_square_intensity:core/if#1:not#1                       mgc_not_10                                                                                                        0.0000 0.0000  
        get_square_intensity:core/if#1:not#1.itm                                                                                                                                     0.0000 0.0000  
        get_square_intensity:core/if#1:acc#3                       mgc_add_10_0_10_0_11                                                                                              1.3014 1.3014  
        get_square_intensity:core/if#1:acc#3.itm                                                                                                                                     0.0000 1.3014  
        get_square_intensity:core/if#1:acc#8                       mgc_add_11_0_11_1_12                                                                                              1.2059 2.5074  
        get_square_intensity:core/if#1:acc#8.itm                                                                                                                                     0.0000 2.5074  
        get_square_intensity:core/if#1:slc(if#1:acc.sdt)                                                                                                                             0.0000 2.5074  
        get_square_intensity:core/if#1:slc(if#1:acc.sdt).itm                                                                                                                         0.0000 2.5074  
        get_square_intensity:core/if#1:acc                         mgc_add_11_0_11_0_11                                                                                              1.3684 3.8758  
        get_square_intensity:core/if#1:acc.itm                                                                                                                                       0.0000 3.8758  
        get_square_intensity:core/slc#25                                                                                                                                             0.0000 3.8758  
        get_square_intensity:core/slc#25.itm                                                                                                                                         0.0000 3.8758  
        get_square_intensity:core/nand                             mgc_nand_1_2                                                                                                      0.2679 4.1437  
        get_square_intensity:core/or.dcpl#1                                                                                                                                          0.0000 4.1437  
        get_square_intensity:core/or#11                            mgc_or_1_2                                                                                                        0.2679 4.4115  
        get_square_intensity:core/or#11.itm                                                                                                                                          0.0000 4.4115  
        get_square_intensity:core/mux#4                            mgc_mux_1_1_2                                                                                                     0.3690 4.7805  
        get_square_intensity:core/mux#4.itm#2                                                                                                                                        0.0000 4.7805  
        get_square_intensity:core/reg(aif#1:slc.svs)               mgc_reg_pos_1_1_0_0_0_1_1                                                                                         0.0000 4.7805  
                                                                                                                                                                                                    
      
    Register Input and Register-to-Output Slack
      Clock period or pin-to-reg delay constraint (clk): 20.0
      Clock uncertainty constraint (clk)               : 0.0
      
      Instance                                                      Port                                  Slack (Delay) Messages 
      ------------------------------------------------------------- ----------------------------------- ------- ------- --------
      get_square_intensity:core/reg(mux#2.itm)                      mux.itm                             15.2195  4.7805          
      get_square_intensity:core/reg(mux#3.itm)                      mux#1.itm                           15.2195  4.7805          
      get_square_intensity:core/reg(mux#4.itm)                      mux#2.itm#2                         15.2195  4.7805          
      get_square_intensity:core/reg(aif#1:slc.svs)                  mux#4.itm#2                         15.2195  4.7805          
      get_square_intensity:core/reg(counter.sva.dfm)                and.itm                             19.7375  0.2625          
      get_square_intensity:core/reg(and#1.itm)                      and#1.itm#2                         14.8778  5.1222          
      get_square_intensity:core/reg(filled:rsc:mgc_out_stdreg.d)    mux#5.itm                           14.0109  5.9891          
      get_square_intensity:core/reg(video_out:rsc:mgc_out_stdreg.d) mux#6.itm                           19.6310  0.3690          
      get_square_intensity:core/reg(counter.sva)                    mux1h.itm                           16.5257  3.4743          
      get_square_intensity:core/reg(io_read(vga_xy:rsc.d).cse.sva)  slc(vga_xy:rsc:mgc_in_wire.d)#2.itm 20.0000  0.0000          
      get_square_intensity                                          video_out:rsc.z                     20.0000  0.0000          
      get_square_intensity                                          filled:rsc.z                        20.0000  0.0000          
      
  Operator Bitwidth Summary
    Operation  Size (bits) Count 
    ---------- ----------- -----
    add                          
    -                   32     1 
    -                   29     1 
    -                   12     8 
    -                   11     5 
    and                          
    -                    5     1 
    -                    2     4 
    mux                          
    -                    1     8 
    mux1h                        
    -                    3     1 
    nand                         
    -                    2     2 
    not                          
    -                   28     1 
    -                   10    10 
    -                    1     6 
    or                           
    -                    2     2 
    read_port                    
    -                   30     1 
    -                   20     1 
    -                   10     4 
    -                    1     1 
    reg                          
    -                   32     2 
    -                   30     1 
    -                   10     4 
    -                    1     3 
    write_port                   
    -                   30     1 
    -                    1     1 
    
  End of Report
