//  Catapult University Version 2011a.126 (Production Release) Wed Aug  8 00:52:07 PDT 2012
//  
//  Copyright (c) Calypto Design Systems, Inc., 1996-2012, All Rights Reserved.
//                       UNPUBLISHED, LICENSED SOFTWARE.
//            CONFIDENTIAL AND PROPRIETARY INFORMATION WHICH IS THE
//          PROPERTY OF CALYPTO DESIGN SYSTEMS OR ITS LICENSORS
//  
//  Running on Windows 7 ymh15@EEWS305-001 Service Pack 1 6.01.7601 i686
//  
//  Package information: SIFLIBS v17.0_1.1, HLS_PKGS v17.0_1.1, 
//                       DesignPad v2.78_0.0
//  
//  This version may only be used for academic purposes.  Some optimizations 
//  are disabled, so results obtained from this version may be sub-optimal.
//  
//  Start time Sun May 08 13:35:07 2016
# -------------------------------------------------
# Logging session transcript to file "C:\Users\ymh15\AppData\Local\Temp\log7576246dd00.0"
# Loading options from registry.
# Warning: set_working_dir: Directory 'C:/Windows/System32' not writable, using C:/Users/ymh15/AppData/Local/Temp
project load {C:/git/red_detect/catapult proj/Red_Detect.ccs}
# Moving session transcript to file "C:\git\red_detect\catapult proj\catapult.log"
# Reading component library '$MGC_HOME\pkgs\siflibs\mgc_busdefs.lib' [mgc_busdefs]... (LIB-49)
# Reading component library '$MGC_HOME\pkgs\siflibs\stdops.lib' [STDOPS]... (LIB-49)
# Reading component library '$MGC_HOME\pkgs\siflibs\mgc_ioport.lib' [mgc_ioport]... (LIB-49)
# Reading component library '$MGC_HOME\pkgs\ccs_altera\Altera_accel_CycloneIII.lib' [Altera_accel_CycloneIII]... (LIB-49)
# Reading component library '$MGC_HOME\pkgs\siflibs\psr2010a_up2\mgc_Altera-Cyclone-III-6_beh_psr.lib' [mgc_Altera-Cyclone-III-6_beh_psr]... (LIB-49)
# Reading component library '$MGC_HOME\pkgs\siflibs\mgc_busdefs.lib' [mgc_busdefs]... (LIB-49)
# Reading component library '$MGC_HOME\pkgs\siflibs\stdops.lib' [STDOPS]... (LIB-49)
# Reading component library '$MGC_HOME\pkgs\siflibs\mgc_ioport.lib' [mgc_ioport]... (LIB-49)
# Reading component library '$MGC_HOME\pkgs\ccs_altera\Altera_accel_CycloneIII.lib' [Altera_accel_CycloneIII]... (LIB-49)
# Reading component library '$MGC_HOME\pkgs\siflibs\psr2010a_up2\mgc_Altera-Cyclone-III-6_beh_psr.lib' [mgc_Altera-Cyclone-III-6_beh_psr]... (LIB-49)
# File '$PROJECT_HOME/red_detect.cpp' saved
# Input file has changed
go new
solution file set {$PROJECT_HOME/red_detect.cpp} -updated
# Info: Branching solution 'solution.v4' at state 'new' (PRJ-2)
go extract
# Info: Starting transformation 'analyze' on solution 'solution.v4' (SOL-8)
# Front End called with arguments: -- {C:\git\red_detect\catapult proj\red_detect.cpp} (CIN-69)
# Edison Design Group C++/C Front End - Version 3.10.1 (CIN-1)
# Warning: $PROJECT_HOME/red_detect.cpp(100): $PROJECT_HOME/red_detect.cpp(100): last line of file ends without a newline (CRD-1)
# $PROJECT_HOME/red_detect.cpp(46): Pragma 'hls_design<top>' detected on routine 'red_detect' (CIN-6)
# Source file analysis completed (CIN-68)
# Info: Completed transformation 'analyze' on solution 'solution.v4': elapsed time 0.50 seconds, memory usage 215572kB, peak memory usage 242808kB (SOL-9)
# Info: Starting transformation 'compile' on solution 'solution.v4' (SOL-8)
# Generating synthesis internal form... (CIN-3)
# $PROJECT_HOME/red_detect.cpp(48): Found top design routine 'red_detect' specified by directive (CIN-52)
# $PROJECT_HOME/red_detect.cpp(48): Synthesizing routine 'red_detect' (CIN-13)
# $PROJECT_HOME/red_detect.cpp(48): Inlining routine 'red_detect' (CIN-14)
# $PROJECT_HOME/red_detect.cpp(48): Optimizing block '/red_detect' ... (CIN-4)
# $PROJECT_HOME/red_detect.cpp(48): Inout port 'vga_xy' is only used as an input. (OPT-10)
# $PROJECT_HOME/red_detect.cpp(49): Inout port 'video_in' is only used as an input. (OPT-10)
# $PROJECT_HOME/red_detect.cpp(49): Inout port 'video_out' is only used as an output. (OPT-11)
# $PROJECT_HOME/red_detect.cpp(50): Inout port 'redOut' is only used as an output. (OPT-11)
# $PROJECT_HOME/red_detect.cpp(50): Inout port 'endRow' is only used as an output. (OPT-11)
# $PROJECT_HOME/red_detect.cpp(50): Inout port 'endScreen' is only used as an output. (OPT-11)
# Info: Optimizing partition '/red_detect': (Total ops = 102, Real ops = 13, Vars = 42) (SOL-10)
# Info: Optimizing partition '/red_detect/core': (Total ops = 102, Real ops = 13, Vars = 36) (SOL-10)
# Info: Optimizing partition '/red_detect/core': (Total ops = 102, Real ops = 13, Vars = 36) (SOL-10)
# Info: Optimizing partition '/red_detect': (Total ops = 102, Real ops = 13, Vars = 42) (SOL-10)
# Info: Optimizing partition '/red_detect': (Total ops = 102, Real ops = 13, Vars = 42) (SOL-10)
# Info: Optimizing partition '/red_detect/core': (Total ops = 102, Real ops = 13, Vars = 36) (SOL-10)
# Info: Optimizing partition '/red_detect/core': (Total ops = 73, Real ops = 12, Vars = 15) (SOL-10)
# Info: Optimizing partition '/red_detect/core': (Total ops = 73, Real ops = 12, Vars = 15) (SOL-10)
# Info: Optimizing partition '/red_detect': (Total ops = 73, Real ops = 12, Vars = 21) (SOL-10)
# Info: Optimizing partition '/red_detect': (Total ops = 73, Real ops = 12, Vars = 21) (SOL-10)
# Info: Optimizing partition '/red_detect/core': (Total ops = 70, Real ops = 12, Vars = 18) (SOL-10)
# Info: Optimizing partition '/red_detect/core': (Total ops = 63, Real ops = 10, Vars = 11) (SOL-10)
# Info: Optimizing partition '/red_detect': (Total ops = 63, Real ops = 10, Vars = 17) (SOL-10)
# Info: Optimizing partition '/red_detect/core': (Total ops = 63, Real ops = 10, Vars = 11) (SOL-10)
# Info: Optimizing partition '/red_detect': (Total ops = 63, Real ops = 10, Vars = 17) (SOL-10)
# Info: Optimizing partition '/red_detect': (Total ops = 63, Real ops = 10, Vars = 17) (SOL-10)
# Info: Optimizing partition '/red_detect/core': (Total ops = 63, Real ops = 10, Vars = 11) (SOL-10)
# Info: Optimizing partition '/red_detect/core': (Total ops = 54, Real ops = 8, Vars = 14) (SOL-10)
# Info: Optimizing partition '/red_detect/core': (Total ops = 51, Real ops = 8, Vars = 14) (SOL-10)
# Info: Optimizing partition '/red_detect/core': (Total ops = 48, Real ops = 8, Vars = 11) (SOL-10)
# Info: Optimizing partition '/red_detect': (Total ops = 48, Real ops = 8, Vars = 17) (SOL-10)
# Info: Optimizing partition '/red_detect': (Total ops = 48, Real ops = 8, Vars = 17) (SOL-10)
# Info: Optimizing partition '/red_detect/core': (Total ops = 48, Real ops = 8, Vars = 11) (SOL-10)
# Design 'red_detect' was read (SOL-1)
# Info: Completed transformation 'compile' on solution 'red_detect.v24': elapsed time 4.46 seconds, memory usage 216796kB, peak memory usage 242808kB (SOL-9)
# Info: Starting transformation 'architect' on solution 'red_detect.v24' (SOL-8)
# $PROJECT_HOME/red_detect.cpp(48): Loop '/red_detect/core/main' is left rolled. (LOOP-4)
# $PROJECT_HOME/red_detect.cpp(48): I/O-Port inferred - resource 'vga_xy:rsc' (from var: vga_xy) mapped to 'mgc_ioport.mgc_in_wire' (size: 20). (MEM-2)
# $PROJECT_HOME/red_detect.cpp(49): I/O-Port inferred - resource 'video_in:rsc' (from var: video_in) mapped to 'mgc_ioport.mgc_in_wire' (size: 30). (MEM-2)
# $PROJECT_HOME/red_detect.cpp(49): I/O-Port inferred - resource 'video_out:rsc' (from var: video_out) mapped to 'mgc_ioport.mgc_out_stdreg' (size: 30). (MEM-2)
# $PROJECT_HOME/red_detect.cpp(50): I/O-Port inferred - resource 'redOut:rsc' (from var: redOut) mapped to 'mgc_ioport.mgc_out_stdreg' (size: 1). (MEM-2)
# $PROJECT_HOME/red_detect.cpp(50): I/O-Port inferred - resource 'endRow:rsc' (from var: endRow) mapped to 'mgc_ioport.mgc_out_stdreg' (size: 1). (MEM-2)
# $PROJECT_HOME/red_detect.cpp(50): I/O-Port inferred - resource 'endScreen:rsc' (from var: endScreen) mapped to 'mgc_ioport.mgc_out_stdreg' (size: 1). (MEM-2)
# Info: Optimizing partition '/red_detect': (Total ops = 54, Real ops = 9, Vars = 20) (SOL-10)
# Info: Optimizing partition '/red_detect/core': (Total ops = 54, Real ops = 9, Vars = 11) (SOL-10)
# Info: Optimizing partition '/red_detect/core': (Total ops = 58, Real ops = 10, Vars = 14) (SOL-10)
# Info: Optimizing partition '/red_detect/core': (Total ops = 47, Real ops = 10, Vars = 9) (SOL-10)
# Info: Optimizing partition '/red_detect/core': (Total ops = 47, Real ops = 10, Vars = 8) (SOL-10)
# Info: Optimizing partition '/red_detect': (Total ops = 47, Real ops = 10, Vars = 17) (SOL-10)
# Info: Optimizing partition '/red_detect/core': (Total ops = 47, Real ops = 10, Vars = 8) (SOL-10)
# Info: Optimizing partition '/red_detect': (Total ops = 47, Real ops = 10, Vars = 17) (SOL-10)
# Info: Optimizing partition '/red_detect': (Total ops = 47, Real ops = 10, Vars = 17) (SOL-10)
# Info: Optimizing partition '/red_detect/core': (Total ops = 47, Real ops = 10, Vars = 8) (SOL-10)
# Info: Optimizing partition '/red_detect/core': (Total ops = 115, Real ops = 20, Vars = 52) (SOL-10)
# Info: Optimizing partition '/red_detect/core': (Total ops = 60, Real ops = 17, Vars = 7) (SOL-10)
# Design 'red_detect' contains '17' real operations. (SOL-11)
# Info: Completed transformation 'architect' on solution 'red_detect.v24': elapsed time 12.71 seconds, memory usage 217728kB, peak memory usage 242808kB (SOL-9)
# Info: Starting transformation 'allocate' on solution 'red_detect.v24' (SOL-8)
# Performing concurrent resource allocation and scheduling on '/red_detect/core' (CRAAS-1)
# Info: Select qualified components for data operations ... (CRAAS-3)
# Info: Apply resource constraints on data operations ... (CRAAS-4)
# $PROJECT_HOME/red_detect.cpp(48): Prescheduled LOOP 'main' (2 c-steps) (SCHD-7)
# $PROJECT_HOME/red_detect.cpp(48): Prescheduled SEQUENTIAL 'core' (total length 2 c-steps) (SCHD-8)
# Info: Initial schedule of SEQUENTIAL 'core': Latency = 1, Area (Datapath, Register, Total) = 68.02, 0.00, 68.02 (CRAAS-11)
# At least one feasible schedule exists. (CRAAS-9)
# Info: Final schedule of SEQUENTIAL 'core': Latency = 1, Area (Datapath, Register, Total) = 68.02, 0.00, 68.02 (CRAAS-12)
# Resource allocation and scheduling done. (CRAAS-2)
# Netlist written to file 'schedule.gnt' (NET-4)
# Info: Completed transformation 'allocate' on solution 'red_detect.v24': elapsed time 0.31 seconds, memory usage 218584kB, peak memory usage 242808kB (SOL-9)
# Info: Starting transformation 'schedule' on solution 'red_detect.v24' (SOL-8)
# Performing concurrent resource allocation and scheduling on '/red_detect/core' (CRAAS-1)
# Global signal 'vga_xy:rsc.z' added to design 'red_detect' for component 'vga_xy:rsc:mgc_in_wire' (LIB-3)
# Global signal 'video_in:rsc.z' added to design 'red_detect' for component 'video_in:rsc:mgc_in_wire' (LIB-3)
# Global signal 'video_out:rsc.z' added to design 'red_detect' for component 'video_out:rsc:mgc_out_stdreg' (LIB-3)
# Global signal 'redOut:rsc.z' added to design 'red_detect' for component 'redOut:rsc:mgc_out_stdreg' (LIB-3)
# Global signal 'endRow:rsc.z' added to design 'red_detect' for component 'endRow:rsc:mgc_out_stdreg' (LIB-3)
# Global signal 'endScreen:rsc.z' added to design 'red_detect' for component 'endScreen:rsc:mgc_out_stdreg' (LIB-3)
# Info: Optimizing partition '/red_detect': (Total ops = 96, Real ops = 18, Vars = 36) (SOL-10)
# Info: Optimizing partition '/red_detect/red_detect:core': (Total ops = 74, Real ops = 17, Vars = 20) (SOL-10)
# Info: Optimizing partition '/red_detect/red_detect:core/core': (Total ops = 65, Real ops = 17, Vars = 11) (SOL-10)
# Info: Optimizing partition '/red_detect/red_detect:core/core': (Total ops = 57, Real ops = 17, Vars = 7) (SOL-10)
# Info: Optimizing partition '/red_detect': (Total ops = 87, Real ops = 17, Vars = 31) (SOL-10)
# Info: Optimizing partition '/red_detect/red_detect:core': (Total ops = 66, Real ops = 17, Vars = 16) (SOL-10)
# Info: Optimizing partition '/red_detect/red_detect:core/core': (Total ops = 57, Real ops = 17, Vars = 7) (SOL-10)
# Info: Optimizing partition '/red_detect': (Total ops = 87, Real ops = 17, Vars = 31) (SOL-10)
# Info: Optimizing partition '/red_detect/red_detect:core': (Total ops = 66, Real ops = 17, Vars = 16) (SOL-10)
# Report written to file 'cycle.rpt'
# Netlist written to file 'cycle.v' (NET-4)
# Info: Completed transformation 'schedule' on solution 'red_detect.v24': elapsed time 0.77 seconds, memory usage 221516kB, peak memory usage 242808kB (SOL-9)
# Info: Starting transformation 'dpfsm' on solution 'red_detect.v24' (SOL-8)
# Performing FSM extraction... (FSM-1)
# Info: Optimizing partition '/red_detect': (Total ops = 143, Real ops = 20, Vars = 75) (SOL-10)
# Info: Optimizing partition '/red_detect/red_detect:core': (Total ops = 122, Real ops = 20, Vars = 60) (SOL-10)
# Info: Optimizing partition '/red_detect': (Total ops = 133, Real ops = 20, Vars = 25) (SOL-10)
# Info: Optimizing partition '/red_detect/red_detect:core': (Total ops = 112, Real ops = 20, Vars = 10) (SOL-10)
# Info: Optimizing partition '/red_detect': (Total ops = 86, Real ops = 21, Vars = 28) (SOL-10)
# Info: Optimizing partition '/red_detect/red_detect:core': (Total ops = 65, Real ops = 21, Vars = 13) (SOL-10)
# Info: Optimizing partition '/red_detect': (Total ops = 86, Real ops = 21, Vars = 28) (SOL-10)
# Info: Optimizing partition '/red_detect/red_detect:core': (Total ops = 65, Real ops = 21, Vars = 13) (SOL-10)
# Info: Optimizing partition '/red_detect/red_detect:core': (Total ops = 65, Real ops = 21, Vars = 13) (SOL-10)
# Info: Optimizing partition '/red_detect': (Total ops = 86, Real ops = 21, Vars = 28) (SOL-10)
# Info: Optimizing partition '/red_detect': (Total ops = 86, Real ops = 21, Vars = 28) (SOL-10)
# Info: Optimizing partition '/red_detect/red_detect:core': (Total ops = 65, Real ops = 21, Vars = 13) (SOL-10)
# Info: Optimizing partition '/red_detect': (Total ops = 86, Real ops = 21, Vars = 28) (SOL-10)
# Info: Optimizing partition '/red_detect/red_detect:core': (Total ops = 65, Real ops = 21, Vars = 13) (SOL-10)
# Info: Optimizing partition '/red_detect': (Total ops = 86, Real ops = 21, Vars = 28) (SOL-10)
# Info: Optimizing partition '/red_detect/red_detect:core': (Total ops = 65, Real ops = 21, Vars = 13) (SOL-10)
# Info: Completed transformation 'dpfsm' on solution 'red_detect.v24': elapsed time 0.33 seconds, memory usage 221544kB, peak memory usage 242808kB (SOL-9)
# Info: Starting transformation 'extract' on solution 'red_detect.v24' (SOL-8)
# Info: Optimizing partition '/red_detect': (Total ops = 87, Real ops = 21, Vars = 77) (SOL-10)
# Info: Optimizing partition '/red_detect/red_detect:core': (Total ops = 66, Real ops = 21, Vars = 62) (SOL-10)
# Info: Optimizing partition '/red_detect': (Total ops = 86, Real ops = 21, Vars = 28) (SOL-10)
# Info: Optimizing partition '/red_detect/red_detect:core': (Total ops = 65, Real ops = 21, Vars = 13) (SOL-10)
# Info: Optimizing partition '/red_detect': (Total ops = 86, Real ops = 21, Vars = 28) (SOL-10)
# Info: Optimizing partition '/red_detect/red_detect:core': (Total ops = 65, Real ops = 21, Vars = 13) (SOL-10)
# Info: Optimizing partition '/red_detect/red_detect:core': (Total ops = 65, Real ops = 21, Vars = 13) (SOL-10)
# Info: Optimizing partition '/red_detect/red_detect:core': (Total ops = 65, Real ops = 21, Vars = 13) (SOL-10)
# Info: Optimizing partition '/red_detect': (Total ops = 86, Real ops = 21, Vars = 28) (SOL-10)
# Info: Optimizing partition '/red_detect': (Total ops = 86, Real ops = 21, Vars = 28) (SOL-10)
# Info: Optimizing partition '/red_detect/red_detect:core': (Total ops = 65, Real ops = 21, Vars = 13) (SOL-10)
# Info: Optimizing partition '/red_detect': (Total ops = 86, Real ops = 21, Vars = 28) (SOL-10)
# Info: Optimizing partition '/red_detect/red_detect:core': (Total ops = 65, Real ops = 21, Vars = 13) (SOL-10)
# Warning: Reassigned operation if:and#1:mgc_Altera-Cyclone-III-6_beh_psr.mgc_and(1,2) to mgc_Altera-Cyclone-III-6_beh_psr.mgc_and(1,3) (ASG-1)
# Info: Optimizing partition '/red_detect': (Total ops = 87, Real ops = 21, Vars = 77) (SOL-10)
# Info: Optimizing partition '/red_detect/red_detect:core': (Total ops = 66, Real ops = 21, Vars = 62) (SOL-10)
# Netlist written to file 'schematic.nlv' (NET-4)
# Info: Optimizing partition '/red_detect': (Total ops = 87, Real ops = 21, Vars = 77) (SOL-10)
# Info: Optimizing partition '/red_detect/red_detect:core': (Total ops = 66, Real ops = 21, Vars = 62) (SOL-10)
# Info: Optimizing partition '/red_detect': (Total ops = 86, Real ops = 21, Vars = 28) (SOL-10)
# Info: Optimizing partition '/red_detect/red_detect:core': (Total ops = 65, Real ops = 21, Vars = 13) (SOL-10)
# Info: Optimizing partition '/red_detect': (Total ops = 86, Real ops = 21, Vars = 28) (SOL-10)
# Info: Optimizing partition '/red_detect/red_detect:core': (Total ops = 65, Real ops = 21, Vars = 13) (SOL-10)
# Report written to file 'rtl.rpt'
# Netlist written to file 'rtl.v' (NET-4)
# generate concat
# order file name is: rtl.v_order.txt
# Add dependent file: ./rtl_mgc_ioport.v
# Add dependent file: ./rtl_mgc_ioport_v2001.v
# Add dependent file: ./rtl.v
# Finished writing concatenated file: C:/git/red_detect/catapult proj/Red_Detect/red_detect.v24/concat_rtl.v
# Synthesis timing script written to file './rtl.v.psr_timing'
# IO timing constraints written to synthesis script file
# Synthesis script written to file 'rtl.v.psr'
# Info: Completed transformation 'extract' on solution 'red_detect.v24': elapsed time 5.41 seconds, memory usage 222536kB, peak memory usage 242808kB (SOL-9)
quit -f
