-- Catapult University Version: Report                                              
-- ---------------------------- ---------------------------------------------------
-- Version:                     2011a.126 Production Release                        
-- Build Date:                  Wed Aug  8 00:52:07 PDT 2012                        
                                                                                    
-- Generated by:                ymh15@EEWS104A-007                                  
-- Generated date:              Thu May 12 12:29:28 +0100 2016                      

Solution Settings: get_square_intensity.v9
  Current state: schedule
  Project: rectangle_detect
  
  Design Input Files Specified
    C:/git/FinalProject/rectangle_detect/rectangle_detect.c
      $MGC_HOME/shared/include/ac_int.h
  
  Processes/Blocks in Design
    Process                    Real Operation(s) count Latency Throughput Reset Length II Comments 
    -------------------------- ----------------------- ------- ---------- ------------ -- --------
    /get_square_intensity/core                      50       2          3            0  0          
    Design Total:                                   50       2          3            0  0          
    
  Clock Information
    Clock Signal Edge   Period Sharing Alloc (%) Uncertainty Used by Processes/Blocks   
    ------------ ------ ------ ----------------- ----------- --------------------------
    clk          rising 20.000             20.00    0.000000 /get_square_intensity/core 
    
  I/O Data Ranges
    Port             Mode DeclType DeclWidth DeclRange ActType ActWidth ActRange 
    ---------------- ---- -------- --------- --------- ------- -------- --------
    vga_xy:rsc.z     IN   Unsigned        20                                     
    video_in:rsc.z   IN   Unsigned        30                                     
    x_top_left:rsc.z IN   Unsigned        10                                     
    y_top_left:rsc.z IN   Unsigned        10                                     
    width:rsc.z      IN   Unsigned        10                                     
    height:rsc.z     IN   Unsigned        10                                     
    clk              IN   Unsigned         1                                     
    en               IN   Unsigned         1                                     
    arst_n           IN   Unsigned         1                                     
    video_out:rsc.z  OUT  Unsigned        30                                     
    filled:rsc.z     OUT  Unsigned         1                                     
    
  Memory Resources
    Resource Name: /get_square_intensity/vga_xy:rsc
      Memory Component: mgc_in_wire                  Size:         1 x 20
      External:         true                         Packing Mode: sidebyside
      Memory Map:
      Variable                     Indices Phys Memory Address     
      ---------------------------- ------- -----------------------
      /get_square_intensity/vga_xy    0:19 00000000-00000000 (0-0) 
      
    Resource Name: /get_square_intensity/video_in:rsc
      Memory Component: mgc_in_wire                  Size:         1 x 30
      External:         true                         Packing Mode: sidebyside
      Memory Map:
      Variable                       Indices Phys Memory Address     
      ------------------------------ ------- -----------------------
      /get_square_intensity/video_in    0:29 00000000-00000000 (0-0) 
      
    Resource Name: /get_square_intensity/x_top_left:rsc
      Memory Component: mgc_in_wire                  Size:         1 x 10
      External:         true                         Packing Mode: sidebyside
      Memory Map:
      Variable                         Indices Phys Memory Address     
      -------------------------------- ------- -----------------------
      /get_square_intensity/x_top_left     0:9 00000000-00000000 (0-0) 
      
    Resource Name: /get_square_intensity/y_top_left:rsc
      Memory Component: mgc_in_wire                  Size:         1 x 10
      External:         true                         Packing Mode: sidebyside
      Memory Map:
      Variable                         Indices Phys Memory Address     
      -------------------------------- ------- -----------------------
      /get_square_intensity/y_top_left     0:9 00000000-00000000 (0-0) 
      
    Resource Name: /get_square_intensity/width:rsc
      Memory Component: mgc_in_wire                  Size:         1 x 10
      External:         true                         Packing Mode: sidebyside
      Memory Map:
      Variable                    Indices Phys Memory Address     
      --------------------------- ------- -----------------------
      /get_square_intensity/width     0:9 00000000-00000000 (0-0) 
      
    Resource Name: /get_square_intensity/height:rsc
      Memory Component: mgc_in_wire                  Size:         1 x 10
      External:         true                         Packing Mode: sidebyside
      Memory Map:
      Variable                     Indices Phys Memory Address     
      ---------------------------- ------- -----------------------
      /get_square_intensity/height     0:9 00000000-00000000 (0-0) 
      
    Resource Name: /get_square_intensity/video_out:rsc
      Memory Component: mgc_out_stdreg               Size:         1 x 30
      External:         true                         Packing Mode: sidebyside
      Memory Map:
      Variable                        Indices Phys Memory Address     
      ------------------------------- ------- -----------------------
      /get_square_intensity/video_out    0:29 00000000-00000000 (0-0) 
      
    Resource Name: /get_square_intensity/filled:rsc
      Memory Component: mgc_out_stdreg               Size:         1 x 1
      External:         true                         Packing Mode: sidebyside
      Memory Map:
      Variable                     Indices Phys Memory Address     
      ---------------------------- ------- -----------------------
      /get_square_intensity/filled     0:0 00000000-00000000 (0-0) 
      
  Multi-Cycle (Combinational) Component Usage
    Instance Component Name Delay 
    -------- -------------- -----
    
  Loops
    Process                    Loop             Iterations C-Steps Total Cycles  Duration  Unroll Init Comments 
    -------------------------- ---------------- ---------- ------- ------------- --------- ------ ---- --------
    /get_square_intensity/core core:rlp           Infinite       0            3  60.00 ns                       
    /get_square_intensity/core   main             Infinite       3            3  60.00 ns                       
    
  Loop Execution Profile
    Process                    Loop             Total Cycles % of Overall Design Cycles Throughput Cycles Comments 
    -------------------------- ---------------- ------------ -------------------------- ----------------- --------
    /get_square_intensity/core core:rlp                   0                        0.00                3           
    /get_square_intensity/core   main                     3                      100.00                3           
    
  End of Report
