-- Catapult University Version: Report                                              
-- ---------------------------- ---------------------------------------------------
-- Version:                     2011a.126 Production Release                        
-- Build Date:                  Wed Aug  8 00:52:07 PDT 2012                        
                                                                                    
-- Generated by:                ymh15@EEWS104A-009                                  
-- Generated date:              Mon May 09 18:41:57 +0100 2016                      

Solution Settings: get_square_intensity.v17
  Current state: schedule
  Project: get_square_intensity
  
  Design Input Files Specified
    $PROJECT_HOME/../get_square_intensity.cpp
      $MGC_HOME/shared/include/ac_int.h
  
  Processes/Blocks in Design
    Process                    Real Operation(s) count Latency Throughput Reset Length II Comments 
    -------------------------- ----------------------- ------- ---------- ------------ -- --------
    /get_square_intensity/core                      42       1          1            0  1          
    Design Total:                                   42       1          1            0  1          
    
  Clock Information
    Clock Signal Edge   Period Sharing Alloc (%) Uncertainty Used by Processes/Blocks   
    ------------ ------ ------ ----------------- ----------- --------------------------
    clk          rising 20.000             20.00    0.000000 /get_square_intensity/core 
    
  I/O Data Ranges
    Port               Mode DeclType DeclWidth DeclRange ActType ActWidth ActRange 
    ------------------ ---- -------- --------- --------- ------- -------- --------
    vga_xy:rsc.z       IN   Unsigned        20                                     
    x_top_left:rsc.z   IN   Unsigned        10                                     
    y_top_left:rsc.z   IN   Unsigned        10                                     
    width:rsc.z        IN   Unsigned        10                                     
    height:rsc.z       IN   Unsigned        10                                     
    video_in:rsc.z     IN   Unsigned        30                                     
    clk                IN   Unsigned         1                                     
    en                 IN   Unsigned         1                                     
    arst_n             IN   Unsigned         1                                     
    white_or_not:rsc.z OUT  Unsigned         1                                     
    last_pixel:rsc.z   OUT  Unsigned         1                                     
    video_out:rsc.z    OUT  Unsigned        30                                     
    
  Memory Resources
    Resource Name: /get_square_intensity/vga_xy:rsc
      Memory Component: mgc_in_wire                  Size:         1 x 20
      External:         true                         Packing Mode: sidebyside
      Memory Map:
      Variable                     Indices Phys Memory Address     
      ---------------------------- ------- -----------------------
      /get_square_intensity/vga_xy    0:19 00000000-00000000 (0-0) 
      
    Resource Name: /get_square_intensity/x_top_left:rsc
      Memory Component: mgc_in_wire                  Size:         1 x 10
      External:         true                         Packing Mode: sidebyside
      Memory Map:
      Variable                         Indices Phys Memory Address     
      -------------------------------- ------- -----------------------
      /get_square_intensity/x_top_left     0:9 00000000-00000000 (0-0) 
      
    Resource Name: /get_square_intensity/y_top_left:rsc
      Memory Component: mgc_in_wire                  Size:         1 x 10
      External:         true                         Packing Mode: sidebyside
      Memory Map:
      Variable                         Indices Phys Memory Address     
      -------------------------------- ------- -----------------------
      /get_square_intensity/y_top_left     0:9 00000000-00000000 (0-0) 
      
    Resource Name: /get_square_intensity/width:rsc
      Memory Component: mgc_in_wire                  Size:         1 x 10
      External:         true                         Packing Mode: sidebyside
      Memory Map:
      Variable                    Indices Phys Memory Address     
      --------------------------- ------- -----------------------
      /get_square_intensity/width     0:9 00000000-00000000 (0-0) 
      
    Resource Name: /get_square_intensity/height:rsc
      Memory Component: mgc_in_wire                  Size:         1 x 10
      External:         true                         Packing Mode: sidebyside
      Memory Map:
      Variable                     Indices Phys Memory Address     
      ---------------------------- ------- -----------------------
      /get_square_intensity/height     0:9 00000000-00000000 (0-0) 
      
    Resource Name: /get_square_intensity/video_in:rsc
      Memory Component: mgc_in_wire                  Size:         1 x 30
      External:         true                         Packing Mode: sidebyside
      Memory Map:
      Variable                       Indices Phys Memory Address     
      ------------------------------ ------- -----------------------
      /get_square_intensity/video_in    0:29 00000000-00000000 (0-0) 
      
    Resource Name: /get_square_intensity/white_or_not:rsc
      Memory Component: mgc_out_stdreg               Size:         1 x 1
      External:         true                         Packing Mode: sidebyside
      Memory Map:
      Variable                           Indices Phys Memory Address     
      ---------------------------------- ------- -----------------------
      /get_square_intensity/white_or_not     0:0 00000000-00000000 (0-0) 
      
    Resource Name: /get_square_intensity/last_pixel:rsc
      Memory Component: mgc_out_stdreg               Size:         1 x 1
      External:         true                         Packing Mode: sidebyside
      Memory Map:
      Variable                         Indices Phys Memory Address     
      -------------------------------- ------- -----------------------
      /get_square_intensity/last_pixel     0:0 00000000-00000000 (0-0) 
      
    Resource Name: /get_square_intensity/video_out:rsc
      Memory Component: mgc_out_stdreg               Size:         1 x 30
      External:         true                         Packing Mode: sidebyside
      Memory Map:
      Variable                        Indices Phys Memory Address     
      ------------------------------- ------- -----------------------
      /get_square_intensity/video_out    0:29 00000000-00000000 (0-0) 
      
  Multi-Cycle (Combinational) Component Usage
    Instance Component Name Delay 
    -------- -------------- -----
    
  Loops
    Process                    Loop             Iterations C-Steps Total Cycles  Duration  Unroll Init Comments 
    -------------------------- ---------------- ---------- ------- ------------- --------- ------ ---- --------
    /get_square_intensity/core main               Infinite       2            1  20.00 ns            1          
    
  Loop Execution Profile
    Process                    Loop             Total Cycles % of Overall Design Cycles Throughput Cycles Comments 
    -------------------------- ---------------- ------------ -------------------------- ----------------- --------
    /get_square_intensity/core main                       1                      100.00                1           
    
  End of Report
