//  Catapult University Version 2011a.126 (Production Release) Wed Aug  8 00:52:07 PDT 2012
//  
//  Copyright (c) Calypto Design Systems, Inc., 1996-2012, All Rights Reserved.
//                       UNPUBLISHED, LICENSED SOFTWARE.
//            CONFIDENTIAL AND PROPRIETARY INFORMATION WHICH IS THE
//          PROPERTY OF CALYPTO DESIGN SYSTEMS OR ITS LICENSORS
//  
//  Running on Windows 7 mg3115@EEWS104A-009 Service Pack 1 6.01.7601 i686
//  
//  Package information: SIFLIBS v17.0_1.1, HLS_PKGS v17.0_1.1, 
//                       DesignPad v2.78_0.0
//  
//  This version may only be used for academic purposes.  Some optimizations 
//  are disabled, so results obtained from this version may be sub-optimal.
//  
//  Start time Thu May 05 11:38:18 2016
# -------------------------------------------------
# Logging session transcript to file "C:\Users\mg3115\AppData\Local\Temp\log1316a3b954.0"
# Loading options from registry.
# Warning: Could not restore CWD: C:/git/sobel_light_detector/DE0_CAMERA_MOUSE/pixel catapult/PixelDetector/make_square
# Warning: set_working_dir: Directory 'C:/Windows/System32' not writable, using C:/Users/mg3115/AppData/Local/Temp
project load //icnas3.cc.ic.ac.uk/mg3115/pixel_detect_project/PixelDetector/pixel_detect.cpp
# Error: invalid command name "////////////////////////////////////////////////////////////////////////////////"
project new -name square_fill_detect
set_working_dir H:/square_fill_detect
solution file add ./get_square_intensity.cpp -exclude true
# /INPUTFILES/1
# File 'H:/square_fill_detect/get_square_intensity.cpp' saved
solution file set H:/square_fill_detect/get_square_intensity.cpp -exclude false
go analyze
# Creating project directory 'H:\square_fill_detect\square_fill_detect'. (PRJ-1)
# Moving session transcript to file "H:\square_fill_detect\catapult.log"
# Info: Starting transformation 'analyze' on solution 'solution.v1' (SOL-8)
# Front End called with arguments: -- {H:\square_fill_detect\get_square_intensity.cpp} (CIN-69)
# Edison Design Group C++/C Front End - Version 3.10.1 (CIN-1)
# Error: $PROJECT_HOME/get_square_intensity.cpp(51): $PROJECT_HOME/get_square_intensity.cpp(51): expected a ")" (CRD-18)
# Error: $PROJECT_HOME/get_square_intensity.cpp(56): $PROJECT_HOME/get_square_intensity.cpp(56): identifier "last_pixel" is undefined (CRD-20)
# Error: Compilation aborted (CIN-5)
# Error: go analyze: Failed analyze
# File '$PROJECT_HOME/get_square_intensity.cpp' saved
go analyze
# Info: Starting transformation 'analyze' on solution 'solution.v1' (SOL-8)
# Front End called with arguments: -- {H:\square_fill_detect\get_square_intensity.cpp} (CIN-69)
# Edison Design Group C++/C Front End - Version 3.10.1 (CIN-1)
# $PROJECT_HOME/get_square_intensity.cpp(46): Pragma 'hls_design<top>' detected on routine 'get_square_intensity' (CIN-6)
# Source file analysis completed (CIN-68)
# Info: Completed transformation 'analyze' on solution 'solution.v1': elapsed time 1.17 seconds, memory usage 152444kB, peak memory usage 181028kB (SOL-9)
directive set -CLOCKS {clk {-CLOCK_PERIOD 0.0 -CLOCK_EDGE rising -CLOCK_HIGH_TIME 0.000000 -CLOCK_OFFSET 0.000000 -CLOCK_UNCERTAINTY 0.0 -RESET_KIND async -RESET_SYNC_NAME rst -RESET_SYNC_ACTIVE high -RESET_ASYNC_NAME arst_n -RESET_ASYNC_ACTIVE low -ENABLE_NAME {} -ENABLE_ACTIVE high}}
# /CLOCKS {clk {-CLOCK_PERIOD 0.0 -CLOCK_EDGE rising -CLOCK_UNCERTAINTY 0.0 -RESET_SYNC_NAME rst -RESET_ASYNC_NAME arst_n -RESET_KIND async -RESET_SYNC_ACTIVE high -RESET_ASYNC_ACTIVE low -ENABLE_NAME {} -ENABLE_ACTIVE high}}
directive set -CLOCKS {clk {-CLOCK_PERIOD 0.0 -CLOCK_EDGE rising -CLOCK_HIGH_TIME 0.000000 -CLOCK_OFFSET 0.000000 -CLOCK_UNCERTAINTY 0.0 -RESET_KIND async -RESET_SYNC_NAME rst -RESET_SYNC_ACTIVE high -RESET_ASYNC_NAME arst_n -RESET_ASYNC_ACTIVE low -ENABLE_NAME en -ENABLE_ACTIVE high}}
# /CLOCKS {clk {-CLOCK_PERIOD 0.0 -CLOCK_EDGE rising -CLOCK_UNCERTAINTY 0.0 -RESET_SYNC_NAME rst -RESET_ASYNC_NAME arst_n -RESET_KIND async -RESET_SYNC_ACTIVE high -RESET_ASYNC_ACTIVE low -ENABLE_NAME en -ENABLE_ACTIVE high}}
directive set -DESIGN_HIERARCHY get_square_intensity
# /DESIGN_HIERARCHY get_square_intensity
directive set -TECHLIBS {{Altera_accel_CycloneIII.lib Altera_accel_CycloneIII} {mgc_Altera-Cyclone-III-6_beh_psr.lib {{mgc_Altera-Cyclone-III-6_beh_psr part EP3C40F484C}}}}
# /TECHLIBS {{Altera_accel_CycloneIII.lib Altera_accel_CycloneIII} {mgc_Altera-Cyclone-III-6_beh_psr.lib {{mgc_Altera-Cyclone-III-6_beh_psr part EP3C40F484C}}}}
directive set -CLOCKS {clk {-CLOCK_PERIOD 20.0 -CLOCK_EDGE rising -CLOCK_HIGH_TIME 10.00 -CLOCK_OFFSET 0.000000 -CLOCK_UNCERTAINTY 0.0 -RESET_KIND async -RESET_SYNC_NAME rst -RESET_SYNC_ACTIVE high -RESET_ASYNC_NAME arst_n -RESET_ASYNC_ACTIVE low -ENABLE_NAME en -ENABLE_ACTIVE high}}
# /CLOCKS {clk {-CLOCK_PERIOD 20.0 -CLOCK_EDGE rising -CLOCK_UNCERTAINTY 0.0 -CLOCK_HIGH_TIME 10.0 -RESET_SYNC_NAME rst -RESET_ASYNC_NAME arst_n -RESET_KIND async -RESET_SYNC_ACTIVE high -RESET_ASYNC_ACTIVE low -ENABLE_NAME en -ENABLE_ACTIVE high}}
go compile
# Info: Starting transformation 'compile' on solution 'solution.v1' (SOL-8)
# Reading component library '$MGC_HOME\pkgs\siflibs\mgc_busdefs.lib' [mgc_busdefs]... (LIB-49)
# Reading component library '$MGC_HOME\pkgs\siflibs\stdops.lib' [STDOPS]... (LIB-49)
# Reading component library '$MGC_HOME\pkgs\siflibs\mgc_ioport.lib' [mgc_ioport]... (LIB-49)
# Reading component library '$MGC_HOME\pkgs\ccs_altera\Altera_accel_CycloneIII.lib' [Altera_accel_CycloneIII]... (LIB-49)
# Reading component library '$MGC_HOME\pkgs\siflibs\psr2010a_up2\mgc_Altera-Cyclone-III-6_beh_psr.lib' [mgc_Altera-Cyclone-III-6_beh_psr]... (LIB-49)
# Generating synthesis internal form... (CIN-3)
# $PROJECT_HOME/get_square_intensity.cpp(47): Found top design routine 'get_square_intensity' specified by directive (CIN-52)
# $PROJECT_HOME/get_square_intensity.cpp(47): Synthesizing routine 'get_square_intensity' (CIN-13)
# $PROJECT_HOME/get_square_intensity.cpp(47): Inlining routine 'get_square_intensity' (CIN-14)
# $PROJECT_HOME/get_square_intensity.cpp(92): Inlining routine 'check_region' (CIN-14)
# $PROJECT_HOME/get_square_intensity.cpp(47): Optimizing block '/get_square_intensity' ... (CIN-4)
# $PROJECT_HOME/get_square_intensity.cpp(47): Inout port 'vga_xy' is only used as an input. (OPT-10)
# $PROJECT_HOME/get_square_intensity.cpp(48): Inout port 'x_top_left' is only used as an input. (OPT-10)
# $PROJECT_HOME/get_square_intensity.cpp(48): Inout port 'y_top_left' is only used as an input. (OPT-10)
# $PROJECT_HOME/get_square_intensity.cpp(49): Inout port 'width' is only used as an input. (OPT-10)
# $PROJECT_HOME/get_square_intensity.cpp(49): Inout port 'height' is only used as an input. (OPT-10)
# $PROJECT_HOME/get_square_intensity.cpp(50): Inout port 'video_in' is only used as an input. (OPT-10)
# $PROJECT_HOME/get_square_intensity.cpp(50): Inout port 'intensity_out' is only used as an output. (OPT-11)
# $PROJECT_HOME/get_square_intensity.cpp(51): Inout port 'last_pixel' is only used as an output. (OPT-11)
# Info: Optimizing partition '/get_square_intensity': (Total ops = 180, Real ops = 35, Vars = 56) (SOL-10)
# Info: Optimizing partition '/get_square_intensity/core': (Total ops = 180, Real ops = 35, Vars = 48) (SOL-10)
# Info: Optimizing partition '/get_square_intensity/core': (Total ops = 172, Real ops = 35, Vars = 49) (SOL-10)
# Info: Optimizing partition '/get_square_intensity': (Total ops = 172, Real ops = 35, Vars = 57) (SOL-10)
# Info: Optimizing partition '/get_square_intensity': (Total ops = 172, Real ops = 35, Vars = 57) (SOL-10)
# Info: Optimizing partition '/get_square_intensity/core': (Total ops = 172, Real ops = 35, Vars = 49) (SOL-10)
# Info: Optimizing partition '/get_square_intensity/core': (Total ops = 131, Real ops = 31, Vars = 30) (SOL-10)
# Info: Optimizing partition '/get_square_intensity/core': (Total ops = 131, Real ops = 31, Vars = 30) (SOL-10)
# Info: Optimizing partition '/get_square_intensity': (Total ops = 131, Real ops = 31, Vars = 38) (SOL-10)
# Info: Optimizing partition '/get_square_intensity': (Total ops = 131, Real ops = 31, Vars = 38) (SOL-10)
# Info: Optimizing partition '/get_square_intensity/core': (Total ops = 132, Real ops = 31, Vars = 31) (SOL-10)
# Info: Optimizing partition '/get_square_intensity/core': (Total ops = 123, Real ops = 27, Vars = 12) (SOL-10)
# Info: Optimizing partition '/get_square_intensity': (Total ops = 123, Real ops = 27, Vars = 20) (SOL-10)
# Info: Optimizing partition '/get_square_intensity/core': (Total ops = 123, Real ops = 27, Vars = 12) (SOL-10)
# Info: Optimizing partition '/get_square_intensity': (Total ops = 123, Real ops = 27, Vars = 20) (SOL-10)
# Info: Optimizing partition '/get_square_intensity': (Total ops = 123, Real ops = 27, Vars = 20) (SOL-10)
# Info: Optimizing partition '/get_square_intensity/core': (Total ops = 123, Real ops = 27, Vars = 12) (SOL-10)
# Info: Optimizing partition '/get_square_intensity/core': (Total ops = 129, Real ops = 29, Vars = 15) (SOL-10)
# Info: Optimizing partition '/get_square_intensity/core': (Total ops = 121, Real ops = 29, Vars = 13) (SOL-10)
# Info: Optimizing partition '/get_square_intensity/core': (Total ops = 121, Real ops = 29, Vars = 11) (SOL-10)
# Info: Optimizing partition '/get_square_intensity': (Total ops = 121, Real ops = 29, Vars = 19) (SOL-10)
# Info: Optimizing partition '/get_square_intensity': (Total ops = 121, Real ops = 29, Vars = 19) (SOL-10)
# Info: Optimizing partition '/get_square_intensity/core': (Total ops = 121, Real ops = 29, Vars = 11) (SOL-10)
# Info: Optimizing partition '/get_square_intensity/core': (Total ops = 120, Real ops = 29, Vars = 11) (SOL-10)
# Info: Optimizing partition '/get_square_intensity': (Total ops = 120, Real ops = 29, Vars = 19) (SOL-10)
# Design 'get_square_intensity' was read (SOL-1)
# Info: Completed transformation 'compile' on solution 'get_square_intensity.v1': elapsed time 0.55 seconds, memory usage 161040kB, peak memory usage 181364kB (SOL-9)
directive set /get_square_intensity/vga_xy -STREAM 20
# /get_square_intensity/vga_xy/STREAM 20
directive set /get_square_intensity/video_in -STREAM 30
# /get_square_intensity/video_in/STREAM 30
directive set /get_square_intensity/intensity_out -STREAM 10
# /get_square_intensity/intensity_out/STREAM 10
directive set /get_square_intensity/last_pixel -STREAM 1
# /get_square_intensity/last_pixel/STREAM 1
directive set /get_square_intensity/core/main -PIPELINE_INIT_INTERVAL 1
# /get_square_intensity/core/main/PIPELINE_INIT_INTERVAL 1
go extract
# Info: Starting transformation 'architect' on solution 'get_square_intensity.v1' (SOL-8)
# $PROJECT_HOME/get_square_intensity.cpp(47): Loop '/get_square_intensity/core/main' is left rolled. (LOOP-4)
# $PROJECT_HOME/get_square_intensity.cpp(47): I/O-Port inferred - resource 'vga_xy:rsc' (from var: vga_xy) mapped to 'mgc_ioport.mgc_in_wire' (size: 20). (MEM-2)
# $PROJECT_HOME/get_square_intensity.cpp(48): I/O-Port inferred - resource 'x_top_left:rsc' (from var: x_top_left) mapped to 'mgc_ioport.mgc_in_wire' (size: 10). (MEM-2)
# $PROJECT_HOME/get_square_intensity.cpp(48): I/O-Port inferred - resource 'y_top_left:rsc' (from var: y_top_left) mapped to 'mgc_ioport.mgc_in_wire' (size: 10). (MEM-2)
# $PROJECT_HOME/get_square_intensity.cpp(49): I/O-Port inferred - resource 'width:rsc' (from var: width) mapped to 'mgc_ioport.mgc_in_wire' (size: 10). (MEM-2)
# $PROJECT_HOME/get_square_intensity.cpp(49): I/O-Port inferred - resource 'height:rsc' (from var: height) mapped to 'mgc_ioport.mgc_in_wire' (size: 10). (MEM-2)
# $PROJECT_HOME/get_square_intensity.cpp(50): I/O-Port inferred - resource 'video_in:rsc' (from var: video_in) mapped to 'mgc_ioport.mgc_in_wire' (size: 30). (MEM-2)
# $PROJECT_HOME/get_square_intensity.cpp(50): I/O-Port inferred - resource 'intensity_out:rsc' (from var: intensity_out) mapped to 'mgc_ioport.mgc_out_stdreg' (size: 10). (MEM-2)
# $PROJECT_HOME/get_square_intensity.cpp(51): I/O-Port inferred - resource 'last_pixel:rsc' (from var: last_pixel) mapped to 'mgc_ioport.mgc_out_stdreg' (size: 1). (MEM-2)
# Info: Optimizing partition '/get_square_intensity': (Total ops = 130, Real ops = 30, Vars = 22) (SOL-10)
# Info: Optimizing partition '/get_square_intensity/core': (Total ops = 130, Real ops = 30, Vars = 11) (SOL-10)
# Info: Optimizing partition '/get_square_intensity/core': (Total ops = 131, Real ops = 30, Vars = 15) (SOL-10)
# Info: Optimizing partition '/get_square_intensity/core': (Total ops = 126, Real ops = 30, Vars = 13) (SOL-10)
# Info: Optimizing partition '/get_square_intensity/core': (Total ops = 126, Real ops = 30, Vars = 12) (SOL-10)
# Info: Optimizing partition '/get_square_intensity': (Total ops = 126, Real ops = 30, Vars = 23) (SOL-10)
# Info: Optimizing partition '/get_square_intensity/core': (Total ops = 126, Real ops = 30, Vars = 12) (SOL-10)
# Info: Optimizing partition '/get_square_intensity': (Total ops = 126, Real ops = 30, Vars = 23) (SOL-10)
# Info: Optimizing partition '/get_square_intensity': (Total ops = 126, Real ops = 30, Vars = 23) (SOL-10)
# Info: Optimizing partition '/get_square_intensity/core': (Total ops = 126, Real ops = 30, Vars = 12) (SOL-10)
# Info: Optimizing partition '/get_square_intensity/core': (Total ops = 214, Real ops = 40, Vars = 66) (SOL-10)
# Info: Optimizing partition '/get_square_intensity/core': (Total ops = 130, Real ops = 35, Vars = 15) (SOL-10)
# Design 'get_square_intensity' contains '54' real operations. (SOL-11)
# Info: Completed transformation 'architect' on solution 'get_square_intensity.v1': elapsed time 0.92 seconds, memory usage 161084kB, peak memory usage 181364kB (SOL-9)
# Info: Starting transformation 'allocate' on solution 'get_square_intensity.v1' (SOL-8)
# Performing concurrent resource allocation and scheduling on '/get_square_intensity/core' (CRAAS-1)
# Info: Select qualified components for data operations ... (CRAAS-3)
# Info: Apply resource constraints on data operations ... (CRAAS-4)
# $PROJECT_HOME/get_square_intensity.cpp(47): Prescheduled LOOP 'main' (3 c-steps) (SCHD-7)
# $PROJECT_HOME/get_square_intensity.cpp(47): Prescheduled SEQUENTIAL 'core' (total length 3 c-steps) (SCHD-8)
# Info: Initial schedule of SEQUENTIAL 'core': Latency = 2, Area (Datapath, Register, Total) = 256.45, 0.00, 256.45 (CRAAS-11)
# At least one feasible schedule exists. (CRAAS-9)
# Info: Optimized LOOP 'main': Latency = 2, Area (Datapath, Register, Total) = 242.70, 0.00, 242.70 (CRAAS-10)
# Info: Optimized LOOP 'main': Latency = 2, Area (Datapath, Register, Total) = 238.91, 0.00, 238.91 (CRAAS-10)
# Info: Final schedule of SEQUENTIAL 'core': Latency = 2, Area (Datapath, Register, Total) = 238.91, 0.00, 238.91 (CRAAS-12)
# Resource allocation and scheduling done. (CRAAS-2)
# Netlist written to file 'schedule.gnt' (NET-4)
# Info: Completed transformation 'allocate' on solution 'get_square_intensity.v1': elapsed time 0.17 seconds, memory usage 161256kB, peak memory usage 181364kB (SOL-9)
# Info: Starting transformation 'schedule' on solution 'get_square_intensity.v1' (SOL-8)
# Performing concurrent resource allocation and scheduling on '/get_square_intensity/core' (CRAAS-1)
# Global signal 'vga_xy:rsc.z' added to design 'get_square_intensity' for component 'vga_xy:rsc:mgc_in_wire' (LIB-3)
# Global signal 'x_top_left:rsc.z' added to design 'get_square_intensity' for component 'x_top_left:rsc:mgc_in_wire' (LIB-3)
# Global signal 'y_top_left:rsc.z' added to design 'get_square_intensity' for component 'y_top_left:rsc:mgc_in_wire' (LIB-3)
# Global signal 'width:rsc.z' added to design 'get_square_intensity' for component 'width:rsc:mgc_in_wire' (LIB-3)
# Global signal 'height:rsc.z' added to design 'get_square_intensity' for component 'height:rsc:mgc_in_wire' (LIB-3)
# Global signal 'video_in:rsc.z' added to design 'get_square_intensity' for component 'video_in:rsc:mgc_in_wire' (LIB-3)
# Global signal 'intensity_out:rsc.z' added to design 'get_square_intensity' for component 'intensity_out:rsc:mgc_out_stdreg' (LIB-3)
# Global signal 'last_pixel:rsc.z' added to design 'get_square_intensity' for component 'last_pixel:rsc:mgc_out_stdreg' (LIB-3)
# Info: Optimizing partition '/get_square_intensity': (Total ops = 272, Real ops = 55, Vars = 97) (SOL-10)
# Info: Optimizing partition '/get_square_intensity/get_square_intensity:core': (Total ops = 244, Real ops = 54, Vars = 77) (SOL-10)
# Info: Optimizing partition '/get_square_intensity/get_square_intensity:core/core': (Total ops = 233, Real ops = 54, Vars = 66) (SOL-10)
# Info: Optimizing partition '/get_square_intensity/get_square_intensity:core/core': (Total ops = 221, Real ops = 54, Vars = 60) (SOL-10)
# Info: Optimizing partition '/get_square_intensity/get_square_intensity:core/core': (Total ops = 220, Real ops = 54, Vars = 59) (SOL-10)
# Info: Optimizing partition '/get_square_intensity': (Total ops = 258, Real ops = 54, Vars = 89) (SOL-10)
# Info: Optimizing partition '/get_square_intensity/get_square_intensity:core': (Total ops = 231, Real ops = 54, Vars = 70) (SOL-10)
# Info: Optimizing partition '/get_square_intensity/get_square_intensity:core/core': (Total ops = 220, Real ops = 54, Vars = 59) (SOL-10)
# Info: Optimizing partition '/get_square_intensity': (Total ops = 258, Real ops = 54, Vars = 89) (SOL-10)
# Info: Optimizing partition '/get_square_intensity/get_square_intensity:core': (Total ops = 231, Real ops = 54, Vars = 70) (SOL-10)
# Report written to file 'cycle.rpt'
# Netlist written to file 'cycle.v' (NET-4)
# Info: Completed transformation 'schedule' on solution 'get_square_intensity.v1': elapsed time 0.89 seconds, memory usage 167420kB, peak memory usage 181364kB (SOL-9)
# Info: Starting transformation 'dpfsm' on solution 'get_square_intensity.v1' (SOL-8)
# Performing FSM extraction... (FSM-1)
# Info: Optimizing partition '/get_square_intensity': (Total ops = 336, Real ops = 101, Vars = 283) (SOL-10)
# Info: Optimizing partition '/get_square_intensity/get_square_intensity:core': (Total ops = 309, Real ops = 101, Vars = 264) (SOL-10)
# Info: Optimizing partition '/get_square_intensity': (Total ops = 351, Real ops = 76, Vars = 53) (SOL-10)
# Info: Optimizing partition '/get_square_intensity/get_square_intensity:core': (Total ops = 324, Real ops = 76, Vars = 34) (SOL-10)
# Info: Optimizing partition '/get_square_intensity': (Total ops = 211, Real ops = 61, Vars = 52) (SOL-10)
# Info: Optimizing partition '/get_square_intensity/get_square_intensity:core': (Total ops = 184, Real ops = 61, Vars = 33) (SOL-10)
# Info: Optimizing partition '/get_square_intensity': (Total ops = 211, Real ops = 61, Vars = 52) (SOL-10)
# Info: Optimizing partition '/get_square_intensity/get_square_intensity:core': (Total ops = 184, Real ops = 61, Vars = 33) (SOL-10)
# Info: Optimizing partition '/get_square_intensity/get_square_intensity:core': (Total ops = 184, Real ops = 61, Vars = 33) (SOL-10)
# Info: Optimizing partition '/get_square_intensity': (Total ops = 211, Real ops = 61, Vars = 52) (SOL-10)
# Info: Optimizing partition '/get_square_intensity': (Total ops = 211, Real ops = 61, Vars = 52) (SOL-10)
# Info: Optimizing partition '/get_square_intensity/get_square_intensity:core': (Total ops = 184, Real ops = 61, Vars = 33) (SOL-10)
# Info: Optimizing partition '/get_square_intensity': (Total ops = 211, Real ops = 61, Vars = 52) (SOL-10)
# Info: Optimizing partition '/get_square_intensity/get_square_intensity:core': (Total ops = 184, Real ops = 61, Vars = 33) (SOL-10)
# Info: Completed transformation 'dpfsm' on solution 'get_square_intensity.v1': elapsed time 0.23 seconds, memory usage 167420kB, peak memory usage 181364kB (SOL-9)
# Info: Starting transformation 'extract' on solution 'get_square_intensity.v1' (SOL-8)
# Info: Optimizing partition '/get_square_intensity': (Total ops = 232, Real ops = 67, Vars = 222) (SOL-10)
# Info: Optimizing partition '/get_square_intensity/get_square_intensity:core': (Total ops = 205, Real ops = 67, Vars = 203) (SOL-10)
# Info: Optimizing partition '/get_square_intensity': (Total ops = 200, Real ops = 58, Vars = 50) (SOL-10)
# Info: Optimizing partition '/get_square_intensity/get_square_intensity:core': (Total ops = 173, Real ops = 58, Vars = 31) (SOL-10)
# Info: Optimizing partition '/get_square_intensity': (Total ops = 200, Real ops = 58, Vars = 50) (SOL-10)
# Info: Optimizing partition '/get_square_intensity/get_square_intensity:core': (Total ops = 173, Real ops = 58, Vars = 31) (SOL-10)
# Info: Optimizing partition '/get_square_intensity/get_square_intensity:core': (Total ops = 173, Real ops = 58, Vars = 31) (SOL-10)
# Info: Optimizing partition '/get_square_intensity': (Total ops = 200, Real ops = 58, Vars = 50) (SOL-10)
# Info: Optimizing partition '/get_square_intensity': (Total ops = 200, Real ops = 58, Vars = 50) (SOL-10)
# Info: Optimizing partition '/get_square_intensity/get_square_intensity:core': (Total ops = 173, Real ops = 58, Vars = 31) (SOL-10)
# Info: Optimizing partition '/get_square_intensity': (Total ops = 200, Real ops = 58, Vars = 50) (SOL-10)
# Info: Optimizing partition '/get_square_intensity/get_square_intensity:core': (Total ops = 173, Real ops = 58, Vars = 31) (SOL-10)
# Info: Optimizing partition '/get_square_intensity': (Total ops = 221, Real ops = 64, Vars = 211) (SOL-10)
# Info: Optimizing partition '/get_square_intensity/get_square_intensity:core': (Total ops = 194, Real ops = 64, Vars = 192) (SOL-10)
# Netlist written to file 'schematic.nlv' (NET-4)
# Info: Optimizing partition '/get_square_intensity': (Total ops = 221, Real ops = 64, Vars = 211) (SOL-10)
# Info: Optimizing partition '/get_square_intensity/get_square_intensity:core': (Total ops = 194, Real ops = 64, Vars = 192) (SOL-10)
# Info: Optimizing partition '/get_square_intensity': (Total ops = 200, Real ops = 58, Vars = 50) (SOL-10)
# Info: Optimizing partition '/get_square_intensity/get_square_intensity:core': (Total ops = 173, Real ops = 58, Vars = 31) (SOL-10)
# Info: Optimizing partition '/get_square_intensity': (Total ops = 200, Real ops = 58, Vars = 50) (SOL-10)
# Info: Optimizing partition '/get_square_intensity/get_square_intensity:core': (Total ops = 173, Real ops = 58, Vars = 31) (SOL-10)
# Report written to file 'rtl.rpt'
# Netlist written to file 'rtl.v' (NET-4)
# generate concat
# order file name is: rtl.v_order.txt
# Add dependent file: ./rtl_mgc_ioport.v
# Add dependent file: ./rtl_mgc_ioport_v2001.v
# Add dependent file: ./rtl.v
# Finished writing concatenated file: H:/square_fill_detect/square_fill_detect/get_square_intensity.v1/concat_rtl.v
# Synthesis timing script written to file './rtl.v.psr_timing'
# IO timing constraints written to synthesis script file
# Synthesis script written to file 'rtl.v.psr'
# Info: Completed transformation 'extract' on solution 'get_square_intensity.v1': elapsed time 1.95 seconds, memory usage 167420kB, peak memory usage 181364kB (SOL-9)
