-- Catapult University Version: Report                                              
-- ---------------------------- ---------------------------------------------------
-- Version:                     2011a.126 Production Release                        
-- Build Date:                  Wed Aug  8 00:52:07 PDT 2012                        
                                                                                    
-- Generated by:                ymh15@EEWS104A-014                                  
-- Generated date:              Wed May 11 11:41:38 +0100 2016                      

Solution Settings: vga_mouse_square.v2
  Current state: schedule
  Project: get_red
  
  Design Input Files Specified
    $PROJECT_HOME/vga_mouse_square.c
      $MGC_HOME/shared/include/ac_int.h
  
  Processes/Blocks in Design
    Process                Real Operation(s) count Latency Throughput Reset Length II Comments 
    ---------------------- ----------------------- ------- ---------- ------------ -- --------
    /vga_mouse_square/core                      73       2          1            0  1          
    Design Total:                               73       2          1            0  0          
    
  Clock Information
    Clock Signal Edge   Period Sharing Alloc (%) Uncertainty Used by Processes/Blocks 
    ------------ ------ ------ ----------------- ----------- ------------------------
    clk          rising 20.000             20.00    0.000000 /vga_mouse_square/core   
    
  I/O Data Ranges
    Port              Mode DeclType DeclWidth DeclRange ActType ActWidth ActRange 
    ----------------- ---- -------- --------- --------- ------- -------- --------
    vga_xy:rsc.z      IN   Unsigned        20                                     
    video_in:rsc.z    IN   Unsigned        30                                     
    clk               IN   Unsigned         1                                     
    en                IN   Unsigned         1                                     
    arst_n            IN   Unsigned         1                                     
    red_left_x:rsc.z  OUT  Unsigned        10                                     
    red_right_x:rsc.z OUT  Unsigned        10                                     
    y_red:rsc.z       OUT  Unsigned        10                                     
    video_out:rsc.z   OUT  Unsigned        30                                     
    
  Memory Resources
    Resource Name: /vga_mouse_square/vga_xy:rsc
      Memory Component: mgc_in_wire                  Size:         1 x 20
      External:         true                         Packing Mode: sidebyside
      Memory Map:
      Variable                 Indices Phys Memory Address     
      ------------------------ ------- -----------------------
      /vga_mouse_square/vga_xy    0:19 00000000-00000000 (0-0) 
      
    Resource Name: /vga_mouse_square/red_left_x:rsc
      Memory Component: mgc_out_stdreg               Size:         1 x 10
      External:         true                         Packing Mode: sidebyside
      Memory Map:
      Variable                     Indices Phys Memory Address     
      ---------------------------- ------- -----------------------
      /vga_mouse_square/red_left_x     0:9 00000000-00000000 (0-0) 
      
    Resource Name: /vga_mouse_square/red_right_x:rsc
      Memory Component: mgc_out_stdreg               Size:         1 x 10
      External:         true                         Packing Mode: sidebyside
      Memory Map:
      Variable                      Indices Phys Memory Address     
      ----------------------------- ------- -----------------------
      /vga_mouse_square/red_right_x     0:9 00000000-00000000 (0-0) 
      
    Resource Name: /vga_mouse_square/y_red:rsc
      Memory Component: mgc_out_stdreg               Size:         1 x 10
      External:         true                         Packing Mode: sidebyside
      Memory Map:
      Variable                Indices Phys Memory Address     
      ----------------------- ------- -----------------------
      /vga_mouse_square/y_red     0:9 00000000-00000000 (0-0) 
      
    Resource Name: /vga_mouse_square/video_in:rsc
      Memory Component: mgc_in_wire                  Size:         1 x 30
      External:         true                         Packing Mode: sidebyside
      Memory Map:
      Variable                   Indices Phys Memory Address     
      -------------------------- ------- -----------------------
      /vga_mouse_square/video_in    0:29 00000000-00000000 (0-0) 
      
    Resource Name: /vga_mouse_square/video_out:rsc
      Memory Component: mgc_out_stdreg               Size:         1 x 30
      External:         true                         Packing Mode: sidebyside
      Memory Map:
      Variable                    Indices Phys Memory Address     
      --------------------------- ------- -----------------------
      /vga_mouse_square/video_out    0:29 00000000-00000000 (0-0) 
      
  Multi-Cycle (Combinational) Component Usage
    Instance Component Name Delay 
    -------- -------------- -----
    
  Loops
    Process                Loop             Iterations C-Steps Total Cycles  Duration  Unroll Init Comments 
    ---------------------- ---------------- ---------- ------- ------------- --------- ------ ---- --------
    /vga_mouse_square/core core:rlp           Infinite       0            3  60.00 ns                       
    /vga_mouse_square/core   main             Infinite       3            3  60.00 ns            1          
    
  Loop Execution Profile
    Process                Loop             Total Cycles % of Overall Design Cycles Throughput Cycles Comments 
    ---------------------- ---------------- ------------ -------------------------- ----------------- --------
    /vga_mouse_square/core core:rlp                   0                        0.00                1           
    /vga_mouse_square/core   main                     3                      100.00                1           
    
  End of Report
