-- Catapult University Version: Report                                              
-- ---------------------------- ---------------------------------------------------
-- Version:                     2011a.126 Production Release                        
-- Build Date:                  Wed Aug  8 00:52:07 PDT 2012                        
                                                                                    
-- Generated by:                ymh15@EEWS104A-014                                  
-- Generated date:              Wed May 11 11:41:46 +0100 2016                      

Solution Settings: vga_mouse_square.v2
  Current state: extract
  Project: get_red
  
  Design Input Files Specified
    $PROJECT_HOME/vga_mouse_square.c
      $MGC_HOME/shared/include/ac_int.h
  
  Processes/Blocks in Design
    Process                Real Operation(s) count Latency Throughput Reset Length II Comments 
    ---------------------- ----------------------- ------- ---------- ------------ -- --------
    /vga_mouse_square/core                      73       2          1            0  1          
    Design Total:                               73       2          1            0  0          
    
  Bill Of Materials (Datapath)
    Component Name                          Area Score Area(LUTs) Delay Post Alloc Post Assign 
    --------------------------------------- ---------- ---------- ----- ---------- -----------
    [Lib: mgc_Altera-Cyclone-III-6_beh_psr]                                                    
    mgc_add(10,0,10,0,11)                       11.241     11.241 1.301          6           6 
    mgc_add(11,0,11,0,11)                       12.233     12.233 1.368          4           3 
    mgc_add(12,0,11,0,12)                       13.228     13.228 1.436          6           6 
    mgc_add(8,0,8,1,9)                           9.000      9.000 1.001          1           1 
    mgc_add(9,0,9,1,10)                         10.000     10.000 1.071          6           4 
    mgc_and(1,2)                                 0.730      0.730 0.263          0           5 
    mgc_and(1,3)                                 1.054      1.054 0.416          0           3 
    mgc_and(10,2)                                7.298      7.298 0.263          2           4 
    mgc_mux(1,1,2)                               0.919      0.919 0.369          3           4 
    mgc_mux(10,1,2)                              9.194      9.194 0.369          3           6 
    mgc_mux(30,1,2)                             27.583     27.583 0.369          0           1 
    mgc_nand(1,2)                                0.730      0.730 0.268          0           3 
    mgc_nor(10,2)                                7.298      7.298 0.263          0           2 
    mgc_not(1)                                   0.000      0.000 0.000          0           5 
    mgc_not(10)                                  0.000      0.000 0.000          0           9 
    mgc_or(1,2)                                  0.730      0.730 0.268          0           4 
    mgc_or(1,3)                                  1.054      1.054 0.425          0           1 
    mgc_or(1,4)                                  1.379      1.379 0.536          0           1 
    mgc_or(10,2)                                 7.298      7.298 0.268          4           1 
    mgc_or(10,3)                                10.545     10.545 0.425          0           1 
    mgc_reg_pos(1,1,0,0,0,1,1)                   0.000      0.000 0.000          0           5 
    mgc_reg_pos(10,1,0,0,0,1,1)                  0.000      0.000 0.000          0           7 
    mgc_reg_pos(30,1,0,0,0,1,1)                  0.000      0.000 0.000          0           2 
    [Lib: mgc_ioport]                                                                          
    mgc_in_wire(1,20)                            0.000      0.000 0.000          1           1 
    mgc_in_wire(5,30)                            0.000      0.000 0.000          1           1 
    mgc_out_stdreg(2,10)                         0.000      0.000 0.000          1           1 
    mgc_out_stdreg(3,10)                         0.000      0.000 0.000          1           1 
    mgc_out_stdreg(4,10)                         0.000      0.000 0.000          1           1 
    mgc_out_stdreg(6,30)                         0.000      0.000 0.000          1           1 
                                                                                               
    TOTAL AREA (After Assignment):             394.924    395.000                              
    
  Area Scores
                      Post-Scheduling  Post-DP & FSM Post-Assignment 
    ----------------- --------------- -------------- ---------------
    Total Area Score:    338.9          401.6           394.9        
    Total Reg:             0.0            0.0             0.0        
                                                                     
    DataPath:            338.9 (100%)   401.6 (100%)    394.9 (100%) 
      MUX:                30.3   (9%)    95.5  (24%)     86.4  (22%) 
      FUNC:              264.7  (78%)   232.5  (58%)    232.5  (59%) 
      LOGIC:              43.8  (13%)    73.6  (18%)     76.0  (19%) 
      BUFFER:              0.0            0.0             0.0        
      MEM:                 0.0            0.0             0.0        
      ROM:                 0.0            0.0             0.0        
      REG:                 0.0            0.0             0.0        
                                                                     
    
    FSM:                   0.0            0.0             0.0        
      FSM-REG:             0.0            0.0             0.0        
      FSM-COMB:            0.0            0.0             0.0        
                                                                     
    
  Register-to-Variable Mappings
    Register                            Size(bits) Gated Register CG Opt Done Variables                                             
    ----------------------------------- ---------- -------------- ----------- -----------------------------------------------------
    io_read(video_in:rsc.d).cse.sva#1           30         Y                  io_read(video_in:rsc.d).cse.sva#1                     
    video_out:rsc:mgc_out_stdreg.d              30         Y                  video_out:rsc:mgc_out_stdreg.d                        
    io_read(vga_xy:rsc.d).cse.sva#1.sg1         10         Y                  io_read(vga_xy:rsc.d).cse.sva#1.sg1                   
    left_red_x#1.sva.dfm#2                      10         Y                  left_red_x#1.sva.dfm#2                                
    red_left_x:rsc:mgc_out_stdreg.d             10         Y                  red_left_x:rsc:mgc_out_stdreg.d                       
    red_right_x:rsc:mgc_out_stdreg.d            10         Y                  red_right_x:rsc:mgc_out_stdreg.d                      
    red_y#1.sva.dfm#2                           10         Y                  red_y#1.sva.dfm#2                                     
    right_red_x#1.sva.dfm#3                     10         Y                  right_red_x#1.sva.dfm#3                               
    y_red:rsc:mgc_out_stdreg.d                  10         Y                  y_red:rsc:mgc_out_stdreg.d                            
    detected_red_left#1.sva                      1         Y                  detected_red_left#1.sva                               
    detected_red_right#1.sva                     1         Y                  detected_red_right#1.sva                              
    lor.lpi#1.dfm#1                              1         Y                  lor.lpi#1.dfm#1                                       
    main.stage_0#2                               1         Y                  main.stage_0#2                                        
    oelse:slc.svs                                1         Y                  oelse:slc.svs                                         
                                                                                                                                    
    Total:                                     135            135           0 (Total Gating Ratio: 1.00, CG Opt Gating Ratio: 0.00) 
    
  Timing Report
    Critical Path
      Max Delay:  6.177763
      Slack:      13.822237000000001
      
      Path                                                          Startpoint                                       Endpoint                                   Delay  Slack   
      ------------------------------------------------------------- ------------------------------------------------ ------------------------------------------ ------ -------
      1                                                             vga_mouse_square:core/video_in:rsc:mgc_in_wire.d vga_mouse_square:core/reg(lor.lpi#1.dfm#1) 6.1778 13.8222 
                                                                                                                                                                               
        Instance                                                    Component                                                                                   Delta  Delay   
        --------                                                    ---------                                                                                   -----  -----   
        vga_mouse_square:core/video_in:rsc:mgc_in_wire.d                                                                                                        0.0000 0.0000  
        vga_mouse_square:core/slc(video_in:rsc:mgc_in_wire.d)#2                                                                                                 0.0000 0.0000  
        vga_mouse_square:core/slc(video_in:rsc:mgc_in_wire.d)#2.itm                                                                                             0.0000 0.0000  
        vga_mouse_square:core/if:not#1                              mgc_not_10                                                                                  0.0000 0.0000  
        vga_mouse_square:core/if:not#1.itm                                                                                                                      0.0000 0.0000  
        vga_mouse_square:core/conc#23                                                                                                                           0.0000 0.0000  
        vga_mouse_square:core/conc#23.itm                                                                                                                       0.0000 0.0000  
        vga_mouse_square:core/if:acc#1                              mgc_add_11_0_11_0_11                                                                        1.3684 1.3684  
        vga_mouse_square:core/if:acc#2                                                                                                                          0.0000 1.3684  
        vga_mouse_square:core/if:slc                                                                                                                            0.0000 1.3684  
        vga_mouse_square:core/if:slc.itm                                                                                                                        0.0000 1.3684  
        vga_mouse_square:core/nand#4                                mgc_nand_1_2                                                                                0.2679 1.6363  
        vga_mouse_square:core/nand#4.itm                                                                                                                        0.0000 1.6363  
        vga_mouse_square:core/or#16                                 mgc_or_1_4                                                                                  0.5358 2.1721  
        vga_mouse_square:core/or#16.itm                                                                                                                         0.0000 2.1721  
        vga_mouse_square:core/mux#9                                 mgc_mux_10_1_2                                                                              0.3690 2.5410  
        vga_mouse_square:core/right_red_x#1.sva.dfm#3:mx0                                                                                                       0.0000 2.5410  
        vga_mouse_square:core/right_red_x:not                       mgc_not_10                                                                                  0.0000 2.5410  
        vga_mouse_square:core/right_red_x:not.itm                                                                                                               0.0000 2.5410  
        vga_mouse_square:core/oelse:acc#5                           mgc_add_10_0_10_0_11                                                                        1.3014 3.8425  
        vga_mouse_square:core/oelse:acc#5.itm                                                                                                                   0.0000 3.8425  
        vga_mouse_square:core/oelse:acc                             mgc_add_12_0_11_0_12                                                                        1.4360 5.2784  
        vga_mouse_square:core/oelse:acc.itm                                                                                                                     0.0000 5.2784  
        vga_mouse_square:core/oelse:slc                                                                                                                         0.0000 5.2784  
        vga_mouse_square:core/oelse:slc.itm                                                                                                                     0.0000 5.2784  
        vga_mouse_square:core/mux#12                                mgc_mux_1_1_2                                                                               0.3690 5.6474  
        vga_mouse_square:core/oelse:slc.svs:mx0                                                                                                                 0.0000 5.6474  
        vga_mouse_square:core/oelse:and                             mgc_and_1_2                                                                                 0.2625 5.9099  
        vga_mouse_square:core/oelse:and.itm                                                                                                                     0.0000 5.9099  
        vga_mouse_square:core/if#3:or                               mgc_or_1_2                                                                                  0.2679 6.1778  
        vga_mouse_square:core/if#3:or.itm                                                                                                                       0.0000 6.1778  
        vga_mouse_square:core/reg(lor.lpi#1.dfm#1)                  mgc_reg_pos_1_1_0_0_0_1_1                                                                   0.0000 6.1778  
                                                                                                                                                                               
      2                                                             vga_mouse_square:core/vga_xy:rsc:mgc_in_wire.d   vga_mouse_square:core/reg(lor.lpi#1.dfm#1) 6.1778 13.8222 
                                                                                                                                                                               
        Instance                                                    Component                                                                                   Delta  Delay   
        --------                                                    ---------                                                                                   -----  -----   
        vga_mouse_square:core/vga_xy:rsc:mgc_in_wire.d                                                                                                          0.0000 0.0000  
        vga_mouse_square:core/slc(vga_xy:rsc:mgc_in_wire.d)#8                                                                                                   0.0000 0.0000  
        vga_mouse_square:core/slc(vga_xy:rsc:mgc_in_wire.d)#8.itm                                                                                               0.0000 0.0000  
        vga_mouse_square:core/else#1:not#3                          mgc_not_10                                                                                  0.0000 0.0000  
        vga_mouse_square:core/else#1:not#3.itm                                                                                                                  0.0000 0.0000  
        vga_mouse_square:core/conc#22                                                                                                                           0.0000 0.0000  
        vga_mouse_square:core/conc#22.itm                                                                                                                       0.0000 0.0000  
        vga_mouse_square:core/else#1:acc                            mgc_add_11_0_11_0_11                                                                        1.3684 1.3684  
        vga_mouse_square:core/else#1:acc.itm                                                                                                                    0.0000 1.3684  
        vga_mouse_square:core/else#1:slc                                                                                                                        0.0000 1.3684  
        vga_mouse_square:core/else#1:slc.itm                                                                                                                    0.0000 1.3684  
        vga_mouse_square:core/nand#5                                mgc_nand_1_2                                                                                0.2679 1.6363  
        vga_mouse_square:core/nand#5.itm                                                                                                                        0.0000 1.6363  
        vga_mouse_square:core/or#16                                 mgc_or_1_4                                                                                  0.5358 2.1721  
        vga_mouse_square:core/or#16.itm                                                                                                                         0.0000 2.1721  
        vga_mouse_square:core/mux#9                                 mgc_mux_10_1_2                                                                              0.3690 2.5410  
        vga_mouse_square:core/right_red_x#1.sva.dfm#3:mx0                                                                                                       0.0000 2.5410  
        vga_mouse_square:core/right_red_x:not                       mgc_not_10                                                                                  0.0000 2.5410  
        vga_mouse_square:core/right_red_x:not.itm                                                                                                               0.0000 2.5410  
        vga_mouse_square:core/oelse:acc#5                           mgc_add_10_0_10_0_11                                                                        1.3014 3.8425  
        vga_mouse_square:core/oelse:acc#5.itm                                                                                                                   0.0000 3.8425  
        vga_mouse_square:core/oelse:acc                             mgc_add_12_0_11_0_12                                                                        1.4360 5.2784  
        vga_mouse_square:core/oelse:acc.itm                                                                                                                     0.0000 5.2784  
        vga_mouse_square:core/oelse:slc                                                                                                                         0.0000 5.2784  
        vga_mouse_square:core/oelse:slc.itm                                                                                                                     0.0000 5.2784  
        vga_mouse_square:core/mux#12                                mgc_mux_1_1_2                                                                               0.3690 5.6474  
        vga_mouse_square:core/oelse:slc.svs:mx0                                                                                                                 0.0000 5.6474  
        vga_mouse_square:core/oelse:and                             mgc_and_1_2                                                                                 0.2625 5.9099  
        vga_mouse_square:core/oelse:and.itm                                                                                                                     0.0000 5.9099  
        vga_mouse_square:core/if#3:or                               mgc_or_1_2                                                                                  0.2679 6.1778  
        vga_mouse_square:core/if#3:or.itm                                                                                                                       0.0000 6.1778  
        vga_mouse_square:core/reg(lor.lpi#1.dfm#1)                  mgc_reg_pos_1_1_0_0_0_1_1                                                                   0.0000 6.1778  
                                                                                                                                                                               
      3                                                             vga_mouse_square:core/video_in:rsc:mgc_in_wire.d vga_mouse_square:core/reg(lor.lpi#1.dfm#1) 6.0612 13.9388 
                                                                                                                                                                               
        Instance                                                    Component                                                                                   Delta  Delay   
        --------                                                    ---------                                                                                   -----  -----   
        vga_mouse_square:core/video_in:rsc:mgc_in_wire.d                                                                                                        0.0000 0.0000  
        vga_mouse_square:core/slc(video_in:rsc:mgc_in_wire.d)#2                                                                                                 0.0000 0.0000  
        vga_mouse_square:core/slc(video_in:rsc:mgc_in_wire.d)#2.itm                                                                                             0.0000 0.0000  
        vga_mouse_square:core/if:not#1                              mgc_not_10                                                                                  0.0000 0.0000  
        vga_mouse_square:core/if:not#1.itm                                                                                                                      0.0000 0.0000  
        vga_mouse_square:core/conc#23                                                                                                                           0.0000 0.0000  
        vga_mouse_square:core/conc#23.itm                                                                                                                       0.0000 0.0000  
        vga_mouse_square:core/if:acc#1                              mgc_add_11_0_11_0_11                                                                        1.3684 1.3684  
        vga_mouse_square:core/if:acc#2                                                                                                                          0.0000 1.3684  
        vga_mouse_square:core/if:slc#2                                                                                                                          0.0000 1.3684  
        vga_mouse_square:core/if:slc#2.itm                                                                                                                      0.0000 1.3684  
        vga_mouse_square:core/not#53                                mgc_not_1                                                                                   0.0000 1.3684  
        vga_mouse_square:core/not#53.itm                                                                                                                        0.0000 1.3684  
        vga_mouse_square:core/or#11                                 mgc_or_1_3                                                                                  0.4246 1.7930  
        vga_mouse_square:core/or#11.cse                                                                                                                         0.0000 1.7930  
        vga_mouse_square:core/mux#10                                mgc_mux_10_1_2                                                                              0.3690 2.1620  
        vga_mouse_square:core/left_red_x#1.sva.dfm#2:mx0                                                                                                        0.0000 2.1620  
        vga_mouse_square:core/left_red_x:not                        mgc_not_10                                                                                  0.0000 2.1620  
        vga_mouse_square:core/left_red_x:not.itm                                                                                                                0.0000 2.1620  
        vga_mouse_square:core/if#3:acc#7                            mgc_add_10_0_10_0_11                                                                        1.3014 3.4634  
        vga_mouse_square:core/if#3:acc#7.itm                                                                                                                    0.0000 3.4634  
        vga_mouse_square:core/if#3:acc                              mgc_add_12_0_11_0_12                                                                        1.4360 4.8993  
        vga_mouse_square:core/if#3:acc.itm                                                                                                                      0.0000 4.8993  
        vga_mouse_square:core/slc#43                                                                                                                            0.0000 4.8993  
        vga_mouse_square:core/slc#43.itm                                                                                                                        0.0000 4.8993  
        vga_mouse_square:core/and#3                                 mgc_and_1_2                                                                                 0.2625 5.1619  
        vga_mouse_square:core/and#3.itm                                                                                                                         0.0000 5.1619  
        vga_mouse_square:core/mux#12                                mgc_mux_1_1_2                                                                               0.3690 5.5308  
        vga_mouse_square:core/oelse:slc.svs:mx0                                                                                                                 0.0000 5.5308  
        vga_mouse_square:core/oelse:and                             mgc_and_1_2                                                                                 0.2625 5.7933  
        vga_mouse_square:core/oelse:and.itm                                                                                                                     0.0000 5.7933  
        vga_mouse_square:core/if#3:or                               mgc_or_1_2                                                                                  0.2679 6.0612  
        vga_mouse_square:core/if#3:or.itm                                                                                                                       0.0000 6.0612  
        vga_mouse_square:core/reg(lor.lpi#1.dfm#1)                  mgc_reg_pos_1_1_0_0_0_1_1                                                                   0.0000 6.0612  
                                                                                                                                                                               
      4                                                             vga_mouse_square:core/video_in:rsc:mgc_in_wire.d vga_mouse_square:core/reg(lor.lpi#1.dfm#1) 6.0612 13.9388 
                                                                                                                                                                               
        Instance                                                    Component                                                                                   Delta  Delay   
        --------                                                    ---------                                                                                   -----  -----   
        vga_mouse_square:core/video_in:rsc:mgc_in_wire.d                                                                                                        0.0000 0.0000  
        vga_mouse_square:core/slc(video_in:rsc:mgc_in_wire.d)#2                                                                                                 0.0000 0.0000  
        vga_mouse_square:core/slc(video_in:rsc:mgc_in_wire.d)#2.itm                                                                                             0.0000 0.0000  
        vga_mouse_square:core/if:not#1                              mgc_not_10                                                                                  0.0000 0.0000  
        vga_mouse_square:core/if:not#1.itm                                                                                                                      0.0000 0.0000  
        vga_mouse_square:core/conc#23                                                                                                                           0.0000 0.0000  
        vga_mouse_square:core/conc#23.itm                                                                                                                       0.0000 0.0000  
        vga_mouse_square:core/if:acc#1                              mgc_add_11_0_11_0_11                                                                        1.3684 1.3684  
        vga_mouse_square:core/if:acc#2                                                                                                                          0.0000 1.3684  
        vga_mouse_square:core/if:slc#2                                                                                                                          0.0000 1.3684  
        vga_mouse_square:core/if:slc#2.itm                                                                                                                      0.0000 1.3684  
        vga_mouse_square:core/not#53                                mgc_not_1                                                                                   0.0000 1.3684  
        vga_mouse_square:core/not#53.itm                                                                                                                        0.0000 1.3684  
        vga_mouse_square:core/or#11                                 mgc_or_1_3                                                                                  0.4246 1.7930  
        vga_mouse_square:core/or#11.cse                                                                                                                         0.0000 1.7930  
        vga_mouse_square:core/mux#10                                mgc_mux_10_1_2                                                                              0.3690 2.1620  
        vga_mouse_square:core/left_red_x#1.sva.dfm#2:mx0                                                                                                        0.0000 2.1620  
        vga_mouse_square:core/if#3:asn                                                                                                                          0.0000 2.1620  
        vga_mouse_square:core/if#3:asn.itm                                                                                                                      0.0000 2.1620  
        vga_mouse_square:core/if#3:acc#8                            mgc_add_10_0_10_0_11                                                                        1.3014 3.4634  
        vga_mouse_square:core/if#3:acc#8.itm                                                                                                                    0.0000 3.4634  
        vga_mouse_square:core/if#3:acc#2                            mgc_add_12_0_11_0_12                                                                        1.4360 4.8993  
        vga_mouse_square:core/if#3:acc#2.itm                                                                                                                    0.0000 4.8993  
        vga_mouse_square:core/aif#11:slc#1                                                                                                                      0.0000 4.8993  
        vga_mouse_square:core/aif#11:slc#1.itm                                                                                                                  0.0000 4.8993  
        vga_mouse_square:core/and#3                                 mgc_and_1_2                                                                                 0.2625 5.1619  
        vga_mouse_square:core/and#3.itm                                                                                                                         0.0000 5.1619  
        vga_mouse_square:core/mux#12                                mgc_mux_1_1_2                                                                               0.3690 5.5308  
        vga_mouse_square:core/oelse:slc.svs:mx0                                                                                                                 0.0000 5.5308  
        vga_mouse_square:core/oelse:and                             mgc_and_1_2                                                                                 0.2625 5.7933  
        vga_mouse_square:core/oelse:and.itm                                                                                                                     0.0000 5.7933  
        vga_mouse_square:core/if#3:or                               mgc_or_1_2                                                                                  0.2679 6.0612  
        vga_mouse_square:core/if#3:or.itm                                                                                                                       0.0000 6.0612  
        vga_mouse_square:core/reg(lor.lpi#1.dfm#1)                  mgc_reg_pos_1_1_0_0_0_1_1                                                                   0.0000 6.0612  
                                                                                                                                                                               
      5                                                             vga_mouse_square:core/video_in:rsc:mgc_in_wire.d vga_mouse_square:core/reg(lor.lpi#1.dfm#1) 6.0313 13.9687 
                                                                                                                                                                               
        Instance                                                    Component                                                                                   Delta  Delay   
        --------                                                    ---------                                                                                   -----  -----   
        vga_mouse_square:core/video_in:rsc:mgc_in_wire.d                                                                                                        0.0000 0.0000  
        vga_mouse_square:core/slc(video_in:rsc:mgc_in_wire.d)#1                                                                                                 0.0000 0.0000  
        vga_mouse_square:core/slc(video_in:rsc:mgc_in_wire.d)#1.itm                                                                                             0.0000 0.0000  
        vga_mouse_square:core/if:if:acc#4                           mgc_add_9_0_9_1_10                                                                          1.0706 1.0706  
        vga_mouse_square:core/if:if:acc#5                                                                                                                       0.0000 1.0706  
        vga_mouse_square:core/if:aif:slc#2                                                                                                                      0.0000 1.0706  
        vga_mouse_square:core/if:aif:slc#2.itm                                                                                                                  0.0000 1.0706  
        vga_mouse_square:core/nand#2                                mgc_nand_1_2                                                                                0.2679 1.3385  
        vga_mouse_square:core/nand#2.itm                                                                                                                        0.0000 1.3385  
        vga_mouse_square:core/or#11                                 mgc_or_1_3                                                                                  0.4246 1.7631  
        vga_mouse_square:core/or#11.cse                                                                                                                         0.0000 1.7631  
        vga_mouse_square:core/mux#10                                mgc_mux_10_1_2                                                                              0.3690 2.1320  
        vga_mouse_square:core/left_red_x#1.sva.dfm#2:mx0                                                                                                        0.0000 2.1320  
        vga_mouse_square:core/if#3:asn                                                                                                                          0.0000 2.1320  
        vga_mouse_square:core/if#3:asn.itm                                                                                                                      0.0000 2.1320  
        vga_mouse_square:core/if#3:acc#8                            mgc_add_10_0_10_0_11                                                                        1.3014 3.4335  
        vga_mouse_square:core/if#3:acc#8.itm                                                                                                                    0.0000 3.4335  
        vga_mouse_square:core/if#3:acc#2                            mgc_add_12_0_11_0_12                                                                        1.4360 4.8694  
        vga_mouse_square:core/if#3:acc#2.itm                                                                                                                    0.0000 4.8694  
        vga_mouse_square:core/aif#11:slc#1                                                                                                                      0.0000 4.8694  
        vga_mouse_square:core/aif#11:slc#1.itm                                                                                                                  0.0000 4.8694  
        vga_mouse_square:core/and#3                                 mgc_and_1_2                                                                                 0.2625 5.1319  
        vga_mouse_square:core/and#3.itm                                                                                                                         0.0000 5.1319  
        vga_mouse_square:core/mux#12                                mgc_mux_1_1_2                                                                               0.3690 5.5009  
        vga_mouse_square:core/oelse:slc.svs:mx0                                                                                                                 0.0000 5.5009  
        vga_mouse_square:core/oelse:and                             mgc_and_1_2                                                                                 0.2625 5.7634  
        vga_mouse_square:core/oelse:and.itm                                                                                                                     0.0000 5.7634  
        vga_mouse_square:core/if#3:or                               mgc_or_1_2                                                                                  0.2679 6.0313  
        vga_mouse_square:core/if#3:or.itm                                                                                                                       0.0000 6.0313  
        vga_mouse_square:core/reg(lor.lpi#1.dfm#1)                  mgc_reg_pos_1_1_0_0_0_1_1                                                                   0.0000 6.0313  
                                                                                                                                                                               
      6                                                             vga_mouse_square:core/video_in:rsc:mgc_in_wire.d vga_mouse_square:core/reg(lor.lpi#1.dfm#1) 6.0313 13.9687 
                                                                                                                                                                               
        Instance                                                    Component                                                                                   Delta  Delay   
        --------                                                    ---------                                                                                   -----  -----   
        vga_mouse_square:core/video_in:rsc:mgc_in_wire.d                                                                                                        0.0000 0.0000  
        vga_mouse_square:core/slc(video_in:rsc:mgc_in_wire.d)                                                                                                   0.0000 0.0000  
        vga_mouse_square:core/slc(video_in:rsc:mgc_in_wire.d).itm                                                                                               0.0000 0.0000  
        vga_mouse_square:core/if:if:acc#2                           mgc_add_9_0_9_1_10                                                                          1.0706 1.0706  
        vga_mouse_square:core/if:if:acc#3                                                                                                                       0.0000 1.0706  
        vga_mouse_square:core/if:aif#1:slc#2                                                                                                                    0.0000 1.0706  
        vga_mouse_square:core/if:aif#1:slc#2.itm                                                                                                                0.0000 1.0706  
        vga_mouse_square:core/nand#2                                mgc_nand_1_2                                                                                0.2679 1.3385  
        vga_mouse_square:core/nand#2.itm                                                                                                                        0.0000 1.3385  
        vga_mouse_square:core/or#11                                 mgc_or_1_3                                                                                  0.4246 1.7631  
        vga_mouse_square:core/or#11.cse                                                                                                                         0.0000 1.7631  
        vga_mouse_square:core/mux#10                                mgc_mux_10_1_2                                                                              0.3690 2.1320  
        vga_mouse_square:core/left_red_x#1.sva.dfm#2:mx0                                                                                                        0.0000 2.1320  
        vga_mouse_square:core/if#3:asn                                                                                                                          0.0000 2.1320  
        vga_mouse_square:core/if#3:asn.itm                                                                                                                      0.0000 2.1320  
        vga_mouse_square:core/if#3:acc#8                            mgc_add_10_0_10_0_11                                                                        1.3014 3.4335  
        vga_mouse_square:core/if#3:acc#8.itm                                                                                                                    0.0000 3.4335  
        vga_mouse_square:core/if#3:acc#2                            mgc_add_12_0_11_0_12                                                                        1.4360 4.8694  
        vga_mouse_square:core/if#3:acc#2.itm                                                                                                                    0.0000 4.8694  
        vga_mouse_square:core/aif#11:slc#1                                                                                                                      0.0000 4.8694  
        vga_mouse_square:core/aif#11:slc#1.itm                                                                                                                  0.0000 4.8694  
        vga_mouse_square:core/and#3                                 mgc_and_1_2                                                                                 0.2625 5.1319  
        vga_mouse_square:core/and#3.itm                                                                                                                         0.0000 5.1319  
        vga_mouse_square:core/mux#12                                mgc_mux_1_1_2                                                                               0.3690 5.5009  
        vga_mouse_square:core/oelse:slc.svs:mx0                                                                                                                 0.0000 5.5009  
        vga_mouse_square:core/oelse:and                             mgc_and_1_2                                                                                 0.2625 5.7634  
        vga_mouse_square:core/oelse:and.itm                                                                                                                     0.0000 5.7634  
        vga_mouse_square:core/if#3:or                               mgc_or_1_2                                                                                  0.2679 6.0313  
        vga_mouse_square:core/if#3:or.itm                                                                                                                       0.0000 6.0313  
        vga_mouse_square:core/reg(lor.lpi#1.dfm#1)                  mgc_reg_pos_1_1_0_0_0_1_1                                                                   0.0000 6.0313  
                                                                                                                                                                               
      7                                                             vga_mouse_square:core/vga_xy:rsc:mgc_in_wire.d   vga_mouse_square:core/reg(lor.lpi#1.dfm#1) 5.9613 14.0387 
                                                                                                                                                                               
        Instance                                                    Component                                                                                   Delta  Delay   
        --------                                                    ---------                                                                                   -----  -----   
        vga_mouse_square:core/vga_xy:rsc:mgc_in_wire.d                                                                                                          0.0000 0.0000  
        vga_mouse_square:core/slc(vga_xy:rsc:mgc_in_wire.d)#2                                                                                                   0.0000 0.0000  
        vga_mouse_square:core/slc(vga_xy:rsc:mgc_in_wire.d)#2.itm                                                                                               0.0000 0.0000  
        vga_mouse_square:core/if:acc#3                              mgc_add_8_0_8_1_9                                                                           1.0006 1.0006  
        vga_mouse_square:core/if:acc#3.itm                                                                                                                      0.0000 1.0006  
        vga_mouse_square:core/slc#44                                                                                                                            0.0000 1.0006  
        vga_mouse_square:core/slc#44.itm                                                                                                                        0.0000 1.0006  
        vga_mouse_square:core/not#40                                mgc_not_1                                                                                   0.0000 1.0006  
        vga_mouse_square:core/not#40.itm                                                                                                                        0.0000 1.0006  
        vga_mouse_square:core/or#9                                  mgc_or_1_2                                                                                  0.2679 1.2685  
        vga_mouse_square:core/or.dcpl#5                                                                                                                         0.0000 1.2685  
        vga_mouse_square:core/or#11                                 mgc_or_1_3                                                                                  0.4246 1.6931  
        vga_mouse_square:core/or#11.cse                                                                                                                         0.0000 1.6931  
        vga_mouse_square:core/mux#10                                mgc_mux_10_1_2                                                                              0.3690 2.0621  
        vga_mouse_square:core/left_red_x#1.sva.dfm#2:mx0                                                                                                        0.0000 2.0621  
        vga_mouse_square:core/if#3:asn                                                                                                                          0.0000 2.0621  
        vga_mouse_square:core/if#3:asn.itm                                                                                                                      0.0000 2.0621  
        vga_mouse_square:core/if#3:acc#8                            mgc_add_10_0_10_0_11                                                                        1.3014 3.3635  
        vga_mouse_square:core/if#3:acc#8.itm                                                                                                                    0.0000 3.3635  
        vga_mouse_square:core/if#3:acc#2                            mgc_add_12_0_11_0_12                                                                        1.4360 4.7994  
        vga_mouse_square:core/if#3:acc#2.itm                                                                                                                    0.0000 4.7994  
        vga_mouse_square:core/aif#11:slc#1                                                                                                                      0.0000 4.7994  
        vga_mouse_square:core/aif#11:slc#1.itm                                                                                                                  0.0000 4.7994  
        vga_mouse_square:core/and#3                                 mgc_and_1_2                                                                                 0.2625 5.0620  
        vga_mouse_square:core/and#3.itm                                                                                                                         0.0000 5.0620  
        vga_mouse_square:core/mux#12                                mgc_mux_1_1_2                                                                               0.3690 5.4309  
        vga_mouse_square:core/oelse:slc.svs:mx0                                                                                                                 0.0000 5.4309  
        vga_mouse_square:core/oelse:and                             mgc_and_1_2                                                                                 0.2625 5.6934  
        vga_mouse_square:core/oelse:and.itm                                                                                                                     0.0000 5.6934  
        vga_mouse_square:core/if#3:or                               mgc_or_1_2                                                                                  0.2679 5.9613  
        vga_mouse_square:core/if#3:or.itm                                                                                                                       0.0000 5.9613  
        vga_mouse_square:core/reg(lor.lpi#1.dfm#1)                  mgc_reg_pos_1_1_0_0_0_1_1                                                                   0.0000 5.9613  
                                                                                                                                                                               
      8                                                             vga_mouse_square:core/video_in:rsc:mgc_in_wire.d vga_mouse_square:core/reg(lor.lpi#1.dfm#1) 5.8800 14.1200 
                                                                                                                                                                               
        Instance                                                    Component                                                                                   Delta  Delay   
        --------                                                    ---------                                                                                   -----  -----   
        vga_mouse_square:core/video_in:rsc:mgc_in_wire.d                                                                                                        0.0000 0.0000  
        vga_mouse_square:core/slc(video_in:rsc:mgc_in_wire.d)                                                                                                   0.0000 0.0000  
        vga_mouse_square:core/slc(video_in:rsc:mgc_in_wire.d).itm                                                                                               0.0000 0.0000  
        vga_mouse_square:core/if:if:acc#2                           mgc_add_9_0_9_1_10                                                                          1.0706 1.0706  
        vga_mouse_square:core/if:if:acc#3                                                                                                                       0.0000 1.0706  
        vga_mouse_square:core/if:aif#1:slc                                                                                                                      0.0000 1.0706  
        vga_mouse_square:core/if:aif#1:slc.itm                                                                                                                  0.0000 1.0706  
        vga_mouse_square:core/nand#5                                mgc_nand_1_2                                                                                0.2679 1.3385  
        vga_mouse_square:core/nand#5.itm                                                                                                                        0.0000 1.3385  
        vga_mouse_square:core/or#16                                 mgc_or_1_4                                                                                  0.5358 1.8743  
        vga_mouse_square:core/or#16.itm                                                                                                                         0.0000 1.8743  
        vga_mouse_square:core/mux#9                                 mgc_mux_10_1_2                                                                              0.3690 2.2432  
        vga_mouse_square:core/right_red_x#1.sva.dfm#3:mx0                                                                                                       0.0000 2.2432  
        vga_mouse_square:core/right_red_x:not                       mgc_not_10                                                                                  0.0000 2.2432  
        vga_mouse_square:core/right_red_x:not.itm                                                                                                               0.0000 2.2432  
        vga_mouse_square:core/oelse:acc#5                           mgc_add_10_0_10_0_11                                                                        1.3014 3.5447  
        vga_mouse_square:core/oelse:acc#5.itm                                                                                                                   0.0000 3.5447  
        vga_mouse_square:core/oelse:acc                             mgc_add_12_0_11_0_12                                                                        1.4360 4.9806  
        vga_mouse_square:core/oelse:acc.itm                                                                                                                     0.0000 4.9806  
        vga_mouse_square:core/oelse:slc                                                                                                                         0.0000 4.9806  
        vga_mouse_square:core/oelse:slc.itm                                                                                                                     0.0000 4.9806  
        vga_mouse_square:core/mux#12                                mgc_mux_1_1_2                                                                               0.3690 5.3496  
        vga_mouse_square:core/oelse:slc.svs:mx0                                                                                                                 0.0000 5.3496  
        vga_mouse_square:core/oelse:and                             mgc_and_1_2                                                                                 0.2625 5.6121  
        vga_mouse_square:core/oelse:and.itm                                                                                                                     0.0000 5.6121  
        vga_mouse_square:core/if#3:or                               mgc_or_1_2                                                                                  0.2679 5.8800  
        vga_mouse_square:core/if#3:or.itm                                                                                                                       0.0000 5.8800  
        vga_mouse_square:core/reg(lor.lpi#1.dfm#1)                  mgc_reg_pos_1_1_0_0_0_1_1                                                                   0.0000 5.8800  
                                                                                                                                                                               
      9                                                             vga_mouse_square:core/video_in:rsc:mgc_in_wire.d vga_mouse_square:core/reg(lor.lpi#1.dfm#1) 5.8800 14.1200 
                                                                                                                                                                               
        Instance                                                    Component                                                                                   Delta  Delay   
        --------                                                    ---------                                                                                   -----  -----   
        vga_mouse_square:core/video_in:rsc:mgc_in_wire.d                                                                                                        0.0000 0.0000  
        vga_mouse_square:core/slc(video_in:rsc:mgc_in_wire.d)#1                                                                                                 0.0000 0.0000  
        vga_mouse_square:core/slc(video_in:rsc:mgc_in_wire.d)#1.itm                                                                                             0.0000 0.0000  
        vga_mouse_square:core/if:if:acc#4                           mgc_add_9_0_9_1_10                                                                          1.0706 1.0706  
        vga_mouse_square:core/if:if:acc#5                                                                                                                       0.0000 1.0706  
        vga_mouse_square:core/if:aif:slc                                                                                                                        0.0000 1.0706  
        vga_mouse_square:core/if:aif:slc.itm                                                                                                                    0.0000 1.0706  
        vga_mouse_square:core/nand#4                                mgc_nand_1_2                                                                                0.2679 1.3385  
        vga_mouse_square:core/nand#4.itm                                                                                                                        0.0000 1.3385  
        vga_mouse_square:core/or#16                                 mgc_or_1_4                                                                                  0.5358 1.8743  
        vga_mouse_square:core/or#16.itm                                                                                                                         0.0000 1.8743  
        vga_mouse_square:core/mux#9                                 mgc_mux_10_1_2                                                                              0.3690 2.2432  
        vga_mouse_square:core/right_red_x#1.sva.dfm#3:mx0                                                                                                       0.0000 2.2432  
        vga_mouse_square:core/right_red_x:not                       mgc_not_10                                                                                  0.0000 2.2432  
        vga_mouse_square:core/right_red_x:not.itm                                                                                                               0.0000 2.2432  
        vga_mouse_square:core/oelse:acc#5                           mgc_add_10_0_10_0_11                                                                        1.3014 3.5447  
        vga_mouse_square:core/oelse:acc#5.itm                                                                                                                   0.0000 3.5447  
        vga_mouse_square:core/oelse:acc                             mgc_add_12_0_11_0_12                                                                        1.4360 4.9806  
        vga_mouse_square:core/oelse:acc.itm                                                                                                                     0.0000 4.9806  
        vga_mouse_square:core/oelse:slc                                                                                                                         0.0000 4.9806  
        vga_mouse_square:core/oelse:slc.itm                                                                                                                     0.0000 4.9806  
        vga_mouse_square:core/mux#12                                mgc_mux_1_1_2                                                                               0.3690 5.3496  
        vga_mouse_square:core/oelse:slc.svs:mx0                                                                                                                 0.0000 5.3496  
        vga_mouse_square:core/oelse:and                             mgc_and_1_2                                                                                 0.2625 5.6121  
        vga_mouse_square:core/oelse:and.itm                                                                                                                     0.0000 5.6121  
        vga_mouse_square:core/if#3:or                               mgc_or_1_2                                                                                  0.2679 5.8800  
        vga_mouse_square:core/if#3:or.itm                                                                                                                       0.0000 5.8800  
        vga_mouse_square:core/reg(lor.lpi#1.dfm#1)                  mgc_reg_pos_1_1_0_0_0_1_1                                                                   0.0000 5.8800  
                                                                                                                                                                               
      10                                                            vga_mouse_square:core/video_in:rsc:mgc_in_wire.d vga_mouse_square:core/reg(lor.lpi#1.dfm#1) 5.8088 14.1912 
                                                                                                                                                                               
        Instance                                                    Component                                                                                   Delta  Delay   
        --------                                                    ---------                                                                                   -----  -----   
        vga_mouse_square:core/video_in:rsc:mgc_in_wire.d                                                                                                        0.0000 0.0000  
        vga_mouse_square:core/slc(video_in:rsc:mgc_in_wire.d)#2                                                                                                 0.0000 0.0000  
        vga_mouse_square:core/slc(video_in:rsc:mgc_in_wire.d)#2.itm                                                                                             0.0000 0.0000  
        vga_mouse_square:core/if:not#1                              mgc_not_10                                                                                  0.0000 0.0000  
        vga_mouse_square:core/if:not#1.itm                                                                                                                      0.0000 0.0000  
        vga_mouse_square:core/conc#23                                                                                                                           0.0000 0.0000  
        vga_mouse_square:core/conc#23.itm                                                                                                                       0.0000 0.0000  
        vga_mouse_square:core/if:acc#1                              mgc_add_11_0_11_0_11                                                                        1.3684 1.3684  
        vga_mouse_square:core/if:acc#2                                                                                                                          0.0000 1.3684  
        vga_mouse_square:core/if:slc                                                                                                                            0.0000 1.3684  
        vga_mouse_square:core/if:slc.itm                                                                                                                        0.0000 1.3684  
        vga_mouse_square:core/nand#4                                mgc_nand_1_2                                                                                0.2679 1.6363  
        vga_mouse_square:core/nand#4.itm                                                                                                                        0.0000 1.6363  
        vga_mouse_square:core/or#16                                 mgc_or_1_4                                                                                  0.5358 2.1721  
        vga_mouse_square:core/or#16.itm                                                                                                                         0.0000 2.1721  
        vga_mouse_square:core/mux#9                                 mgc_mux_10_1_2                                                                              0.3690 2.5410  
        vga_mouse_square:core/right_red_x#1.sva.dfm#3:mx0                                                                                                       0.0000 2.5410  
        vga_mouse_square:core/oelse:asn#1                                                                                                                       0.0000 2.5410  
        vga_mouse_square:core/oelse:asn#1.itm                                                                                                                   0.0000 2.5410  
        vga_mouse_square:core/oelse:acc#6                           mgc_add_10_0_10_0_11                                                                        1.3014 3.8425  
        vga_mouse_square:core/oelse:acc#6.itm                                                                                                                   0.0000 3.8425  
        vga_mouse_square:core/oelse:acc#4                           mgc_add_12_0_11_0_12                                                                        1.4360 5.2784  
        vga_mouse_square:core/oelse:acc#4.itm                                                                                                                   0.0000 5.2784  
        vga_mouse_square:core/oelse:aif:slc                                                                                                                     0.0000 5.2784  
        vga_mouse_square:core/oelse:aif:slc.itm                                                                                                                 0.0000 5.2784  
        vga_mouse_square:core/oelse:and                             mgc_and_1_2                                                                                 0.2625 5.5409  
        vga_mouse_square:core/oelse:and.itm                                                                                                                     0.0000 5.5409  
        vga_mouse_square:core/if#3:or                               mgc_or_1_2                                                                                  0.2679 5.8088  
        vga_mouse_square:core/if#3:or.itm                                                                                                                       0.0000 5.8088  
        vga_mouse_square:core/reg(lor.lpi#1.dfm#1)                  mgc_reg_pos_1_1_0_0_0_1_1                                                                   0.0000 5.8088  
                                                                                                                                                                               
      
    Register Input and Register-to-Output Slack
      Clock period or pin-to-reg delay constraint (clk): 20.0
      Clock uncertainty constraint (clk)               : 0.0
      
      Instance                                                       Port                                  Slack (Delay) Messages 
      -------------------------------------------------------------- ----------------------------------- ------- ------- --------
      vga_mouse_square:core/reg(video_out:rsc:mgc_out_stdreg.d)      mux#2.itm                           16.0530  3.9470          
      vga_mouse_square:core/reg(y_red:rsc:mgc_out_stdreg.d)          mux#3.itm                           19.6310  0.3690          
      vga_mouse_square:core/reg(red_right_x:rsc:mgc_out_stdreg.d)    mux#4.itm                           19.6310  0.3690          
      vga_mouse_square:core/reg(red_left_x:rsc:mgc_out_stdreg.d)     mux#5.itm                           19.6310  0.3690          
      vga_mouse_square:core/reg(io_read(video_in:rsc.d).cse.sva#1)   video_in:rsc:mgc_in_wire.d          13.8222  6.1778          
      vga_mouse_square:core/reg(red_y#1.sva.dfm#2)                   mux#8.itm                           17.8380  2.1620          
      vga_mouse_square:core/reg(io_read(vga_xy:rsc.d).cse.sva#1.sg1) slc(vga_xy:rsc:mgc_in_wire.d)#4.itm 20.0000  0.0000          
      vga_mouse_square:core/reg(right_red_x#1.sva.dfm#3)             right_red_x#1.sva.dfm#3:mx0         13.8222  6.1778          
      vga_mouse_square:core/reg(left_red_x#1.sva.dfm#2)              left_red_x#1.sva.dfm#2:mx0          13.9388  6.0612          
      vga_mouse_square:core/reg(lor.lpi#1.dfm#1)                     if#3:or.itm                         13.8222  6.1778          
      vga_mouse_square:core/reg(detected_red_right#1.sva)            mux#11.itm                          17.2097  2.7903          
      vga_mouse_square:core/reg(oelse:slc.svs)                       oelse:slc.svs:mx0                   13.8222  6.1778          
      vga_mouse_square:core/reg(detected_red_left#1.sva)             mux#13.itm                          17.5787  2.4213          
      vga_mouse_square:core/reg(main.stage_0#2)                      C4194303_22#7                       20.0000  0.0000          
      vga_mouse_square                                               red_left_x:rsc.z                    20.0000  0.0000          
      vga_mouse_square                                               red_right_x:rsc.z                   20.0000  0.0000          
      vga_mouse_square                                               y_red:rsc.z                         20.0000  0.0000          
      vga_mouse_square                                               video_out:rsc.z                     20.0000  0.0000          
      
  Operator Bitwidth Summary
    Operation  Size (bits) Count 
    ---------- ----------- -----
    add                          
    -                   12     6 
    -                   11     9 
    -                   10     4 
    -                    9     1 
    and                          
    -                    3     3 
    -                    2     9 
    mux                          
    -                    1    11 
    nand                         
    -                    2     3 
    nor                          
    -                    2     2 
    not                          
    -                   10     9 
    -                    1     5 
    or                           
    -                    4     1 
    -                    3     2 
    -                    2     5 
    read_port                    
    -                   30     1 
    -                   20     1 
    reg                          
    -                   30     2 
    -                   10     7 
    -                    1     5 
    write_port                   
    -                   30     1 
    -                   10     3 
    
  End of Report
